--------------- Clean Started: 01/29/2017 14:01:17 Project: USBFS_UART01, Configuration: ARM GCC 4.9-2015-q1-update Debug ---------------
Deleting file ".\ARM_GCC_493\Debug\main.o"
Deleting file ".\ARM_GCC_493\Debug\cyfitter_cfg.o"
Deleting file ".\ARM_GCC_493\Debug\cymetadata.o"
Deleting file ".\ARM_GCC_493\Debug\USBUART.o"
Deleting file ".\ARM_GCC_493\Debug\USBUART_audio.o"
Deleting file ".\ARM_GCC_493\Debug\USBUART_boot.o"
Deleting file ".\ARM_GCC_493\Debug\USBUART_cdc.o"
Deleting file ".\ARM_GCC_493\Debug\USBUART_cls.o"
Deleting file ".\ARM_GCC_493\Debug\USBUART_descr.o"
Deleting file ".\ARM_GCC_493\Debug\USBUART_drv.o"
Deleting file ".\ARM_GCC_493\Debug\USBUART_episr.o"
Deleting file ".\ARM_GCC_493\Debug\USBUART_hid.o"
Deleting file ".\ARM_GCC_493\Debug\USBUART_pm.o"
Deleting file ".\ARM_GCC_493\Debug\USBUART_std.o"
Deleting file ".\ARM_GCC_493\Debug\USBUART_vnd.o"
Deleting file ".\ARM_GCC_493\Debug\USBUART_midi.o"
Deleting file ".\ARM_GCC_493\Debug\USBUART_msc.o"
Deleting file ".\ARM_GCC_493\Debug\USBUART_Dp.o"
Deleting file ".\ARM_GCC_493\Debug\USBUART_Dp_PM.o"
Deleting file ".\ARM_GCC_493\Debug\USBUART_Dm.o"
Deleting file ".\ARM_GCC_493\Debug\USBUART_Dm_PM.o"
Deleting file ".\ARM_GCC_493\Debug\Cm0Start.o"
Deleting file ".\ARM_GCC_493\Debug\CyBootAsmGnu.o"
Deleting file ".\ARM_GCC_493\Debug\CyFlash.o"
Deleting file ".\ARM_GCC_493\Debug\CyLib.o"
Deleting file ".\ARM_GCC_493\Debug\cyPm.o"
Deleting file ".\ARM_GCC_493\Debug\cyutils.o"
Deleting file ".\ARM_GCC_493\Debug\CyDMA.o"
Deleting file ".\ARM_GCC_493\Debug\CyLFClk.o"
Deleting file ".\ARM_GCC_493\Debug\USBFS_UART01.hex"
Deleting file ".\ARM_GCC_493\Debug\USBFS_UART01.elf"
Deleting file ".\ARM_GCC_493\Debug\USBFS_UART01.map"
Deleting file ".\USBFS_UART01.cycdx"
Deleting file ".\USBFS_UART01.svd"
Deleting file ".\USBFS_UART01.rpt"
Deleting file ".\USBFS_UART01_timing.html"
Deleting file ".\ARM_GCC_493\Debug\.deps\SOURCE_C__ARM_GCC_GENERIC.P"
Deleting file ".\ARM_GCC_493\Debug\.deps\SOURCE_ASM__ARM_GCC_GENERIC.P"
--------------- Clean Succeeded: 01/29/2017 14:01:17 ---------------
