ARM GAS  C:\Users\arh\AppData\Local\Temp\cccbqvuf.s 			page 1


   1              		.cpu cortex-m0
   2              		.fpu softvfp
   3              		.eabi_attribute 20, 1
   4              		.eabi_attribute 21, 1
   5              		.eabi_attribute 23, 3
   6              		.eabi_attribute 24, 1
   7              		.eabi_attribute 25, 1
   8              		.eabi_attribute 26, 1
   9              		.eabi_attribute 30, 6
  10              		.eabi_attribute 34, 0
  11              		.eabi_attribute 18, 4
  12              		.code	16
  13              		.file	"cyfitter_cfg.c"
  14              		.text
  15              	.Ltext0:
  16              		.cfi_sections	.debug_frame
  17              		.section	.text.CYMEMZERO,"ax",%progbits
  18              		.align	2
  19              		.code	16
  20              		.thumb_func
  21              		.type	CYMEMZERO, %function
  22              	CYMEMZERO:
  23              	.LFB1:
  24              		.file 1 "Generated_Source\\PSoC4\\cyfitter_cfg.c"
   1:Generated_Source\PSoC4/cyfitter_cfg.c **** /*******************************************************************************
   2:Generated_Source\PSoC4/cyfitter_cfg.c **** * File Name: cyfitter_cfg.c
   3:Generated_Source\PSoC4/cyfitter_cfg.c **** * 
   4:Generated_Source\PSoC4/cyfitter_cfg.c **** * PSoC Creator  4.0
   5:Generated_Source\PSoC4/cyfitter_cfg.c **** *
   6:Generated_Source\PSoC4/cyfitter_cfg.c **** * Description:
   7:Generated_Source\PSoC4/cyfitter_cfg.c **** * This file contains device initialization code.
   8:Generated_Source\PSoC4/cyfitter_cfg.c **** * Except for the user defined sections in CyClockStartupError(), this file should not be modified.
   9:Generated_Source\PSoC4/cyfitter_cfg.c **** * This file is automatically generated by PSoC Creator.
  10:Generated_Source\PSoC4/cyfitter_cfg.c **** *
  11:Generated_Source\PSoC4/cyfitter_cfg.c **** ********************************************************************************
  12:Generated_Source\PSoC4/cyfitter_cfg.c **** * Copyright (c) 2007-2016 Cypress Semiconductor.  All rights reserved.
  13:Generated_Source\PSoC4/cyfitter_cfg.c **** * You may use this file only in accordance with the license, terms, conditions, 
  14:Generated_Source\PSoC4/cyfitter_cfg.c **** * disclaimers, and limitations in the end user license agreement accompanying 
  15:Generated_Source\PSoC4/cyfitter_cfg.c **** * the software package with which this file was provided.
  16:Generated_Source\PSoC4/cyfitter_cfg.c **** ********************************************************************************/
  17:Generated_Source\PSoC4/cyfitter_cfg.c **** 
  18:Generated_Source\PSoC4/cyfitter_cfg.c **** #include <string.h>
  19:Generated_Source\PSoC4/cyfitter_cfg.c **** #include "cytypes.h"
  20:Generated_Source\PSoC4/cyfitter_cfg.c **** #include "cydevice_trm.h"
  21:Generated_Source\PSoC4/cyfitter_cfg.c **** #include "cyfitter.h"
  22:Generated_Source\PSoC4/cyfitter_cfg.c **** #include "CyLib.h"
  23:Generated_Source\PSoC4/cyfitter_cfg.c **** #include "cyfitter_cfg.h"
  24:Generated_Source\PSoC4/cyfitter_cfg.c **** #include "cyapicallbacks.h"
  25:Generated_Source\PSoC4/cyfitter_cfg.c **** 
  26:Generated_Source\PSoC4/cyfitter_cfg.c **** 
  27:Generated_Source\PSoC4/cyfitter_cfg.c **** #if defined(__GNUC__) || defined(__ARMCC_VERSION)
  28:Generated_Source\PSoC4/cyfitter_cfg.c ****     #define CYPACKED 
  29:Generated_Source\PSoC4/cyfitter_cfg.c ****     #define CYPACKED_ATTR __attribute__ ((packed))
  30:Generated_Source\PSoC4/cyfitter_cfg.c ****     #define CYALIGNED __attribute__ ((aligned))
  31:Generated_Source\PSoC4/cyfitter_cfg.c ****     #define CY_CFG_UNUSED __attribute__ ((unused))
  32:Generated_Source\PSoC4/cyfitter_cfg.c ****     #ifndef CY_CFG_SECTION
  33:Generated_Source\PSoC4/cyfitter_cfg.c ****         #define CY_CFG_SECTION __attribute__ ((section(".psocinit")))
ARM GAS  C:\Users\arh\AppData\Local\Temp\cccbqvuf.s 			page 2


  34:Generated_Source\PSoC4/cyfitter_cfg.c ****     #endif
  35:Generated_Source\PSoC4/cyfitter_cfg.c ****     
  36:Generated_Source\PSoC4/cyfitter_cfg.c ****     #if defined(__ARMCC_VERSION)
  37:Generated_Source\PSoC4/cyfitter_cfg.c ****         #define CY_CFG_MEMORY_BARRIER() __memory_changed()
  38:Generated_Source\PSoC4/cyfitter_cfg.c ****     #else
  39:Generated_Source\PSoC4/cyfitter_cfg.c ****         #define CY_CFG_MEMORY_BARRIER() __sync_synchronize()
  40:Generated_Source\PSoC4/cyfitter_cfg.c ****     #endif
  41:Generated_Source\PSoC4/cyfitter_cfg.c ****     
  42:Generated_Source\PSoC4/cyfitter_cfg.c **** #elif defined(__ICCARM__)
  43:Generated_Source\PSoC4/cyfitter_cfg.c ****     #include <intrinsics.h>
  44:Generated_Source\PSoC4/cyfitter_cfg.c **** 
  45:Generated_Source\PSoC4/cyfitter_cfg.c ****     #define CYPACKED __packed
  46:Generated_Source\PSoC4/cyfitter_cfg.c ****     #define CYPACKED_ATTR 
  47:Generated_Source\PSoC4/cyfitter_cfg.c ****     #define CYALIGNED _Pragma("data_alignment=4")
  48:Generated_Source\PSoC4/cyfitter_cfg.c ****     #define CY_CFG_UNUSED _Pragma("diag_suppress=Pe177")
  49:Generated_Source\PSoC4/cyfitter_cfg.c ****     #define CY_CFG_SECTION _Pragma("location=\".psocinit\"")
  50:Generated_Source\PSoC4/cyfitter_cfg.c ****     
  51:Generated_Source\PSoC4/cyfitter_cfg.c ****     #define CY_CFG_MEMORY_BARRIER() __DMB()
  52:Generated_Source\PSoC4/cyfitter_cfg.c ****     
  53:Generated_Source\PSoC4/cyfitter_cfg.c **** #else
  54:Generated_Source\PSoC4/cyfitter_cfg.c ****     #error Unsupported toolchain
  55:Generated_Source\PSoC4/cyfitter_cfg.c **** #endif
  56:Generated_Source\PSoC4/cyfitter_cfg.c **** 
  57:Generated_Source\PSoC4/cyfitter_cfg.c **** 
  58:Generated_Source\PSoC4/cyfitter_cfg.c **** CY_CFG_UNUSED
  59:Generated_Source\PSoC4/cyfitter_cfg.c **** static void CYMEMZERO(void *s, size_t n);
  60:Generated_Source\PSoC4/cyfitter_cfg.c **** CY_CFG_UNUSED
  61:Generated_Source\PSoC4/cyfitter_cfg.c **** static void CYMEMZERO(void *s, size_t n)
  62:Generated_Source\PSoC4/cyfitter_cfg.c **** {
  25              		.loc 1 62 0
  26              		.cfi_startproc
  27 0000 80B5     		push	{r7, lr}
  28              		.cfi_def_cfa_offset 8
  29              		.cfi_offset 7, -8
  30              		.cfi_offset 14, -4
  31 0002 82B0     		sub	sp, sp, #8
  32              		.cfi_def_cfa_offset 16
  33 0004 00AF     		add	r7, sp, #0
  34              		.cfi_def_cfa_register 7
  35 0006 7860     		str	r0, [r7, #4]
  36 0008 3960     		str	r1, [r7]
  63:Generated_Source\PSoC4/cyfitter_cfg.c **** 	(void)memset(s, 0, n);
  37              		.loc 1 63 0
  38 000a 7A68     		ldr	r2, [r7, #4]
  39 000c 3B68     		ldr	r3, [r7]
  40 000e 101C     		mov	r0, r2
  41 0010 0021     		mov	r1, #0
  42 0012 1A1C     		mov	r2, r3
  43 0014 FFF7FEFF 		bl	memset
  64:Generated_Source\PSoC4/cyfitter_cfg.c **** }
  44              		.loc 1 64 0
  45 0018 BD46     		mov	sp, r7
  46 001a 02B0     		add	sp, sp, #8
  47              		@ sp needed
  48 001c 80BD     		pop	{r7, pc}
  49              		.cfi_endproc
  50              	.LFE1:
ARM GAS  C:\Users\arh\AppData\Local\Temp\cccbqvuf.s 			page 3


  51              		.size	CYMEMZERO, .-CYMEMZERO
  52 001e C046     		.section	.text.CYCONFIGCPY,"ax",%progbits
  53              		.align	2
  54              		.code	16
  55              		.thumb_func
  56              		.type	CYCONFIGCPY, %function
  57              	CYCONFIGCPY:
  58              	.LFB2:
  65:Generated_Source\PSoC4/cyfitter_cfg.c **** CY_CFG_UNUSED
  66:Generated_Source\PSoC4/cyfitter_cfg.c **** static void CYCONFIGCPY(void *dest, const void *src, size_t n);
  67:Generated_Source\PSoC4/cyfitter_cfg.c **** CY_CFG_UNUSED
  68:Generated_Source\PSoC4/cyfitter_cfg.c **** static void CYCONFIGCPY(void *dest, const void *src, size_t n)
  69:Generated_Source\PSoC4/cyfitter_cfg.c **** {
  59              		.loc 1 69 0
  60              		.cfi_startproc
  61 0000 80B5     		push	{r7, lr}
  62              		.cfi_def_cfa_offset 8
  63              		.cfi_offset 7, -8
  64              		.cfi_offset 14, -4
  65 0002 84B0     		sub	sp, sp, #16
  66              		.cfi_def_cfa_offset 24
  67 0004 00AF     		add	r7, sp, #0
  68              		.cfi_def_cfa_register 7
  69 0006 F860     		str	r0, [r7, #12]
  70 0008 B960     		str	r1, [r7, #8]
  71 000a 7A60     		str	r2, [r7, #4]
  70:Generated_Source\PSoC4/cyfitter_cfg.c **** 	(void)memcpy(dest, src, n);
  72              		.loc 1 70 0
  73 000c F968     		ldr	r1, [r7, #12]
  74 000e BA68     		ldr	r2, [r7, #8]
  75 0010 7B68     		ldr	r3, [r7, #4]
  76 0012 081C     		mov	r0, r1
  77 0014 111C     		mov	r1, r2
  78 0016 1A1C     		mov	r2, r3
  79 0018 FFF7FEFF 		bl	memcpy
  71:Generated_Source\PSoC4/cyfitter_cfg.c **** }
  80              		.loc 1 71 0
  81 001c BD46     		mov	sp, r7
  82 001e 04B0     		add	sp, sp, #16
  83              		@ sp needed
  84 0020 80BD     		pop	{r7, pc}
  85              		.cfi_endproc
  86              	.LFE2:
  87              		.size	CYCONFIGCPY, .-CYCONFIGCPY
  88 0022 C046     		.section	.text.CYCONFIGCPYCODE,"ax",%progbits
  89              		.align	2
  90              		.code	16
  91              		.thumb_func
  92              		.type	CYCONFIGCPYCODE, %function
  93              	CYCONFIGCPYCODE:
  94              	.LFB3:
  72:Generated_Source\PSoC4/cyfitter_cfg.c **** CY_CFG_UNUSED
  73:Generated_Source\PSoC4/cyfitter_cfg.c **** static void CYCONFIGCPYCODE(void *dest, const void *src, size_t n);
  74:Generated_Source\PSoC4/cyfitter_cfg.c **** CY_CFG_UNUSED
  75:Generated_Source\PSoC4/cyfitter_cfg.c **** static void CYCONFIGCPYCODE(void *dest, const void *src, size_t n)
  76:Generated_Source\PSoC4/cyfitter_cfg.c **** {
  95              		.loc 1 76 0
ARM GAS  C:\Users\arh\AppData\Local\Temp\cccbqvuf.s 			page 4


  96              		.cfi_startproc
  97 0000 80B5     		push	{r7, lr}
  98              		.cfi_def_cfa_offset 8
  99              		.cfi_offset 7, -8
 100              		.cfi_offset 14, -4
 101 0002 84B0     		sub	sp, sp, #16
 102              		.cfi_def_cfa_offset 24
 103 0004 00AF     		add	r7, sp, #0
 104              		.cfi_def_cfa_register 7
 105 0006 F860     		str	r0, [r7, #12]
 106 0008 B960     		str	r1, [r7, #8]
 107 000a 7A60     		str	r2, [r7, #4]
  77:Generated_Source\PSoC4/cyfitter_cfg.c **** 	(void)memcpy(dest, src, n);
 108              		.loc 1 77 0
 109 000c F968     		ldr	r1, [r7, #12]
 110 000e BA68     		ldr	r2, [r7, #8]
 111 0010 7B68     		ldr	r3, [r7, #4]
 112 0012 081C     		mov	r0, r1
 113 0014 111C     		mov	r1, r2
 114 0016 1A1C     		mov	r2, r3
 115 0018 FFF7FEFF 		bl	memcpy
  78:Generated_Source\PSoC4/cyfitter_cfg.c **** }
 116              		.loc 1 78 0
 117 001c BD46     		mov	sp, r7
 118 001e 04B0     		add	sp, sp, #16
 119              		@ sp needed
 120 0020 80BD     		pop	{r7, pc}
 121              		.cfi_endproc
 122              	.LFE3:
 123              		.size	CYCONFIGCPYCODE, .-CYCONFIGCPYCODE
 124 0022 C046     		.section	.text.cfg_write_bytes32,"ax",%progbits
 125              		.align	2
 126              		.code	16
 127              		.thumb_func
 128              		.type	cfg_write_bytes32, %function
 129              	cfg_write_bytes32:
 130              	.LFB4:
  79:Generated_Source\PSoC4/cyfitter_cfg.c **** 
  80:Generated_Source\PSoC4/cyfitter_cfg.c **** 
  81:Generated_Source\PSoC4/cyfitter_cfg.c **** 
  82:Generated_Source\PSoC4/cyfitter_cfg.c **** 
  83:Generated_Source\PSoC4/cyfitter_cfg.c **** /* Clock startup error codes                                                   */
  84:Generated_Source\PSoC4/cyfitter_cfg.c **** #define CYCLOCKSTART_NO_ERROR    0u
  85:Generated_Source\PSoC4/cyfitter_cfg.c **** #define CYCLOCKSTART_XTAL_ERROR  1u
  86:Generated_Source\PSoC4/cyfitter_cfg.c **** #define CYCLOCKSTART_32KHZ_ERROR 2u
  87:Generated_Source\PSoC4/cyfitter_cfg.c **** #define CYCLOCKSTART_PLL_ERROR   3u
  88:Generated_Source\PSoC4/cyfitter_cfg.c **** 
  89:Generated_Source\PSoC4/cyfitter_cfg.c **** 
  90:Generated_Source\PSoC4/cyfitter_cfg.c **** #ifdef CY_NEED_CYCLOCKSTARTUPERROR
  91:Generated_Source\PSoC4/cyfitter_cfg.c **** /*******************************************************************************
  92:Generated_Source\PSoC4/cyfitter_cfg.c **** * Function Name: CyClockStartupError
  93:Generated_Source\PSoC4/cyfitter_cfg.c **** ********************************************************************************
  94:Generated_Source\PSoC4/cyfitter_cfg.c **** * Summary:
  95:Generated_Source\PSoC4/cyfitter_cfg.c **** *  If an error is encountered during clock configuration (crystal startup error,
  96:Generated_Source\PSoC4/cyfitter_cfg.c **** *  PLL lock error, etc.), the system will end up here.  Unless reimplemented by
  97:Generated_Source\PSoC4/cyfitter_cfg.c **** *  the customer, this function will stop in an infinite loop.
  98:Generated_Source\PSoC4/cyfitter_cfg.c **** *
ARM GAS  C:\Users\arh\AppData\Local\Temp\cccbqvuf.s 			page 5


  99:Generated_Source\PSoC4/cyfitter_cfg.c **** * Parameters:
 100:Generated_Source\PSoC4/cyfitter_cfg.c **** *   void
 101:Generated_Source\PSoC4/cyfitter_cfg.c **** *
 102:Generated_Source\PSoC4/cyfitter_cfg.c **** * Return:
 103:Generated_Source\PSoC4/cyfitter_cfg.c **** *   void
 104:Generated_Source\PSoC4/cyfitter_cfg.c **** *
 105:Generated_Source\PSoC4/cyfitter_cfg.c **** *******************************************************************************/
 106:Generated_Source\PSoC4/cyfitter_cfg.c **** CY_CFG_UNUSED
 107:Generated_Source\PSoC4/cyfitter_cfg.c **** static void CyClockStartupError(uint8 errorCode);
 108:Generated_Source\PSoC4/cyfitter_cfg.c **** CY_CFG_UNUSED
 109:Generated_Source\PSoC4/cyfitter_cfg.c **** static void CyClockStartupError(uint8 errorCode)
 110:Generated_Source\PSoC4/cyfitter_cfg.c **** {
 111:Generated_Source\PSoC4/cyfitter_cfg.c ****     /* To remove the compiler warning if errorCode not used.                */
 112:Generated_Source\PSoC4/cyfitter_cfg.c ****     errorCode = errorCode;
 113:Generated_Source\PSoC4/cyfitter_cfg.c **** 
 114:Generated_Source\PSoC4/cyfitter_cfg.c ****     /* If we have a clock startup error (bad MHz crystal, PLL lock, etc.),  */
 115:Generated_Source\PSoC4/cyfitter_cfg.c ****     /* we will end up here to allow the customer to implement something to  */
 116:Generated_Source\PSoC4/cyfitter_cfg.c ****     /* deal with the clock condition.                                       */
 117:Generated_Source\PSoC4/cyfitter_cfg.c **** 
 118:Generated_Source\PSoC4/cyfitter_cfg.c **** #ifdef CY_CFG_CLOCK_STARTUP_ERROR_CALLBACK
 119:Generated_Source\PSoC4/cyfitter_cfg.c **** 	CY_CFG_Clock_Startup_ErrorCallback();
 120:Generated_Source\PSoC4/cyfitter_cfg.c **** #else
 121:Generated_Source\PSoC4/cyfitter_cfg.c **** 	/*  If not using CY_CFG_CLOCK_STARTUP_ERROR_CALLBACK, place your clock startup code here. */
 122:Generated_Source\PSoC4/cyfitter_cfg.c ****     /* `#START CyClockStartupError` */
 123:Generated_Source\PSoC4/cyfitter_cfg.c **** 
 124:Generated_Source\PSoC4/cyfitter_cfg.c **** 
 125:Generated_Source\PSoC4/cyfitter_cfg.c **** 
 126:Generated_Source\PSoC4/cyfitter_cfg.c ****     /* `#END` */
 127:Generated_Source\PSoC4/cyfitter_cfg.c **** 
 128:Generated_Source\PSoC4/cyfitter_cfg.c ****     /* If nothing else, stop here since the clocks have not started         */
 129:Generated_Source\PSoC4/cyfitter_cfg.c ****     /* correctly.                                                           */
 130:Generated_Source\PSoC4/cyfitter_cfg.c ****     while(1) {}
 131:Generated_Source\PSoC4/cyfitter_cfg.c **** #endif /* CY_CFG_CLOCK_STARTUP_ERROR_CALLBACK */ 
 132:Generated_Source\PSoC4/cyfitter_cfg.c **** }
 133:Generated_Source\PSoC4/cyfitter_cfg.c **** #endif
 134:Generated_Source\PSoC4/cyfitter_cfg.c **** 
 135:Generated_Source\PSoC4/cyfitter_cfg.c **** #define CY_CFG_BASE_ADDR_COUNT 6u
 136:Generated_Source\PSoC4/cyfitter_cfg.c **** CYPACKED typedef struct
 137:Generated_Source\PSoC4/cyfitter_cfg.c **** {
 138:Generated_Source\PSoC4/cyfitter_cfg.c **** 	uint8 offset;
 139:Generated_Source\PSoC4/cyfitter_cfg.c **** 	uint8 value;
 140:Generated_Source\PSoC4/cyfitter_cfg.c **** } CYPACKED_ATTR cy_cfg_addrvalue_t;
 141:Generated_Source\PSoC4/cyfitter_cfg.c **** 
 142:Generated_Source\PSoC4/cyfitter_cfg.c **** 
 143:Generated_Source\PSoC4/cyfitter_cfg.c **** 
 144:Generated_Source\PSoC4/cyfitter_cfg.c **** /*******************************************************************************
 145:Generated_Source\PSoC4/cyfitter_cfg.c **** * Function Name: cfg_write_bytes32
 146:Generated_Source\PSoC4/cyfitter_cfg.c **** ********************************************************************************
 147:Generated_Source\PSoC4/cyfitter_cfg.c **** * Summary:
 148:Generated_Source\PSoC4/cyfitter_cfg.c **** *  This function is used for setting up the chip configuration areas that
 149:Generated_Source\PSoC4/cyfitter_cfg.c **** *  contain relatively sparse data.
 150:Generated_Source\PSoC4/cyfitter_cfg.c **** *
 151:Generated_Source\PSoC4/cyfitter_cfg.c **** * Parameters:
 152:Generated_Source\PSoC4/cyfitter_cfg.c **** *   void
 153:Generated_Source\PSoC4/cyfitter_cfg.c **** *
 154:Generated_Source\PSoC4/cyfitter_cfg.c **** * Return:
 155:Generated_Source\PSoC4/cyfitter_cfg.c **** *   void
ARM GAS  C:\Users\arh\AppData\Local\Temp\cccbqvuf.s 			page 6


 156:Generated_Source\PSoC4/cyfitter_cfg.c **** *
 157:Generated_Source\PSoC4/cyfitter_cfg.c **** *******************************************************************************/
 158:Generated_Source\PSoC4/cyfitter_cfg.c **** static void cfg_write_bytes32(const uint32 addr_table[], const cy_cfg_addrvalue_t data_table[]);
 159:Generated_Source\PSoC4/cyfitter_cfg.c **** static void cfg_write_bytes32(const uint32 addr_table[], const cy_cfg_addrvalue_t data_table[])
 160:Generated_Source\PSoC4/cyfitter_cfg.c **** {
 131              		.loc 1 160 0
 132              		.cfi_startproc
 133 0000 80B5     		push	{r7, lr}
 134              		.cfi_def_cfa_offset 8
 135              		.cfi_offset 7, -8
 136              		.cfi_offset 14, -4
 137 0002 86B0     		sub	sp, sp, #24
 138              		.cfi_def_cfa_offset 32
 139 0004 00AF     		add	r7, sp, #0
 140              		.cfi_def_cfa_register 7
 141 0006 7860     		str	r0, [r7, #4]
 142 0008 3960     		str	r1, [r7]
 161:Generated_Source\PSoC4/cyfitter_cfg.c **** 	/* For 32-bit little-endian architectures */
 162:Generated_Source\PSoC4/cyfitter_cfg.c **** 	uint32 i, j = 0u;
 143              		.loc 1 162 0
 144 000a 0023     		mov	r3, #0
 145 000c 3B61     		str	r3, [r7, #16]
 163:Generated_Source\PSoC4/cyfitter_cfg.c **** 	for (i = 0u; i < CY_CFG_BASE_ADDR_COUNT; i++)
 146              		.loc 1 163 0
 147 000e 0023     		mov	r3, #0
 148 0010 7B61     		str	r3, [r7, #20]
 149 0012 2FE0     		b	.L5
 150              	.L8:
 151              	.LBB2:
 164:Generated_Source\PSoC4/cyfitter_cfg.c **** 	{
 165:Generated_Source\PSoC4/cyfitter_cfg.c **** 		uint32 baseAddr = addr_table[i];
 152              		.loc 1 165 0
 153 0014 7B69     		ldr	r3, [r7, #20]
 154 0016 9B00     		lsl	r3, r3, #2
 155 0018 7A68     		ldr	r2, [r7, #4]
 156 001a D318     		add	r3, r2, r3
 157 001c 1B68     		ldr	r3, [r3]
 158 001e BB60     		str	r3, [r7, #8]
 166:Generated_Source\PSoC4/cyfitter_cfg.c **** 		uint8 count = (uint8)baseAddr;
 159              		.loc 1 166 0
 160 0020 0F23     		mov	r3, #15
 161 0022 FB18     		add	r3, r7, r3
 162 0024 BA68     		ldr	r2, [r7, #8]
 163 0026 1A70     		strb	r2, [r3]
 167:Generated_Source\PSoC4/cyfitter_cfg.c **** 		baseAddr &= 0xFFFFFF00u;
 164              		.loc 1 167 0
 165 0028 BB68     		ldr	r3, [r7, #8]
 166 002a FF22     		mov	r2, #255
 167 002c 9343     		bic	r3, r2
 168 002e BB60     		str	r3, [r7, #8]
 168:Generated_Source\PSoC4/cyfitter_cfg.c **** 		while (count != 0u)
 169              		.loc 1 168 0
 170 0030 18E0     		b	.L6
 171              	.L7:
 169:Generated_Source\PSoC4/cyfitter_cfg.c **** 		{
 170:Generated_Source\PSoC4/cyfitter_cfg.c **** 			CY_SET_XTND_REG8((void CYFAR *)(baseAddr + data_table[j].offset), data_table[j].value);
 172              		.loc 1 170 0
ARM GAS  C:\Users\arh\AppData\Local\Temp\cccbqvuf.s 			page 7


 173 0032 3B69     		ldr	r3, [r7, #16]
 174 0034 5B00     		lsl	r3, r3, #1
 175 0036 3A68     		ldr	r2, [r7]
 176 0038 D318     		add	r3, r2, r3
 177 003a 1B78     		ldrb	r3, [r3]
 178 003c 1A1C     		mov	r2, r3
 179 003e BB68     		ldr	r3, [r7, #8]
 180 0040 D318     		add	r3, r2, r3
 181 0042 191C     		mov	r1, r3
 182 0044 3B69     		ldr	r3, [r7, #16]
 183 0046 5B00     		lsl	r3, r3, #1
 184 0048 3A68     		ldr	r2, [r7]
 185 004a D318     		add	r3, r2, r3
 186 004c 5B78     		ldrb	r3, [r3, #1]
 187 004e 0B70     		strb	r3, [r1]
 171:Generated_Source\PSoC4/cyfitter_cfg.c **** 			j++;
 188              		.loc 1 171 0
 189 0050 3B69     		ldr	r3, [r7, #16]
 190 0052 0133     		add	r3, r3, #1
 191 0054 3B61     		str	r3, [r7, #16]
 172:Generated_Source\PSoC4/cyfitter_cfg.c **** 			count--;
 192              		.loc 1 172 0
 193 0056 0F23     		mov	r3, #15
 194 0058 FB18     		add	r3, r7, r3
 195 005a 1A78     		ldrb	r2, [r3]
 196 005c 0F23     		mov	r3, #15
 197 005e FB18     		add	r3, r7, r3
 198 0060 013A     		sub	r2, r2, #1
 199 0062 1A70     		strb	r2, [r3]
 200              	.L6:
 168:Generated_Source\PSoC4/cyfitter_cfg.c **** 		{
 201              		.loc 1 168 0
 202 0064 0F23     		mov	r3, #15
 203 0066 FB18     		add	r3, r7, r3
 204 0068 1B78     		ldrb	r3, [r3]
 205 006a 002B     		cmp	r3, #0
 206 006c E1D1     		bne	.L7
 207              	.LBE2:
 163:Generated_Source\PSoC4/cyfitter_cfg.c **** 	{
 208              		.loc 1 163 0 discriminator 2
 209 006e 7B69     		ldr	r3, [r7, #20]
 210 0070 0133     		add	r3, r3, #1
 211 0072 7B61     		str	r3, [r7, #20]
 212              	.L5:
 163:Generated_Source\PSoC4/cyfitter_cfg.c **** 	{
 213              		.loc 1 163 0 is_stmt 0 discriminator 1
 214 0074 7B69     		ldr	r3, [r7, #20]
 215 0076 052B     		cmp	r3, #5
 216 0078 CCD9     		bls	.L8
 173:Generated_Source\PSoC4/cyfitter_cfg.c **** 		}
 174:Generated_Source\PSoC4/cyfitter_cfg.c **** 	}
 175:Generated_Source\PSoC4/cyfitter_cfg.c **** }
 217              		.loc 1 175 0 is_stmt 1
 218 007a BD46     		mov	sp, r7
 219 007c 06B0     		add	sp, sp, #24
 220              		@ sp needed
 221 007e 80BD     		pop	{r7, pc}
ARM GAS  C:\Users\arh\AppData\Local\Temp\cccbqvuf.s 			page 8


 222              		.cfi_endproc
 223              	.LFE4:
 224              		.size	cfg_write_bytes32, .-cfg_write_bytes32
 225              		.section	.psocinit,"ax",%progbits
 226              		.align	2
 227              		.code	16
 228              		.thumb_func
 229              		.type	ClockSetup, %function
 230              	ClockSetup:
 231              	.LFB5:
 176:Generated_Source\PSoC4/cyfitter_cfg.c **** 
 177:Generated_Source\PSoC4/cyfitter_cfg.c **** 
 178:Generated_Source\PSoC4/cyfitter_cfg.c **** /*******************************************************************************
 179:Generated_Source\PSoC4/cyfitter_cfg.c **** * Function Name: ClockSetup
 180:Generated_Source\PSoC4/cyfitter_cfg.c **** ********************************************************************************
 181:Generated_Source\PSoC4/cyfitter_cfg.c **** *
 182:Generated_Source\PSoC4/cyfitter_cfg.c **** * Summary:
 183:Generated_Source\PSoC4/cyfitter_cfg.c **** *   Performs the initialization of all of the clocks in the device based on the
 184:Generated_Source\PSoC4/cyfitter_cfg.c **** *   settings in the Clock tab of the DWR.  This includes enabling the requested
 185:Generated_Source\PSoC4/cyfitter_cfg.c **** *   clocks and setting the necessary dividers to produce the desired frequency. 
 186:Generated_Source\PSoC4/cyfitter_cfg.c **** *
 187:Generated_Source\PSoC4/cyfitter_cfg.c **** * Parameters:
 188:Generated_Source\PSoC4/cyfitter_cfg.c **** *   void
 189:Generated_Source\PSoC4/cyfitter_cfg.c **** *
 190:Generated_Source\PSoC4/cyfitter_cfg.c **** * Return:
 191:Generated_Source\PSoC4/cyfitter_cfg.c **** *   void
 192:Generated_Source\PSoC4/cyfitter_cfg.c **** *
 193:Generated_Source\PSoC4/cyfitter_cfg.c **** *******************************************************************************/
 194:Generated_Source\PSoC4/cyfitter_cfg.c **** static void ClockSetup(void);
 195:Generated_Source\PSoC4/cyfitter_cfg.c **** CY_CFG_SECTION
 196:Generated_Source\PSoC4/cyfitter_cfg.c **** static void ClockSetup(void)
 197:Generated_Source\PSoC4/cyfitter_cfg.c **** {
 232              		.loc 1 197 0
 233              		.cfi_startproc
 234 0000 80B5     		push	{r7, lr}
 235              		.cfi_def_cfa_offset 8
 236              		.cfi_offset 7, -8
 237              		.cfi_offset 14, -4
 238 0002 00AF     		add	r7, sp, #0
 239              		.cfi_def_cfa_register 7
 198:Generated_Source\PSoC4/cyfitter_cfg.c **** 
 199:Generated_Source\PSoC4/cyfitter_cfg.c **** 	/* Set Flash Cycles based on max possible frequency in case a glitch occurs during ClockSetup(). *
 200:Generated_Source\PSoC4/cyfitter_cfg.c **** 	CY_SET_REG32((void CYXDATA *)(CYREG_CPUSS_FLASH_CTL), (0x0012u));
 240              		.loc 1 200 0
 241 0004 0B4B     		ldr	r3, .L10
 242 0006 1222     		mov	r2, #18
 243 0008 1A60     		str	r2, [r3]
 201:Generated_Source\PSoC4/cyfitter_cfg.c **** 	CySysClkImoEnableUsbLock();
 244              		.loc 1 201 0
 245 000a FFF7FEFF 		bl	CySysClkImoEnableUsbLock
 202:Generated_Source\PSoC4/cyfitter_cfg.c **** 	/* Setup and trim IMO based on desired frequency. */
 203:Generated_Source\PSoC4/cyfitter_cfg.c **** 	CySysClkWriteImoFreq(48u);
 246              		.loc 1 203 0
 247 000e 3020     		mov	r0, #48
 248 0010 FFF7FEFF 		bl	CySysClkWriteImoFreq
 204:Generated_Source\PSoC4/cyfitter_cfg.c **** 	/* CYDEV_CLK_ILO_CONFIG Starting address: CYDEV_CLK_ILO_CONFIG */
 205:Generated_Source\PSoC4/cyfitter_cfg.c **** 	CY_SET_XTND_REG32((void CYFAR *)(CYREG_CLK_ILO_CONFIG), 0x80000006u);
ARM GAS  C:\Users\arh\AppData\Local\Temp\cccbqvuf.s 			page 9


 249              		.loc 1 205 0
 250 0014 084B     		ldr	r3, .L10+4
 251 0016 094A     		ldr	r2, .L10+8
 252 0018 1A60     		str	r2, [r3]
 206:Generated_Source\PSoC4/cyfitter_cfg.c **** 
 207:Generated_Source\PSoC4/cyfitter_cfg.c **** 
 208:Generated_Source\PSoC4/cyfitter_cfg.c **** 	/* Setup phase aligned clocks */
 209:Generated_Source\PSoC4/cyfitter_cfg.c **** 
 210:Generated_Source\PSoC4/cyfitter_cfg.c **** 	/* CYDEV_CLK_IMO_CONFIG Starting address: CYDEV_CLK_IMO_CONFIG */
 211:Generated_Source\PSoC4/cyfitter_cfg.c **** 	CY_SET_XTND_REG32((void CYFAR *)(CYREG_CLK_IMO_CONFIG), 0x80000000u);
 253              		.loc 1 211 0
 254 001a 094B     		ldr	r3, .L10+12
 255 001c 8022     		mov	r2, #128
 256 001e 1206     		lsl	r2, r2, #24
 257 0020 1A60     		str	r2, [r3]
 212:Generated_Source\PSoC4/cyfitter_cfg.c **** 
 213:Generated_Source\PSoC4/cyfitter_cfg.c **** 	/* CYDEV_CLK_SELECT Starting address: CYDEV_CLK_SELECT */
 214:Generated_Source\PSoC4/cyfitter_cfg.c **** 	CY_SET_XTND_REG32((void CYFAR *)(CYREG_CLK_SELECT), 0x00040000u);
 258              		.loc 1 214 0
 259 0022 084B     		ldr	r3, .L10+16
 260 0024 8022     		mov	r2, #128
 261 0026 D202     		lsl	r2, r2, #11
 262 0028 1A60     		str	r2, [r3]
 215:Generated_Source\PSoC4/cyfitter_cfg.c **** 
 216:Generated_Source\PSoC4/cyfitter_cfg.c **** 	CY_SET_XTND_REG32((void CYFAR *)(CYREG_WDT_CONFIG), 0x00000000u);
 263              		.loc 1 216 0
 264 002a 074B     		ldr	r3, .L10+20
 265 002c 0022     		mov	r2, #0
 266 002e 1A60     		str	r2, [r3]
 217:Generated_Source\PSoC4/cyfitter_cfg.c **** }
 267              		.loc 1 217 0
 268 0030 BD46     		mov	sp, r7
 269              		@ sp needed
 270 0032 80BD     		pop	{r7, pc}
 271              	.L11:
 272              		.align	2
 273              	.L10:
 274 0034 30001040 		.word	1074790448
 275 0038 04010B40 		.word	1074462980
 276 003c 06000080 		.word	-2147483642
 277 0040 08010B40 		.word	1074462984
 278 0044 00010B40 		.word	1074462976
 279 0048 0C020B40 		.word	1074463244
 280              		.cfi_endproc
 281              	.LFE5:
 282              		.size	ClockSetup, .-ClockSetup
 283              		.section	.text.AnalogSetDefault,"ax",%progbits
 284              		.align	2
 285              		.code	16
 286              		.thumb_func
 287              		.type	AnalogSetDefault, %function
 288              	AnalogSetDefault:
 289              	.LFB6:
 218:Generated_Source\PSoC4/cyfitter_cfg.c **** 
 219:Generated_Source\PSoC4/cyfitter_cfg.c **** 
 220:Generated_Source\PSoC4/cyfitter_cfg.c **** /* Analog API Functions */
 221:Generated_Source\PSoC4/cyfitter_cfg.c **** 
ARM GAS  C:\Users\arh\AppData\Local\Temp\cccbqvuf.s 			page 10


 222:Generated_Source\PSoC4/cyfitter_cfg.c **** 
 223:Generated_Source\PSoC4/cyfitter_cfg.c **** /*******************************************************************************
 224:Generated_Source\PSoC4/cyfitter_cfg.c **** * Function Name: AnalogSetDefault
 225:Generated_Source\PSoC4/cyfitter_cfg.c **** ********************************************************************************
 226:Generated_Source\PSoC4/cyfitter_cfg.c **** *
 227:Generated_Source\PSoC4/cyfitter_cfg.c **** * Summary:
 228:Generated_Source\PSoC4/cyfitter_cfg.c **** *  Sets up the analog portions of the chip to default values based on chip
 229:Generated_Source\PSoC4/cyfitter_cfg.c **** *  configuration options from the project.
 230:Generated_Source\PSoC4/cyfitter_cfg.c **** *
 231:Generated_Source\PSoC4/cyfitter_cfg.c **** * Parameters:
 232:Generated_Source\PSoC4/cyfitter_cfg.c **** *  void
 233:Generated_Source\PSoC4/cyfitter_cfg.c **** *
 234:Generated_Source\PSoC4/cyfitter_cfg.c **** * Return:
 235:Generated_Source\PSoC4/cyfitter_cfg.c **** *  void
 236:Generated_Source\PSoC4/cyfitter_cfg.c **** *
 237:Generated_Source\PSoC4/cyfitter_cfg.c **** *******************************************************************************/
 238:Generated_Source\PSoC4/cyfitter_cfg.c **** static void AnalogSetDefault(void);
 239:Generated_Source\PSoC4/cyfitter_cfg.c **** static void AnalogSetDefault(void)
 240:Generated_Source\PSoC4/cyfitter_cfg.c **** {
 290              		.loc 1 240 0
 291              		.cfi_startproc
 292 0000 80B5     		push	{r7, lr}
 293              		.cfi_def_cfa_offset 8
 294              		.cfi_offset 7, -8
 295              		.cfi_offset 14, -4
 296 0002 00AF     		add	r7, sp, #0
 297              		.cfi_def_cfa_register 7
 241:Generated_Source\PSoC4/cyfitter_cfg.c **** 	CY_SET_XTND_REG32((void CYFAR *)CYREG_CTBM0_DFT_CTRL, 0x00000003u);
 298              		.loc 1 241 0
 299 0004 054B     		ldr	r3, .L13
 300 0006 0322     		mov	r2, #3
 301 0008 1A60     		str	r2, [r3]
 242:Generated_Source\PSoC4/cyfitter_cfg.c **** 	CY_SET_XTND_REG32((void CYFAR *)CYREG_CTBM1_DFT_CTRL, 0x00000003u);
 302              		.loc 1 242 0
 303 000a 054B     		ldr	r3, .L13+4
 304 000c 0322     		mov	r2, #3
 305 000e 1A60     		str	r2, [r3]
 243:Generated_Source\PSoC4/cyfitter_cfg.c **** 	CY_SET_XTND_REG32((void CYFAR *)CYREG_PASS_DSAB_DSAB_CTRL, 0x00000000u);
 306              		.loc 1 243 0
 307 0010 044B     		ldr	r3, .L13+8
 308 0012 0022     		mov	r2, #0
 309 0014 1A60     		str	r2, [r3]
 244:Generated_Source\PSoC4/cyfitter_cfg.c **** }
 310              		.loc 1 244 0
 311 0016 BD46     		mov	sp, r7
 312              		@ sp needed
 313 0018 80BD     		pop	{r7, pc}
 314              	.L14:
 315 001a C046     		.align	2
 316              	.L13:
 317 001c 30003040 		.word	1076887600
 318 0020 30003140 		.word	1076953136
 319 0024 000E3F40 		.word	1077874176
 320              		.cfi_endproc
 321              	.LFE6:
 322              		.size	AnalogSetDefault, .-AnalogSetDefault
 323              		.section	.psocinit
ARM GAS  C:\Users\arh\AppData\Local\Temp\cccbqvuf.s 			page 11


 324              		.align	2
 325              		.global	cyfitter_cfg
 326              		.code	16
 327              		.thumb_func
 328              		.type	cyfitter_cfg, %function
 329              	cyfitter_cfg:
 330              	.LFB7:
 245:Generated_Source\PSoC4/cyfitter_cfg.c **** 
 246:Generated_Source\PSoC4/cyfitter_cfg.c **** #define CY_AMUX_UNUSED CYREG_CM0_ROM_DWT
 247:Generated_Source\PSoC4/cyfitter_cfg.c **** 
 248:Generated_Source\PSoC4/cyfitter_cfg.c **** 
 249:Generated_Source\PSoC4/cyfitter_cfg.c **** /*******************************************************************************
 250:Generated_Source\PSoC4/cyfitter_cfg.c **** * Function Name: cyfitter_cfg
 251:Generated_Source\PSoC4/cyfitter_cfg.c **** ********************************************************************************
 252:Generated_Source\PSoC4/cyfitter_cfg.c **** * Summary:
 253:Generated_Source\PSoC4/cyfitter_cfg.c **** *  This function is called by the start-up code for the selected device. It
 254:Generated_Source\PSoC4/cyfitter_cfg.c **** *  performs all of the necessary device configuration based on the design
 255:Generated_Source\PSoC4/cyfitter_cfg.c **** *  settings.  This includes settings from the Design Wide Resources (DWR) such
 256:Generated_Source\PSoC4/cyfitter_cfg.c **** *  as Clocks and Pins as well as any component configuration that is necessary.
 257:Generated_Source\PSoC4/cyfitter_cfg.c **** *
 258:Generated_Source\PSoC4/cyfitter_cfg.c **** * Parameters:  
 259:Generated_Source\PSoC4/cyfitter_cfg.c **** *   void
 260:Generated_Source\PSoC4/cyfitter_cfg.c **** *
 261:Generated_Source\PSoC4/cyfitter_cfg.c **** * Return:
 262:Generated_Source\PSoC4/cyfitter_cfg.c **** *   void
 263:Generated_Source\PSoC4/cyfitter_cfg.c **** *
 264:Generated_Source\PSoC4/cyfitter_cfg.c **** *******************************************************************************/
 265:Generated_Source\PSoC4/cyfitter_cfg.c **** CY_CFG_SECTION
 266:Generated_Source\PSoC4/cyfitter_cfg.c **** void cyfitter_cfg(void)
 267:Generated_Source\PSoC4/cyfitter_cfg.c **** {
 331              		.loc 1 267 0
 332              		.cfi_startproc
 333 004c 80B5     		push	{r7, lr}
 334              		.cfi_def_cfa_offset 8
 335              		.cfi_offset 7, -8
 336              		.cfi_offset 14, -4
 337 004e 82B0     		sub	sp, sp, #8
 338              		.cfi_def_cfa_offset 16
 339 0050 00AF     		add	r7, sp, #0
 340              		.cfi_def_cfa_register 7
 268:Generated_Source\PSoC4/cyfitter_cfg.c **** 	/* Disable interrupts by default. Let user enable if/when they want. */
 269:Generated_Source\PSoC4/cyfitter_cfg.c **** 	CyGlobalIntDisable;
 341              		.loc 1 269 0
 342              	@ 269 "Generated_Source\PSoC4\cyfitter_cfg.c" 1
 343 0052 72B6     		CPSID   i
 344              	@ 0 "" 2
 270:Generated_Source\PSoC4/cyfitter_cfg.c **** 
 271:Generated_Source\PSoC4/cyfitter_cfg.c **** 	/* Enable the clock in the interrupt controller for the routed interrupts */
 272:Generated_Source\PSoC4/cyfitter_cfg.c **** 	CY_SET_REG8((void *)CYREG_UDB_UDB_INT_CLK_CTL, 0x01u);
 345              		.loc 1 272 0
 346              		.code	16
 347 0054 354B     		ldr	r3, .L18
 348 0056 0122     		mov	r2, #1
 349 0058 1A70     		strb	r2, [r3]
 350              	.LBB3:
 273:Generated_Source\PSoC4/cyfitter_cfg.c **** 	{
 274:Generated_Source\PSoC4/cyfitter_cfg.c **** 		static const uint32 CYCODE cy_cfg_addr_table[] = {
ARM GAS  C:\Users\arh\AppData\Local\Temp\cccbqvuf.s 			page 12


 275:Generated_Source\PSoC4/cyfitter_cfg.c **** 			0x400F3701u, /* Base address: 0x400F3700 Count: 1 */
 276:Generated_Source\PSoC4/cyfitter_cfg.c **** 			0x400F4002u, /* Base address: 0x400F4000 Count: 2 */
 277:Generated_Source\PSoC4/cyfitter_cfg.c **** 			0x400F4101u, /* Base address: 0x400F4100 Count: 1 */
 278:Generated_Source\PSoC4/cyfitter_cfg.c **** 			0x400F4201u, /* Base address: 0x400F4200 Count: 1 */
 279:Generated_Source\PSoC4/cyfitter_cfg.c **** 			0x400F4302u, /* Base address: 0x400F4300 Count: 2 */
 280:Generated_Source\PSoC4/cyfitter_cfg.c **** 			0x400F4704u, /* Base address: 0x400F4700 Count: 4 */
 281:Generated_Source\PSoC4/cyfitter_cfg.c **** 		};
 282:Generated_Source\PSoC4/cyfitter_cfg.c **** 
 283:Generated_Source\PSoC4/cyfitter_cfg.c **** 		static const cy_cfg_addrvalue_t CYCODE cy_cfg_data_table[] = {
 284:Generated_Source\PSoC4/cyfitter_cfg.c **** 			{0xE2u, 0x80u},
 285:Generated_Source\PSoC4/cyfitter_cfg.c **** 			{0x68u, 0x01u},
 286:Generated_Source\PSoC4/cyfitter_cfg.c **** 			{0xDAu, 0x40u},
 287:Generated_Source\PSoC4/cyfitter_cfg.c **** 			{0xA4u, 0x01u},
 288:Generated_Source\PSoC4/cyfitter_cfg.c **** 			{0xA4u, 0x01u},
 289:Generated_Source\PSoC4/cyfitter_cfg.c **** 			{0x88u, 0x01u},
 290:Generated_Source\PSoC4/cyfitter_cfg.c **** 			{0xA4u, 0x01u},
 291:Generated_Source\PSoC4/cyfitter_cfg.c **** 			{0x2Du, 0x08u},
 292:Generated_Source\PSoC4/cyfitter_cfg.c **** 			{0x89u, 0x08u},
 293:Generated_Source\PSoC4/cyfitter_cfg.c **** 			{0xCAu, 0x01u},
 294:Generated_Source\PSoC4/cyfitter_cfg.c **** 			{0xE2u, 0x01u},
 295:Generated_Source\PSoC4/cyfitter_cfg.c **** 		};
 296:Generated_Source\PSoC4/cyfitter_cfg.c **** 
 297:Generated_Source\PSoC4/cyfitter_cfg.c **** 
 298:Generated_Source\PSoC4/cyfitter_cfg.c **** 
 299:Generated_Source\PSoC4/cyfitter_cfg.c **** 		CYPACKED typedef struct {
 300:Generated_Source\PSoC4/cyfitter_cfg.c **** 			void CYFAR *address;
 301:Generated_Source\PSoC4/cyfitter_cfg.c **** 			uint16 size;
 302:Generated_Source\PSoC4/cyfitter_cfg.c **** 		} CYPACKED_ATTR cfg_memset_t;
 303:Generated_Source\PSoC4/cyfitter_cfg.c **** 
 304:Generated_Source\PSoC4/cyfitter_cfg.c **** 		static const cfg_memset_t CYCODE cfg_memset_list [] = {
 305:Generated_Source\PSoC4/cyfitter_cfg.c **** 			/* address, size */
 306:Generated_Source\PSoC4/cyfitter_cfg.c **** 			{(void CYFAR *)(CYDEV_UDB_P0_U0_BASE), 2048u},
 307:Generated_Source\PSoC4/cyfitter_cfg.c **** 			{(void CYFAR *)(CYDEV_UDB_DSI0_BASE), 2048u},
 308:Generated_Source\PSoC4/cyfitter_cfg.c **** 		};
 309:Generated_Source\PSoC4/cyfitter_cfg.c **** 
 310:Generated_Source\PSoC4/cyfitter_cfg.c **** 		uint8 CYDATA i;
 311:Generated_Source\PSoC4/cyfitter_cfg.c **** 
 312:Generated_Source\PSoC4/cyfitter_cfg.c **** 		/* Zero out critical memory blocks before beginning configuration */
 313:Generated_Source\PSoC4/cyfitter_cfg.c **** 		for (i = 0u; i < (sizeof(cfg_memset_list)/sizeof(cfg_memset_list[0])); i++)
 351              		.loc 1 313 0
 352 005a FB1D     		add	r3, r7, #7
 353 005c 0022     		mov	r2, #0
 354 005e 1A70     		strb	r2, [r3]
 355 0060 23E0     		b	.L16
 356              	.L17:
 357              	.LBB4:
 314:Generated_Source\PSoC4/cyfitter_cfg.c **** 		{
 315:Generated_Source\PSoC4/cyfitter_cfg.c **** 			const cfg_memset_t CYCODE * CYDATA ms = &cfg_memset_list[i];
 358              		.loc 1 315 0 discriminator 3
 359 0062 FB1D     		add	r3, r7, #7
 360 0064 1A78     		ldrb	r2, [r3]
 361 0066 131C     		mov	r3, r2
 362 0068 5B00     		lsl	r3, r3, #1
 363 006a 9B18     		add	r3, r3, r2
 364 006c 5B00     		lsl	r3, r3, #1
 365 006e 304A     		ldr	r2, .L18+4
 366 0070 9B18     		add	r3, r3, r2
ARM GAS  C:\Users\arh\AppData\Local\Temp\cccbqvuf.s 			page 13


 367 0072 3B60     		str	r3, [r7]
 316:Generated_Source\PSoC4/cyfitter_cfg.c **** 			CYMEMZERO(ms->address, (size_t)(uint32)(ms->size));
 368              		.loc 1 316 0 discriminator 3
 369 0074 3B68     		ldr	r3, [r7]
 370 0076 1A78     		ldrb	r2, [r3]
 371 0078 5978     		ldrb	r1, [r3, #1]
 372 007a 0902     		lsl	r1, r1, #8
 373 007c 0A43     		orr	r2, r1
 374 007e 9978     		ldrb	r1, [r3, #2]
 375 0080 0904     		lsl	r1, r1, #16
 376 0082 0A43     		orr	r2, r1
 377 0084 DB78     		ldrb	r3, [r3, #3]
 378 0086 1B06     		lsl	r3, r3, #24
 379 0088 1343     		orr	r3, r2
 380 008a 191C     		mov	r1, r3
 381 008c 3B68     		ldr	r3, [r7]
 382 008e 1A79     		ldrb	r2, [r3, #4]
 383 0090 5B79     		ldrb	r3, [r3, #5]
 384 0092 1B02     		lsl	r3, r3, #8
 385 0094 1343     		orr	r3, r2
 386 0096 9BB2     		uxth	r3, r3
 387 0098 081C     		mov	r0, r1
 388 009a 191C     		mov	r1, r3
 389 009c FFF7FEFF 		bl	CYMEMZERO
 390              	.LBE4:
 313:Generated_Source\PSoC4/cyfitter_cfg.c **** 		{
 391              		.loc 1 313 0 discriminator 3
 392 00a0 FB1D     		add	r3, r7, #7
 393 00a2 1A78     		ldrb	r2, [r3]
 394 00a4 FB1D     		add	r3, r7, #7
 395 00a6 0132     		add	r2, r2, #1
 396 00a8 1A70     		strb	r2, [r3]
 397              	.L16:
 313:Generated_Source\PSoC4/cyfitter_cfg.c **** 		{
 398              		.loc 1 313 0 is_stmt 0 discriminator 1
 399 00aa FB1D     		add	r3, r7, #7
 400 00ac 1B78     		ldrb	r3, [r3]
 401 00ae 012B     		cmp	r3, #1
 402 00b0 D7D9     		bls	.L17
 317:Generated_Source\PSoC4/cyfitter_cfg.c **** 		}
 318:Generated_Source\PSoC4/cyfitter_cfg.c **** 
 319:Generated_Source\PSoC4/cyfitter_cfg.c **** 		cfg_write_bytes32(cy_cfg_addr_table, cy_cfg_data_table);
 403              		.loc 1 319 0 is_stmt 1
 404 00b2 204A     		ldr	r2, .L18+8
 405 00b4 204B     		ldr	r3, .L18+12
 406 00b6 101C     		mov	r0, r2
 407 00b8 191C     		mov	r1, r3
 408 00ba FFF7FEFF 		bl	cfg_write_bytes32
 320:Generated_Source\PSoC4/cyfitter_cfg.c **** 
 321:Generated_Source\PSoC4/cyfitter_cfg.c **** 		/* HSIOM Starting address: CYDEV_HSIOM_BASE */
 322:Generated_Source\PSoC4/cyfitter_cfg.c **** 		CY_SET_XTND_REG32((void CYFAR *)(CYREG_HSIOM_PORT_SEL3), 0x0000EE00u);
 409              		.loc 1 322 0
 410 00be 1F4B     		ldr	r3, .L18+16
 411 00c0 EE22     		mov	r2, #238
 412 00c2 1202     		lsl	r2, r2, #8
 413 00c4 1A60     		str	r2, [r3]
 323:Generated_Source\PSoC4/cyfitter_cfg.c **** 
ARM GAS  C:\Users\arh\AppData\Local\Temp\cccbqvuf.s 			page 14


 324:Generated_Source\PSoC4/cyfitter_cfg.c **** 		/* UDB_PA_7 Starting address: CYDEV_UDB_PA7_BASE */
 325:Generated_Source\PSoC4/cyfitter_cfg.c **** 		CY_SET_XTND_REG32((void CYFAR *)(CYDEV_UDB_PA7_BASE), 0x00990000u);
 414              		.loc 1 325 0
 415 00c6 1E4B     		ldr	r3, .L18+20
 416 00c8 9922     		mov	r2, #153
 417 00ca 1204     		lsl	r2, r2, #16
 418 00cc 1A60     		str	r2, [r3]
 326:Generated_Source\PSoC4/cyfitter_cfg.c **** 
 327:Generated_Source\PSoC4/cyfitter_cfg.c **** 		/* INT_SELECT Starting address: CYDEV_CPUSS_INT_SEL */
 328:Generated_Source\PSoC4/cyfitter_cfg.c **** 		CY_SET_XTND_REG32((void CYFAR *)(CYREG_CPUSS_INT_SEL), 0x00000001u);
 419              		.loc 1 328 0
 420 00ce 1D4B     		ldr	r3, .L18+24
 421 00d0 0122     		mov	r2, #1
 422 00d2 1A60     		str	r2, [r3]
 329:Generated_Source\PSoC4/cyfitter_cfg.c **** 
 330:Generated_Source\PSoC4/cyfitter_cfg.c **** 		/* Enable digital routing */
 331:Generated_Source\PSoC4/cyfitter_cfg.c **** 		CY_SET_XTND_REG8((void *)CYREG_UDB_UDB_BANK_CTL, CY_GET_XTND_REG8((void *)CYREG_UDB_UDB_BANK_CTL)
 423              		.loc 1 331 0
 424 00d4 1C4A     		ldr	r2, .L18+28
 425 00d6 1C4B     		ldr	r3, .L18+28
 426 00d8 1B78     		ldrb	r3, [r3]
 427 00da DBB2     		uxtb	r3, r3
 428 00dc 0221     		mov	r1, #2
 429 00de 0B43     		orr	r3, r1
 430 00e0 DBB2     		uxtb	r3, r3
 431 00e2 1370     		strb	r3, [r2]
 332:Generated_Source\PSoC4/cyfitter_cfg.c **** 
 333:Generated_Source\PSoC4/cyfitter_cfg.c **** 		/* Enable UDB array */
 334:Generated_Source\PSoC4/cyfitter_cfg.c **** 		CY_SET_XTND_REG8((void *)CYREG_UDB_UDB_WAIT_CFG, (uint8)((CY_GET_XTND_REG8((void *)CYREG_UDB_UDB_
 432              		.loc 1 334 0
 433 00e4 194A     		ldr	r2, .L18+32
 434 00e6 194B     		ldr	r3, .L18+32
 435 00e8 1B78     		ldrb	r3, [r3]
 436 00ea DBB2     		uxtb	r3, r3
 437 00ec 3C21     		mov	r1, #60
 438 00ee 8B43     		bic	r3, r1
 439 00f0 DBB2     		uxtb	r3, r3
 440 00f2 1421     		mov	r1, #20
 441 00f4 0B43     		orr	r3, r1
 442 00f6 DBB2     		uxtb	r3, r3
 443 00f8 1370     		strb	r3, [r2]
 335:Generated_Source\PSoC4/cyfitter_cfg.c **** 		CY_SET_XTND_REG8((void *)CYREG_UDB_UDB_BANK_CTL, (uint8)(CY_GET_XTND_REG8((void *)CYREG_UDB_UDB_B
 444              		.loc 1 335 0
 445 00fa 134A     		ldr	r2, .L18+28
 446 00fc 124B     		ldr	r3, .L18+28
 447 00fe 1B78     		ldrb	r3, [r3]
 448 0100 DBB2     		uxtb	r3, r3
 449 0102 1621     		mov	r1, #22
 450 0104 0B43     		orr	r3, r1
 451 0106 DBB2     		uxtb	r3, r3
 452 0108 1370     		strb	r3, [r2]
 453              	.LBE3:
 336:Generated_Source\PSoC4/cyfitter_cfg.c **** 	}
 337:Generated_Source\PSoC4/cyfitter_cfg.c **** 
 338:Generated_Source\PSoC4/cyfitter_cfg.c **** 	/* Perform second pass device configuration. These items must be configured in specific order afte
 339:Generated_Source\PSoC4/cyfitter_cfg.c **** 	/* IOPINS0_13 Starting address: CYDEV_GPIO_PRT13_BASE */
 340:Generated_Source\PSoC4/cyfitter_cfg.c **** 	CY_SET_XTND_REG32((void CYFAR *)(CYDEV_GPIO_PRT13_BASE), 0x00000003u);
ARM GAS  C:\Users\arh\AppData\Local\Temp\cccbqvuf.s 			page 15


 454              		.loc 1 340 0
 455 010a 114B     		ldr	r3, .L18+36
 456 010c 0322     		mov	r2, #3
 457 010e 1A60     		str	r2, [r3]
 341:Generated_Source\PSoC4/cyfitter_cfg.c **** 	CY_SET_XTND_REG32((void CYFAR *)(CYREG_GPIO_PRT13_INTR_CFG), 0x00000002u);
 458              		.loc 1 341 0
 459 0110 104B     		ldr	r3, .L18+40
 460 0112 0222     		mov	r2, #2
 461 0114 1A60     		str	r2, [r3]
 342:Generated_Source\PSoC4/cyfitter_cfg.c **** 
 343:Generated_Source\PSoC4/cyfitter_cfg.c **** 	/* IOPINS0_3 Starting address: CYDEV_GPIO_PRT3_BASE */
 344:Generated_Source\PSoC4/cyfitter_cfg.c **** 	CY_SET_XTND_REG32((void CYFAR *)(CYREG_GPIO_PRT3_PC), 0x00000D80u);
 462              		.loc 1 344 0
 463 0116 104B     		ldr	r3, .L18+44
 464 0118 D822     		mov	r2, #216
 465 011a 1201     		lsl	r2, r2, #4
 466 011c 1A60     		str	r2, [r3]
 345:Generated_Source\PSoC4/cyfitter_cfg.c **** 
 346:Generated_Source\PSoC4/cyfitter_cfg.c **** 
 347:Generated_Source\PSoC4/cyfitter_cfg.c **** 	/* Setup clocks based on selections from Clock DWR */
 348:Generated_Source\PSoC4/cyfitter_cfg.c **** 	ClockSetup();
 467              		.loc 1 348 0
 468 011e FFF76FFF 		bl	ClockSetup
 349:Generated_Source\PSoC4/cyfitter_cfg.c **** 
 350:Generated_Source\PSoC4/cyfitter_cfg.c **** 	/* Perform basic analog initialization to defaults */
 351:Generated_Source\PSoC4/cyfitter_cfg.c **** 	AnalogSetDefault();
 469              		.loc 1 351 0
 470 0122 FFF7FEFF 		bl	AnalogSetDefault
 352:Generated_Source\PSoC4/cyfitter_cfg.c **** 
 353:Generated_Source\PSoC4/cyfitter_cfg.c **** }
 471              		.loc 1 353 0
 472 0126 BD46     		mov	sp, r7
 473 0128 02B0     		add	sp, sp, #8
 474              		@ sp needed
 475 012a 80BD     		pop	{r7, pc}
 476              	.L19:
 477              		.align	2
 478              	.L18:
 479 012c 1C700F40 		.word	1074753564
 480 0130 00000000 		.word	cfg_memset_list.4849
 481 0134 0C000000 		.word	cy_cfg_addr_table.4843
 482 0138 24000000 		.word	cy_cfg_data_table.4844
 483 013c 00030240 		.word	1073873664
 484 0140 70500F40 		.word	1074745456
 485 0144 20001040 		.word	1074790432
 486 0148 00700F40 		.word	1074753536
 487 014c 01700F40 		.word	1074753537
 488 0150 000D0440 		.word	1074007296
 489 0154 0C0D0440 		.word	1074007308
 490 0158 08030440 		.word	1074004744
 491              		.cfi_endproc
 492              	.LFE7:
 493              		.size	cyfitter_cfg, .-cyfitter_cfg
 494              		.section	.rodata
 495              		.align	2
 496              		.type	cfg_memset_list.4849, %object
 497              		.size	cfg_memset_list.4849, 12
ARM GAS  C:\Users\arh\AppData\Local\Temp\cccbqvuf.s 			page 16


 498              	cfg_memset_list.4849:
 499 0000 00300F40 		.word	1074737152
 500 0004 0008     		.short	2048
 501 0006 00400F40 		.4byte	1074741248
 502 000a 0008     		.short	2048
 503              		.align	2
 504              		.type	cy_cfg_addr_table.4843, %object
 505              		.size	cy_cfg_addr_table.4843, 24
 506              	cy_cfg_addr_table.4843:
 507 000c 01370F40 		.word	1074738945
 508 0010 02400F40 		.word	1074741250
 509 0014 01410F40 		.word	1074741505
 510 0018 01420F40 		.word	1074741761
 511 001c 02430F40 		.word	1074742018
 512 0020 04470F40 		.word	1074743044
 513              		.align	2
 514              		.type	cy_cfg_data_table.4844, %object
 515              		.size	cy_cfg_data_table.4844, 22
 516              	cy_cfg_data_table.4844:
 517 0024 E2       		.byte	-30
 518 0025 80       		.byte	-128
 519 0026 68       		.byte	104
 520 0027 01       		.byte	1
 521 0028 DA       		.byte	-38
 522 0029 40       		.byte	64
 523 002a A4       		.byte	-92
 524 002b 01       		.byte	1
 525 002c A4       		.byte	-92
 526 002d 01       		.byte	1
 527 002e 88       		.byte	-120
 528 002f 01       		.byte	1
 529 0030 A4       		.byte	-92
 530 0031 01       		.byte	1
 531 0032 2D       		.byte	45
 532 0033 08       		.byte	8
 533 0034 89       		.byte	-119
 534 0035 08       		.byte	8
 535 0036 CA       		.byte	-54
 536 0037 01       		.byte	1
 537 0038 E2       		.byte	-30
 538 0039 01       		.byte	1
 539 003a 0000     		.text
 540              	.Letext0:
 541              		.file 2 "c:\\program files (x86)\\cypress\\psoc creator\\4.0\\psoc creator\\import\\gnu\\arm\\4.9.
 542              		.file 3 "Generated_Source\\PSoC4\\cytypes.h"
 543              		.section	.debug_info,"",%progbits
 544              	.Ldebug_info0:
 545 0000 52030000 		.4byte	0x352
 546 0004 0400     		.2byte	0x4
 547 0006 00000000 		.4byte	.Ldebug_abbrev0
 548 000a 04       		.byte	0x4
 549 000b 01       		.uleb128 0x1
 550 000c F8000000 		.4byte	.LASF39
 551 0010 01       		.byte	0x1
 552 0011 84020000 		.4byte	.LASF40
 553 0015 24020000 		.4byte	.LASF41
 554 0019 00000000 		.4byte	.Ldebug_ranges0+0
ARM GAS  C:\Users\arh\AppData\Local\Temp\cccbqvuf.s 			page 17


 555 001d 00000000 		.4byte	0
 556 0021 00000000 		.4byte	.Ldebug_line0
 557 0025 02       		.uleb128 0x2
 558 0026 04       		.byte	0x4
 559 0027 05       		.byte	0x5
 560 0028 696E7400 		.ascii	"int\000"
 561 002c 03       		.uleb128 0x3
 562 002d 06000000 		.4byte	.LASF11
 563 0031 02       		.byte	0x2
 564 0032 D4       		.byte	0xd4
 565 0033 37000000 		.4byte	0x37
 566 0037 04       		.uleb128 0x4
 567 0038 04       		.byte	0x4
 568 0039 07       		.byte	0x7
 569 003a 86010000 		.4byte	.LASF0
 570 003e 04       		.uleb128 0x4
 571 003f 01       		.byte	0x1
 572 0040 06       		.byte	0x6
 573 0041 78020000 		.4byte	.LASF1
 574 0045 04       		.uleb128 0x4
 575 0046 01       		.byte	0x1
 576 0047 08       		.byte	0x8
 577 0048 A0000000 		.4byte	.LASF2
 578 004c 04       		.uleb128 0x4
 579 004d 02       		.byte	0x2
 580 004e 05       		.byte	0x5
 581 004f 11020000 		.4byte	.LASF3
 582 0053 04       		.uleb128 0x4
 583 0054 02       		.byte	0x2
 584 0055 07       		.byte	0x7
 585 0056 D1010000 		.4byte	.LASF4
 586 005a 04       		.uleb128 0x4
 587 005b 04       		.byte	0x4
 588 005c 05       		.byte	0x5
 589 005d 1B020000 		.4byte	.LASF5
 590 0061 04       		.uleb128 0x4
 591 0062 04       		.byte	0x4
 592 0063 07       		.byte	0x7
 593 0064 7E000000 		.4byte	.LASF6
 594 0068 04       		.uleb128 0x4
 595 0069 08       		.byte	0x8
 596 006a 05       		.byte	0x5
 597 006b E4010000 		.4byte	.LASF7
 598 006f 04       		.uleb128 0x4
 599 0070 08       		.byte	0x8
 600 0071 07       		.byte	0x7
 601 0072 9B010000 		.4byte	.LASF8
 602 0076 04       		.uleb128 0x4
 603 0077 04       		.byte	0x4
 604 0078 07       		.byte	0x7
 605 0079 C8010000 		.4byte	.LASF9
 606 007d 05       		.uleb128 0x5
 607 007e 04       		.byte	0x4
 608 007f 04       		.uleb128 0x4
 609 0080 01       		.byte	0x1
 610 0081 08       		.byte	0x8
 611 0082 F2010000 		.4byte	.LASF10
ARM GAS  C:\Users\arh\AppData\Local\Temp\cccbqvuf.s 			page 18


 612 0086 06       		.uleb128 0x6
 613 0087 90000000 		.4byte	.LASF12
 614 008b 03       		.byte	0x3
 615 008c B901     		.2byte	0x1b9
 616 008e 45000000 		.4byte	0x45
 617 0092 06       		.uleb128 0x6
 618 0093 DF000000 		.4byte	.LASF13
 619 0097 03       		.byte	0x3
 620 0098 BA01     		.2byte	0x1ba
 621 009a 53000000 		.4byte	0x53
 622 009e 06       		.uleb128 0x6
 623 009f F1000000 		.4byte	.LASF14
 624 00a3 03       		.byte	0x3
 625 00a4 BB01     		.2byte	0x1bb
 626 00a6 61000000 		.4byte	0x61
 627 00aa 04       		.uleb128 0x4
 628 00ab 04       		.byte	0x4
 629 00ac 04       		.byte	0x4
 630 00ad 59000000 		.4byte	.LASF15
 631 00b1 04       		.uleb128 0x4
 632 00b2 08       		.byte	0x8
 633 00b3 04       		.byte	0x4
 634 00b4 AE000000 		.4byte	.LASF16
 635 00b8 06       		.uleb128 0x6
 636 00b9 79000000 		.4byte	.LASF17
 637 00bd 03       		.byte	0x3
 638 00be 6302     		.2byte	0x263
 639 00c0 C4000000 		.4byte	0xc4
 640 00c4 07       		.uleb128 0x7
 641 00c5 86000000 		.4byte	0x86
 642 00c9 06       		.uleb128 0x6
 643 00ca 00000000 		.4byte	.LASF18
 644 00ce 03       		.byte	0x3
 645 00cf 6502     		.2byte	0x265
 646 00d1 D5000000 		.4byte	0xd5
 647 00d5 07       		.uleb128 0x7
 648 00d6 9E000000 		.4byte	0x9e
 649 00da 08       		.uleb128 0x8
 650 00db 02       		.byte	0x2
 651 00dc 01       		.byte	0x1
 652 00dd 88       		.byte	0x88
 653 00de FB000000 		.4byte	0xfb
 654 00e2 09       		.uleb128 0x9
 655 00e3 0A020000 		.4byte	.LASF19
 656 00e7 01       		.byte	0x1
 657 00e8 8A       		.byte	0x8a
 658 00e9 86000000 		.4byte	0x86
 659 00ed 00       		.byte	0
 660 00ee 09       		.uleb128 0x9
 661 00ef 1E000000 		.4byte	.LASF20
 662 00f3 01       		.byte	0x1
 663 00f4 8B       		.byte	0x8b
 664 00f5 86000000 		.4byte	0x86
 665 00f9 01       		.byte	0x1
 666 00fa 00       		.byte	0
 667 00fb 03       		.uleb128 0x3
 668 00fc F7010000 		.4byte	.LASF21
ARM GAS  C:\Users\arh\AppData\Local\Temp\cccbqvuf.s 			page 19


 669 0100 01       		.byte	0x1
 670 0101 8C       		.byte	0x8c
 671 0102 DA000000 		.4byte	0xda
 672 0106 0A       		.uleb128 0xa
 673 0107 96000000 		.4byte	.LASF22
 674 010b 01       		.byte	0x1
 675 010c 3D       		.byte	0x3d
 676 010d 00000000 		.4byte	.LFB1
 677 0111 1E000000 		.4byte	.LFE1-.LFB1
 678 0115 01       		.uleb128 0x1
 679 0116 9C       		.byte	0x9c
 680 0117 34010000 		.4byte	0x134
 681 011b 0B       		.uleb128 0xb
 682 011c 7300     		.ascii	"s\000"
 683 011e 01       		.byte	0x1
 684 011f 3D       		.byte	0x3d
 685 0120 7D000000 		.4byte	0x7d
 686 0124 02       		.uleb128 0x2
 687 0125 91       		.byte	0x91
 688 0126 74       		.sleb128 -12
 689 0127 0B       		.uleb128 0xb
 690 0128 6E00     		.ascii	"n\000"
 691 012a 01       		.byte	0x1
 692 012b 3D       		.byte	0x3d
 693 012c 2C000000 		.4byte	0x2c
 694 0130 02       		.uleb128 0x2
 695 0131 91       		.byte	0x91
 696 0132 70       		.sleb128 -16
 697 0133 00       		.byte	0
 698 0134 0A       		.uleb128 0xa
 699 0135 BA020000 		.4byte	.LASF23
 700 0139 01       		.byte	0x1
 701 013a 44       		.byte	0x44
 702 013b 00000000 		.4byte	.LFB2
 703 013f 22000000 		.4byte	.LFE2-.LFB2
 704 0143 01       		.uleb128 0x1
 705 0144 9C       		.byte	0x9c
 706 0145 72010000 		.4byte	0x172
 707 0149 0C       		.uleb128 0xc
 708 014a 5F000000 		.4byte	.LASF24
 709 014e 01       		.byte	0x1
 710 014f 44       		.byte	0x44
 711 0150 7D000000 		.4byte	0x7d
 712 0154 02       		.uleb128 0x2
 713 0155 91       		.byte	0x91
 714 0156 74       		.sleb128 -12
 715 0157 0B       		.uleb128 0xb
 716 0158 73726300 		.ascii	"src\000"
 717 015c 01       		.byte	0x1
 718 015d 44       		.byte	0x44
 719 015e 72010000 		.4byte	0x172
 720 0162 02       		.uleb128 0x2
 721 0163 91       		.byte	0x91
 722 0164 70       		.sleb128 -16
 723 0165 0B       		.uleb128 0xb
 724 0166 6E00     		.ascii	"n\000"
 725 0168 01       		.byte	0x1
ARM GAS  C:\Users\arh\AppData\Local\Temp\cccbqvuf.s 			page 20


 726 0169 44       		.byte	0x44
 727 016a 2C000000 		.4byte	0x2c
 728 016e 02       		.uleb128 0x2
 729 016f 91       		.byte	0x91
 730 0170 6C       		.sleb128 -20
 731 0171 00       		.byte	0
 732 0172 0D       		.uleb128 0xd
 733 0173 04       		.byte	0x4
 734 0174 78010000 		.4byte	0x178
 735 0178 0E       		.uleb128 0xe
 736 0179 0A       		.uleb128 0xa
 737 017a AA020000 		.4byte	.LASF25
 738 017e 01       		.byte	0x1
 739 017f 4B       		.byte	0x4b
 740 0180 00000000 		.4byte	.LFB3
 741 0184 22000000 		.4byte	.LFE3-.LFB3
 742 0188 01       		.uleb128 0x1
 743 0189 9C       		.byte	0x9c
 744 018a B7010000 		.4byte	0x1b7
 745 018e 0C       		.uleb128 0xc
 746 018f 5F000000 		.4byte	.LASF24
 747 0193 01       		.byte	0x1
 748 0194 4B       		.byte	0x4b
 749 0195 7D000000 		.4byte	0x7d
 750 0199 02       		.uleb128 0x2
 751 019a 91       		.byte	0x91
 752 019b 74       		.sleb128 -12
 753 019c 0B       		.uleb128 0xb
 754 019d 73726300 		.ascii	"src\000"
 755 01a1 01       		.byte	0x1
 756 01a2 4B       		.byte	0x4b
 757 01a3 72010000 		.4byte	0x172
 758 01a7 02       		.uleb128 0x2
 759 01a8 91       		.byte	0x91
 760 01a9 70       		.sleb128 -16
 761 01aa 0B       		.uleb128 0xb
 762 01ab 6E00     		.ascii	"n\000"
 763 01ad 01       		.byte	0x1
 764 01ae 4B       		.byte	0x4b
 765 01af 2C000000 		.4byte	0x2c
 766 01b3 02       		.uleb128 0x2
 767 01b4 91       		.byte	0x91
 768 01b5 6C       		.sleb128 -20
 769 01b6 00       		.byte	0
 770 01b7 0F       		.uleb128 0xf
 771 01b8 B5000000 		.4byte	.LASF26
 772 01bc 01       		.byte	0x1
 773 01bd 9F       		.byte	0x9f
 774 01be 00000000 		.4byte	.LFB4
 775 01c2 80000000 		.4byte	.LFE4-.LFB4
 776 01c6 01       		.uleb128 0x1
 777 01c7 9C       		.byte	0x9c
 778 01c8 27020000 		.4byte	0x227
 779 01cc 0C       		.uleb128 0xc
 780 01cd D4000000 		.4byte	.LASF27
 781 01d1 01       		.byte	0x1
 782 01d2 9F       		.byte	0x9f
ARM GAS  C:\Users\arh\AppData\Local\Temp\cccbqvuf.s 			page 21


 783 01d3 27020000 		.4byte	0x227
 784 01d7 02       		.uleb128 0x2
 785 01d8 91       		.byte	0x91
 786 01d9 64       		.sleb128 -28
 787 01da 0C       		.uleb128 0xc
 788 01db E6000000 		.4byte	.LASF28
 789 01df 01       		.byte	0x1
 790 01e0 9F       		.byte	0x9f
 791 01e1 32020000 		.4byte	0x232
 792 01e5 02       		.uleb128 0x2
 793 01e6 91       		.byte	0x91
 794 01e7 60       		.sleb128 -32
 795 01e8 10       		.uleb128 0x10
 796 01e9 6900     		.ascii	"i\000"
 797 01eb 01       		.byte	0x1
 798 01ec A2       		.byte	0xa2
 799 01ed 9E000000 		.4byte	0x9e
 800 01f1 02       		.uleb128 0x2
 801 01f2 91       		.byte	0x91
 802 01f3 74       		.sleb128 -12
 803 01f4 10       		.uleb128 0x10
 804 01f5 6A00     		.ascii	"j\000"
 805 01f7 01       		.byte	0x1
 806 01f8 A2       		.byte	0xa2
 807 01f9 9E000000 		.4byte	0x9e
 808 01fd 02       		.uleb128 0x2
 809 01fe 91       		.byte	0x91
 810 01ff 70       		.sleb128 -16
 811 0200 11       		.uleb128 0x11
 812 0201 14000000 		.4byte	.LBB2
 813 0205 5A000000 		.4byte	.LBE2-.LBB2
 814 0209 12       		.uleb128 0x12
 815 020a BF010000 		.4byte	.LASF29
 816 020e 01       		.byte	0x1
 817 020f A5       		.byte	0xa5
 818 0210 9E000000 		.4byte	0x9e
 819 0214 02       		.uleb128 0x2
 820 0215 91       		.byte	0x91
 821 0216 68       		.sleb128 -24
 822 0217 12       		.uleb128 0x12
 823 0218 24000000 		.4byte	.LASF30
 824 021c 01       		.byte	0x1
 825 021d A6       		.byte	0xa6
 826 021e 86000000 		.4byte	0x86
 827 0222 02       		.uleb128 0x2
 828 0223 91       		.byte	0x91
 829 0224 6F       		.sleb128 -17
 830 0225 00       		.byte	0
 831 0226 00       		.byte	0
 832 0227 0D       		.uleb128 0xd
 833 0228 04       		.byte	0x4
 834 0229 2D020000 		.4byte	0x22d
 835 022d 13       		.uleb128 0x13
 836 022e 9E000000 		.4byte	0x9e
 837 0232 0D       		.uleb128 0xd
 838 0233 04       		.byte	0x4
 839 0234 38020000 		.4byte	0x238
ARM GAS  C:\Users\arh\AppData\Local\Temp\cccbqvuf.s 			page 22


 840 0238 13       		.uleb128 0x13
 841 0239 FB000000 		.4byte	0xfb
 842 023d 14       		.uleb128 0x14
 843 023e 2A000000 		.4byte	.LASF31
 844 0242 01       		.byte	0x1
 845 0243 C4       		.byte	0xc4
 846 0244 00000000 		.4byte	.LFB5
 847 0248 4C000000 		.4byte	.LFE5-.LFB5
 848 024c 01       		.uleb128 0x1
 849 024d 9C       		.byte	0x9c
 850 024e 15       		.uleb128 0x15
 851 024f 0D000000 		.4byte	.LASF32
 852 0253 01       		.byte	0x1
 853 0254 EF       		.byte	0xef
 854 0255 00000000 		.4byte	.LFB6
 855 0259 28000000 		.4byte	.LFE6-.LFB6
 856 025d 01       		.uleb128 0x1
 857 025e 9C       		.byte	0x9c
 858 025f 16       		.uleb128 0x16
 859 0260 C7000000 		.4byte	.LASF42
 860 0264 01       		.byte	0x1
 861 0265 0A01     		.2byte	0x10a
 862 0267 4C000000 		.4byte	.LFB7
 863 026b 10010000 		.4byte	.LFE7-.LFB7
 864 026f 01       		.uleb128 0x1
 865 0270 9C       		.byte	0x9c
 866 0271 2B030000 		.4byte	0x32b
 867 0275 11       		.uleb128 0x11
 868 0276 5A000000 		.4byte	.LBB3
 869 027a B0000000 		.4byte	.LBE3-.LBB3
 870 027e 17       		.uleb128 0x17
 871 027f 35000000 		.4byte	.LASF33
 872 0283 01       		.byte	0x1
 873 0284 1201     		.2byte	0x112
 874 0286 3B030000 		.4byte	0x33b
 875 028a 05       		.uleb128 0x5
 876 028b 03       		.byte	0x3
 877 028c 0C000000 		.4byte	cy_cfg_addr_table.4843
 878 0290 17       		.uleb128 0x17
 879 0291 47000000 		.4byte	.LASF34
 880 0295 01       		.byte	0x1
 881 0296 1B01     		.2byte	0x11b
 882 0298 50030000 		.4byte	0x350
 883 029c 05       		.uleb128 0x5
 884 029d 03       		.byte	0x3
 885 029e 24000000 		.4byte	cy_cfg_data_table.4844
 886 02a2 18       		.uleb128 0x18
 887 02a3 06       		.byte	0x6
 888 02a4 01       		.byte	0x1
 889 02a5 2B01     		.2byte	0x12b
 890 02a7 C6020000 		.4byte	0x2c6
 891 02ab 19       		.uleb128 0x19
 892 02ac 93010000 		.4byte	.LASF35
 893 02b0 01       		.byte	0x1
 894 02b1 2C01     		.2byte	0x12c
 895 02b3 7D000000 		.4byte	0x7d
 896 02b7 00       		.byte	0
ARM GAS  C:\Users\arh\AppData\Local\Temp\cccbqvuf.s 			page 23


 897 02b8 19       		.uleb128 0x19
 898 02b9 74000000 		.4byte	.LASF36
 899 02bd 01       		.byte	0x1
 900 02be 2D01     		.2byte	0x12d
 901 02c0 92000000 		.4byte	0x92
 902 02c4 04       		.byte	0x4
 903 02c5 00       		.byte	0
 904 02c6 06       		.uleb128 0x6
 905 02c7 B2010000 		.4byte	.LASF37
 906 02cb 01       		.byte	0x1
 907 02cc 2E01     		.2byte	0x12e
 908 02ce A2020000 		.4byte	0x2a2
 909 02d2 1A       		.uleb128 0x1a
 910 02d3 C6020000 		.4byte	0x2c6
 911 02d7 E2020000 		.4byte	0x2e2
 912 02db 1B       		.uleb128 0x1b
 913 02dc 76000000 		.4byte	0x76
 914 02e0 01       		.byte	0x1
 915 02e1 00       		.byte	0
 916 02e2 17       		.uleb128 0x17
 917 02e3 64000000 		.4byte	.LASF38
 918 02e7 01       		.byte	0x1
 919 02e8 3001     		.2byte	0x130
 920 02ea F4020000 		.4byte	0x2f4
 921 02ee 05       		.uleb128 0x5
 922 02ef 03       		.byte	0x3
 923 02f0 00000000 		.4byte	cfg_memset_list.4849
 924 02f4 13       		.uleb128 0x13
 925 02f5 D2020000 		.4byte	0x2d2
 926 02f9 1C       		.uleb128 0x1c
 927 02fa 6900     		.ascii	"i\000"
 928 02fc 01       		.byte	0x1
 929 02fd 3601     		.2byte	0x136
 930 02ff 86000000 		.4byte	0x86
 931 0303 02       		.uleb128 0x2
 932 0304 91       		.byte	0x91
 933 0305 77       		.sleb128 -9
 934 0306 11       		.uleb128 0x11
 935 0307 62000000 		.4byte	.LBB4
 936 030b 3E000000 		.4byte	.LBE4-.LBB4
 937 030f 1C       		.uleb128 0x1c
 938 0310 6D7300   		.ascii	"ms\000"
 939 0313 01       		.byte	0x1
 940 0314 3B01     		.2byte	0x13b
 941 0316 1D030000 		.4byte	0x31d
 942 031a 02       		.uleb128 0x2
 943 031b 91       		.byte	0x91
 944 031c 70       		.sleb128 -16
 945 031d 0D       		.uleb128 0xd
 946 031e 04       		.byte	0x4
 947 031f 23030000 		.4byte	0x323
 948 0323 13       		.uleb128 0x13
 949 0324 C6020000 		.4byte	0x2c6
 950 0328 00       		.byte	0
 951 0329 00       		.byte	0
 952 032a 00       		.byte	0
 953 032b 1A       		.uleb128 0x1a
ARM GAS  C:\Users\arh\AppData\Local\Temp\cccbqvuf.s 			page 24


 954 032c 9E000000 		.4byte	0x9e
 955 0330 3B030000 		.4byte	0x33b
 956 0334 1B       		.uleb128 0x1b
 957 0335 76000000 		.4byte	0x76
 958 0339 05       		.byte	0x5
 959 033a 00       		.byte	0
 960 033b 13       		.uleb128 0x13
 961 033c 2B030000 		.4byte	0x32b
 962 0340 1A       		.uleb128 0x1a
 963 0341 FB000000 		.4byte	0xfb
 964 0345 50030000 		.4byte	0x350
 965 0349 1B       		.uleb128 0x1b
 966 034a 76000000 		.4byte	0x76
 967 034e 0A       		.byte	0xa
 968 034f 00       		.byte	0
 969 0350 13       		.uleb128 0x13
 970 0351 40030000 		.4byte	0x340
 971 0355 00       		.byte	0
 972              		.section	.debug_abbrev,"",%progbits
 973              	.Ldebug_abbrev0:
 974 0000 01       		.uleb128 0x1
 975 0001 11       		.uleb128 0x11
 976 0002 01       		.byte	0x1
 977 0003 25       		.uleb128 0x25
 978 0004 0E       		.uleb128 0xe
 979 0005 13       		.uleb128 0x13
 980 0006 0B       		.uleb128 0xb
 981 0007 03       		.uleb128 0x3
 982 0008 0E       		.uleb128 0xe
 983 0009 1B       		.uleb128 0x1b
 984 000a 0E       		.uleb128 0xe
 985 000b 55       		.uleb128 0x55
 986 000c 17       		.uleb128 0x17
 987 000d 11       		.uleb128 0x11
 988 000e 01       		.uleb128 0x1
 989 000f 10       		.uleb128 0x10
 990 0010 17       		.uleb128 0x17
 991 0011 00       		.byte	0
 992 0012 00       		.byte	0
 993 0013 02       		.uleb128 0x2
 994 0014 24       		.uleb128 0x24
 995 0015 00       		.byte	0
 996 0016 0B       		.uleb128 0xb
 997 0017 0B       		.uleb128 0xb
 998 0018 3E       		.uleb128 0x3e
 999 0019 0B       		.uleb128 0xb
 1000 001a 03       		.uleb128 0x3
 1001 001b 08       		.uleb128 0x8
 1002 001c 00       		.byte	0
 1003 001d 00       		.byte	0
 1004 001e 03       		.uleb128 0x3
 1005 001f 16       		.uleb128 0x16
 1006 0020 00       		.byte	0
 1007 0021 03       		.uleb128 0x3
 1008 0022 0E       		.uleb128 0xe
 1009 0023 3A       		.uleb128 0x3a
 1010 0024 0B       		.uleb128 0xb
ARM GAS  C:\Users\arh\AppData\Local\Temp\cccbqvuf.s 			page 25


 1011 0025 3B       		.uleb128 0x3b
 1012 0026 0B       		.uleb128 0xb
 1013 0027 49       		.uleb128 0x49
 1014 0028 13       		.uleb128 0x13
 1015 0029 00       		.byte	0
 1016 002a 00       		.byte	0
 1017 002b 04       		.uleb128 0x4
 1018 002c 24       		.uleb128 0x24
 1019 002d 00       		.byte	0
 1020 002e 0B       		.uleb128 0xb
 1021 002f 0B       		.uleb128 0xb
 1022 0030 3E       		.uleb128 0x3e
 1023 0031 0B       		.uleb128 0xb
 1024 0032 03       		.uleb128 0x3
 1025 0033 0E       		.uleb128 0xe
 1026 0034 00       		.byte	0
 1027 0035 00       		.byte	0
 1028 0036 05       		.uleb128 0x5
 1029 0037 0F       		.uleb128 0xf
 1030 0038 00       		.byte	0
 1031 0039 0B       		.uleb128 0xb
 1032 003a 0B       		.uleb128 0xb
 1033 003b 00       		.byte	0
 1034 003c 00       		.byte	0
 1035 003d 06       		.uleb128 0x6
 1036 003e 16       		.uleb128 0x16
 1037 003f 00       		.byte	0
 1038 0040 03       		.uleb128 0x3
 1039 0041 0E       		.uleb128 0xe
 1040 0042 3A       		.uleb128 0x3a
 1041 0043 0B       		.uleb128 0xb
 1042 0044 3B       		.uleb128 0x3b
 1043 0045 05       		.uleb128 0x5
 1044 0046 49       		.uleb128 0x49
 1045 0047 13       		.uleb128 0x13
 1046 0048 00       		.byte	0
 1047 0049 00       		.byte	0
 1048 004a 07       		.uleb128 0x7
 1049 004b 35       		.uleb128 0x35
 1050 004c 00       		.byte	0
 1051 004d 49       		.uleb128 0x49
 1052 004e 13       		.uleb128 0x13
 1053 004f 00       		.byte	0
 1054 0050 00       		.byte	0
 1055 0051 08       		.uleb128 0x8
 1056 0052 13       		.uleb128 0x13
 1057 0053 01       		.byte	0x1
 1058 0054 0B       		.uleb128 0xb
 1059 0055 0B       		.uleb128 0xb
 1060 0056 3A       		.uleb128 0x3a
 1061 0057 0B       		.uleb128 0xb
 1062 0058 3B       		.uleb128 0x3b
 1063 0059 0B       		.uleb128 0xb
 1064 005a 01       		.uleb128 0x1
 1065 005b 13       		.uleb128 0x13
 1066 005c 00       		.byte	0
 1067 005d 00       		.byte	0
ARM GAS  C:\Users\arh\AppData\Local\Temp\cccbqvuf.s 			page 26


 1068 005e 09       		.uleb128 0x9
 1069 005f 0D       		.uleb128 0xd
 1070 0060 00       		.byte	0
 1071 0061 03       		.uleb128 0x3
 1072 0062 0E       		.uleb128 0xe
 1073 0063 3A       		.uleb128 0x3a
 1074 0064 0B       		.uleb128 0xb
 1075 0065 3B       		.uleb128 0x3b
 1076 0066 0B       		.uleb128 0xb
 1077 0067 49       		.uleb128 0x49
 1078 0068 13       		.uleb128 0x13
 1079 0069 38       		.uleb128 0x38
 1080 006a 0B       		.uleb128 0xb
 1081 006b 00       		.byte	0
 1082 006c 00       		.byte	0
 1083 006d 0A       		.uleb128 0xa
 1084 006e 2E       		.uleb128 0x2e
 1085 006f 01       		.byte	0x1
 1086 0070 03       		.uleb128 0x3
 1087 0071 0E       		.uleb128 0xe
 1088 0072 3A       		.uleb128 0x3a
 1089 0073 0B       		.uleb128 0xb
 1090 0074 3B       		.uleb128 0x3b
 1091 0075 0B       		.uleb128 0xb
 1092 0076 27       		.uleb128 0x27
 1093 0077 19       		.uleb128 0x19
 1094 0078 11       		.uleb128 0x11
 1095 0079 01       		.uleb128 0x1
 1096 007a 12       		.uleb128 0x12
 1097 007b 06       		.uleb128 0x6
 1098 007c 40       		.uleb128 0x40
 1099 007d 18       		.uleb128 0x18
 1100 007e 9642     		.uleb128 0x2116
 1101 0080 19       		.uleb128 0x19
 1102 0081 01       		.uleb128 0x1
 1103 0082 13       		.uleb128 0x13
 1104 0083 00       		.byte	0
 1105 0084 00       		.byte	0
 1106 0085 0B       		.uleb128 0xb
 1107 0086 05       		.uleb128 0x5
 1108 0087 00       		.byte	0
 1109 0088 03       		.uleb128 0x3
 1110 0089 08       		.uleb128 0x8
 1111 008a 3A       		.uleb128 0x3a
 1112 008b 0B       		.uleb128 0xb
 1113 008c 3B       		.uleb128 0x3b
 1114 008d 0B       		.uleb128 0xb
 1115 008e 49       		.uleb128 0x49
 1116 008f 13       		.uleb128 0x13
 1117 0090 02       		.uleb128 0x2
 1118 0091 18       		.uleb128 0x18
 1119 0092 00       		.byte	0
 1120 0093 00       		.byte	0
 1121 0094 0C       		.uleb128 0xc
 1122 0095 05       		.uleb128 0x5
 1123 0096 00       		.byte	0
 1124 0097 03       		.uleb128 0x3
ARM GAS  C:\Users\arh\AppData\Local\Temp\cccbqvuf.s 			page 27


 1125 0098 0E       		.uleb128 0xe
 1126 0099 3A       		.uleb128 0x3a
 1127 009a 0B       		.uleb128 0xb
 1128 009b 3B       		.uleb128 0x3b
 1129 009c 0B       		.uleb128 0xb
 1130 009d 49       		.uleb128 0x49
 1131 009e 13       		.uleb128 0x13
 1132 009f 02       		.uleb128 0x2
 1133 00a0 18       		.uleb128 0x18
 1134 00a1 00       		.byte	0
 1135 00a2 00       		.byte	0
 1136 00a3 0D       		.uleb128 0xd
 1137 00a4 0F       		.uleb128 0xf
 1138 00a5 00       		.byte	0
 1139 00a6 0B       		.uleb128 0xb
 1140 00a7 0B       		.uleb128 0xb
 1141 00a8 49       		.uleb128 0x49
 1142 00a9 13       		.uleb128 0x13
 1143 00aa 00       		.byte	0
 1144 00ab 00       		.byte	0
 1145 00ac 0E       		.uleb128 0xe
 1146 00ad 26       		.uleb128 0x26
 1147 00ae 00       		.byte	0
 1148 00af 00       		.byte	0
 1149 00b0 00       		.byte	0
 1150 00b1 0F       		.uleb128 0xf
 1151 00b2 2E       		.uleb128 0x2e
 1152 00b3 01       		.byte	0x1
 1153 00b4 03       		.uleb128 0x3
 1154 00b5 0E       		.uleb128 0xe
 1155 00b6 3A       		.uleb128 0x3a
 1156 00b7 0B       		.uleb128 0xb
 1157 00b8 3B       		.uleb128 0x3b
 1158 00b9 0B       		.uleb128 0xb
 1159 00ba 27       		.uleb128 0x27
 1160 00bb 19       		.uleb128 0x19
 1161 00bc 11       		.uleb128 0x11
 1162 00bd 01       		.uleb128 0x1
 1163 00be 12       		.uleb128 0x12
 1164 00bf 06       		.uleb128 0x6
 1165 00c0 40       		.uleb128 0x40
 1166 00c1 18       		.uleb128 0x18
 1167 00c2 9742     		.uleb128 0x2117
 1168 00c4 19       		.uleb128 0x19
 1169 00c5 01       		.uleb128 0x1
 1170 00c6 13       		.uleb128 0x13
 1171 00c7 00       		.byte	0
 1172 00c8 00       		.byte	0
 1173 00c9 10       		.uleb128 0x10
 1174 00ca 34       		.uleb128 0x34
 1175 00cb 00       		.byte	0
 1176 00cc 03       		.uleb128 0x3
 1177 00cd 08       		.uleb128 0x8
 1178 00ce 3A       		.uleb128 0x3a
 1179 00cf 0B       		.uleb128 0xb
 1180 00d0 3B       		.uleb128 0x3b
 1181 00d1 0B       		.uleb128 0xb
ARM GAS  C:\Users\arh\AppData\Local\Temp\cccbqvuf.s 			page 28


 1182 00d2 49       		.uleb128 0x49
 1183 00d3 13       		.uleb128 0x13
 1184 00d4 02       		.uleb128 0x2
 1185 00d5 18       		.uleb128 0x18
 1186 00d6 00       		.byte	0
 1187 00d7 00       		.byte	0
 1188 00d8 11       		.uleb128 0x11
 1189 00d9 0B       		.uleb128 0xb
 1190 00da 01       		.byte	0x1
 1191 00db 11       		.uleb128 0x11
 1192 00dc 01       		.uleb128 0x1
 1193 00dd 12       		.uleb128 0x12
 1194 00de 06       		.uleb128 0x6
 1195 00df 00       		.byte	0
 1196 00e0 00       		.byte	0
 1197 00e1 12       		.uleb128 0x12
 1198 00e2 34       		.uleb128 0x34
 1199 00e3 00       		.byte	0
 1200 00e4 03       		.uleb128 0x3
 1201 00e5 0E       		.uleb128 0xe
 1202 00e6 3A       		.uleb128 0x3a
 1203 00e7 0B       		.uleb128 0xb
 1204 00e8 3B       		.uleb128 0x3b
 1205 00e9 0B       		.uleb128 0xb
 1206 00ea 49       		.uleb128 0x49
 1207 00eb 13       		.uleb128 0x13
 1208 00ec 02       		.uleb128 0x2
 1209 00ed 18       		.uleb128 0x18
 1210 00ee 00       		.byte	0
 1211 00ef 00       		.byte	0
 1212 00f0 13       		.uleb128 0x13
 1213 00f1 26       		.uleb128 0x26
 1214 00f2 00       		.byte	0
 1215 00f3 49       		.uleb128 0x49
 1216 00f4 13       		.uleb128 0x13
 1217 00f5 00       		.byte	0
 1218 00f6 00       		.byte	0
 1219 00f7 14       		.uleb128 0x14
 1220 00f8 2E       		.uleb128 0x2e
 1221 00f9 00       		.byte	0
 1222 00fa 03       		.uleb128 0x3
 1223 00fb 0E       		.uleb128 0xe
 1224 00fc 3A       		.uleb128 0x3a
 1225 00fd 0B       		.uleb128 0xb
 1226 00fe 3B       		.uleb128 0x3b
 1227 00ff 0B       		.uleb128 0xb
 1228 0100 27       		.uleb128 0x27
 1229 0101 19       		.uleb128 0x19
 1230 0102 11       		.uleb128 0x11
 1231 0103 01       		.uleb128 0x1
 1232 0104 12       		.uleb128 0x12
 1233 0105 06       		.uleb128 0x6
 1234 0106 40       		.uleb128 0x40
 1235 0107 18       		.uleb128 0x18
 1236 0108 9642     		.uleb128 0x2116
 1237 010a 19       		.uleb128 0x19
 1238 010b 00       		.byte	0
ARM GAS  C:\Users\arh\AppData\Local\Temp\cccbqvuf.s 			page 29


 1239 010c 00       		.byte	0
 1240 010d 15       		.uleb128 0x15
 1241 010e 2E       		.uleb128 0x2e
 1242 010f 00       		.byte	0
 1243 0110 03       		.uleb128 0x3
 1244 0111 0E       		.uleb128 0xe
 1245 0112 3A       		.uleb128 0x3a
 1246 0113 0B       		.uleb128 0xb
 1247 0114 3B       		.uleb128 0x3b
 1248 0115 0B       		.uleb128 0xb
 1249 0116 27       		.uleb128 0x27
 1250 0117 19       		.uleb128 0x19
 1251 0118 11       		.uleb128 0x11
 1252 0119 01       		.uleb128 0x1
 1253 011a 12       		.uleb128 0x12
 1254 011b 06       		.uleb128 0x6
 1255 011c 40       		.uleb128 0x40
 1256 011d 18       		.uleb128 0x18
 1257 011e 9742     		.uleb128 0x2117
 1258 0120 19       		.uleb128 0x19
 1259 0121 00       		.byte	0
 1260 0122 00       		.byte	0
 1261 0123 16       		.uleb128 0x16
 1262 0124 2E       		.uleb128 0x2e
 1263 0125 01       		.byte	0x1
 1264 0126 3F       		.uleb128 0x3f
 1265 0127 19       		.uleb128 0x19
 1266 0128 03       		.uleb128 0x3
 1267 0129 0E       		.uleb128 0xe
 1268 012a 3A       		.uleb128 0x3a
 1269 012b 0B       		.uleb128 0xb
 1270 012c 3B       		.uleb128 0x3b
 1271 012d 05       		.uleb128 0x5
 1272 012e 27       		.uleb128 0x27
 1273 012f 19       		.uleb128 0x19
 1274 0130 11       		.uleb128 0x11
 1275 0131 01       		.uleb128 0x1
 1276 0132 12       		.uleb128 0x12
 1277 0133 06       		.uleb128 0x6
 1278 0134 40       		.uleb128 0x40
 1279 0135 18       		.uleb128 0x18
 1280 0136 9642     		.uleb128 0x2116
 1281 0138 19       		.uleb128 0x19
 1282 0139 01       		.uleb128 0x1
 1283 013a 13       		.uleb128 0x13
 1284 013b 00       		.byte	0
 1285 013c 00       		.byte	0
 1286 013d 17       		.uleb128 0x17
 1287 013e 34       		.uleb128 0x34
 1288 013f 00       		.byte	0
 1289 0140 03       		.uleb128 0x3
 1290 0141 0E       		.uleb128 0xe
 1291 0142 3A       		.uleb128 0x3a
 1292 0143 0B       		.uleb128 0xb
 1293 0144 3B       		.uleb128 0x3b
 1294 0145 05       		.uleb128 0x5
 1295 0146 49       		.uleb128 0x49
ARM GAS  C:\Users\arh\AppData\Local\Temp\cccbqvuf.s 			page 30


 1296 0147 13       		.uleb128 0x13
 1297 0148 02       		.uleb128 0x2
 1298 0149 18       		.uleb128 0x18
 1299 014a 00       		.byte	0
 1300 014b 00       		.byte	0
 1301 014c 18       		.uleb128 0x18
 1302 014d 13       		.uleb128 0x13
 1303 014e 01       		.byte	0x1
 1304 014f 0B       		.uleb128 0xb
 1305 0150 0B       		.uleb128 0xb
 1306 0151 3A       		.uleb128 0x3a
 1307 0152 0B       		.uleb128 0xb
 1308 0153 3B       		.uleb128 0x3b
 1309 0154 05       		.uleb128 0x5
 1310 0155 01       		.uleb128 0x1
 1311 0156 13       		.uleb128 0x13
 1312 0157 00       		.byte	0
 1313 0158 00       		.byte	0
 1314 0159 19       		.uleb128 0x19
 1315 015a 0D       		.uleb128 0xd
 1316 015b 00       		.byte	0
 1317 015c 03       		.uleb128 0x3
 1318 015d 0E       		.uleb128 0xe
 1319 015e 3A       		.uleb128 0x3a
 1320 015f 0B       		.uleb128 0xb
 1321 0160 3B       		.uleb128 0x3b
 1322 0161 05       		.uleb128 0x5
 1323 0162 49       		.uleb128 0x49
 1324 0163 13       		.uleb128 0x13
 1325 0164 38       		.uleb128 0x38
 1326 0165 0B       		.uleb128 0xb
 1327 0166 00       		.byte	0
 1328 0167 00       		.byte	0
 1329 0168 1A       		.uleb128 0x1a
 1330 0169 01       		.uleb128 0x1
 1331 016a 01       		.byte	0x1
 1332 016b 49       		.uleb128 0x49
 1333 016c 13       		.uleb128 0x13
 1334 016d 01       		.uleb128 0x1
 1335 016e 13       		.uleb128 0x13
 1336 016f 00       		.byte	0
 1337 0170 00       		.byte	0
 1338 0171 1B       		.uleb128 0x1b
 1339 0172 21       		.uleb128 0x21
 1340 0173 00       		.byte	0
 1341 0174 49       		.uleb128 0x49
 1342 0175 13       		.uleb128 0x13
 1343 0176 2F       		.uleb128 0x2f
 1344 0177 0B       		.uleb128 0xb
 1345 0178 00       		.byte	0
 1346 0179 00       		.byte	0
 1347 017a 1C       		.uleb128 0x1c
 1348 017b 34       		.uleb128 0x34
 1349 017c 00       		.byte	0
 1350 017d 03       		.uleb128 0x3
 1351 017e 08       		.uleb128 0x8
 1352 017f 3A       		.uleb128 0x3a
ARM GAS  C:\Users\arh\AppData\Local\Temp\cccbqvuf.s 			page 31


 1353 0180 0B       		.uleb128 0xb
 1354 0181 3B       		.uleb128 0x3b
 1355 0182 05       		.uleb128 0x5
 1356 0183 49       		.uleb128 0x49
 1357 0184 13       		.uleb128 0x13
 1358 0185 02       		.uleb128 0x2
 1359 0186 18       		.uleb128 0x18
 1360 0187 00       		.byte	0
 1361 0188 00       		.byte	0
 1362 0189 00       		.byte	0
 1363              		.section	.debug_aranges,"",%progbits
 1364 0000 4C000000 		.4byte	0x4c
 1365 0004 0200     		.2byte	0x2
 1366 0006 00000000 		.4byte	.Ldebug_info0
 1367 000a 04       		.byte	0x4
 1368 000b 00       		.byte	0
 1369 000c 0000     		.2byte	0
 1370 000e 0000     		.2byte	0
 1371 0010 00000000 		.4byte	.LFB1
 1372 0014 1E000000 		.4byte	.LFE1-.LFB1
 1373 0018 00000000 		.4byte	.LFB2
 1374 001c 22000000 		.4byte	.LFE2-.LFB2
 1375 0020 00000000 		.4byte	.LFB3
 1376 0024 22000000 		.4byte	.LFE3-.LFB3
 1377 0028 00000000 		.4byte	.LFB4
 1378 002c 80000000 		.4byte	.LFE4-.LFB4
 1379 0030 00000000 		.4byte	.LFB5
 1380 0034 4C000000 		.4byte	.LFE5-.LFB5
 1381 0038 00000000 		.4byte	.LFB6
 1382 003c 28000000 		.4byte	.LFE6-.LFB6
 1383 0040 4C000000 		.4byte	.LFB7
 1384 0044 10010000 		.4byte	.LFE7-.LFB7
 1385 0048 00000000 		.4byte	0
 1386 004c 00000000 		.4byte	0
 1387              		.section	.debug_ranges,"",%progbits
 1388              	.Ldebug_ranges0:
 1389 0000 00000000 		.4byte	.LFB1
 1390 0004 1E000000 		.4byte	.LFE1
 1391 0008 00000000 		.4byte	.LFB2
 1392 000c 22000000 		.4byte	.LFE2
 1393 0010 00000000 		.4byte	.LFB3
 1394 0014 22000000 		.4byte	.LFE3
 1395 0018 00000000 		.4byte	.LFB4
 1396 001c 80000000 		.4byte	.LFE4
 1397 0020 00000000 		.4byte	.LFB5
 1398 0024 4C000000 		.4byte	.LFE5
 1399 0028 00000000 		.4byte	.LFB6
 1400 002c 28000000 		.4byte	.LFE6
 1401 0030 4C000000 		.4byte	.LFB7
 1402 0034 5C010000 		.4byte	.LFE7
 1403 0038 00000000 		.4byte	0
 1404 003c 00000000 		.4byte	0
 1405              		.section	.debug_line,"",%progbits
 1406              	.Ldebug_line0:
 1407 0000 87010000 		.section	.debug_str,"MS",%progbits,1
 1407      0200CB00 
 1407      00000201 
ARM GAS  C:\Users\arh\AppData\Local\Temp\cccbqvuf.s 			page 32


 1407      FB0E0D00 
 1407      01010101 
 1408              	.LASF18:
 1409 0000 72656733 		.ascii	"reg32\000"
 1409      3200
 1410              	.LASF11:
 1411 0006 73697A65 		.ascii	"size_t\000"
 1411      5F7400
 1412              	.LASF32:
 1413 000d 416E616C 		.ascii	"AnalogSetDefault\000"
 1413      6F675365 
 1413      74446566 
 1413      61756C74 
 1413      00
 1414              	.LASF20:
 1415 001e 76616C75 		.ascii	"value\000"
 1415      6500
 1416              	.LASF30:
 1417 0024 636F756E 		.ascii	"count\000"
 1417      7400
 1418              	.LASF31:
 1419 002a 436C6F63 		.ascii	"ClockSetup\000"
 1419      6B536574 
 1419      757000
 1420              	.LASF33:
 1421 0035 63795F63 		.ascii	"cy_cfg_addr_table\000"
 1421      66675F61 
 1421      6464725F 
 1421      7461626C 
 1421      6500
 1422              	.LASF34:
 1423 0047 63795F63 		.ascii	"cy_cfg_data_table\000"
 1423      66675F64 
 1423      6174615F 
 1423      7461626C 
 1423      6500
 1424              	.LASF15:
 1425 0059 666C6F61 		.ascii	"float\000"
 1425      7400
 1426              	.LASF24:
 1427 005f 64657374 		.ascii	"dest\000"
 1427      00
 1428              	.LASF38:
 1429 0064 6366675F 		.ascii	"cfg_memset_list\000"
 1429      6D656D73 
 1429      65745F6C 
 1429      69737400 
 1430              	.LASF36:
 1431 0074 73697A65 		.ascii	"size\000"
 1431      00
 1432              	.LASF17:
 1433 0079 72656738 		.ascii	"reg8\000"
 1433      00
 1434              	.LASF6:
 1435 007e 6C6F6E67 		.ascii	"long unsigned int\000"
 1435      20756E73 
 1435      69676E65 
ARM GAS  C:\Users\arh\AppData\Local\Temp\cccbqvuf.s 			page 33


 1435      6420696E 
 1435      7400
 1436              	.LASF12:
 1437 0090 75696E74 		.ascii	"uint8\000"
 1437      3800
 1438              	.LASF22:
 1439 0096 43594D45 		.ascii	"CYMEMZERO\000"
 1439      4D5A4552 
 1439      4F00
 1440              	.LASF2:
 1441 00a0 756E7369 		.ascii	"unsigned char\000"
 1441      676E6564 
 1441      20636861 
 1441      7200
 1442              	.LASF16:
 1443 00ae 646F7562 		.ascii	"double\000"
 1443      6C6500
 1444              	.LASF26:
 1445 00b5 6366675F 		.ascii	"cfg_write_bytes32\000"
 1445      77726974 
 1445      655F6279 
 1445      74657333 
 1445      3200
 1446              	.LASF42:
 1447 00c7 63796669 		.ascii	"cyfitter_cfg\000"
 1447      74746572 
 1447      5F636667 
 1447      00
 1448              	.LASF27:
 1449 00d4 61646472 		.ascii	"addr_table\000"
 1449      5F746162 
 1449      6C6500
 1450              	.LASF13:
 1451 00df 75696E74 		.ascii	"uint16\000"
 1451      313600
 1452              	.LASF28:
 1453 00e6 64617461 		.ascii	"data_table\000"
 1453      5F746162 
 1453      6C6500
 1454              	.LASF14:
 1455 00f1 75696E74 		.ascii	"uint32\000"
 1455      333200
 1456              	.LASF39:
 1457 00f8 474E5520 		.ascii	"GNU C 4.9.3 20150303 (release) [ARM/embedded-4_9-br"
 1457      4320342E 
 1457      392E3320 
 1457      32303135 
 1457      30333033 
 1458 012b 616E6368 		.ascii	"anch revision 221220] -mcpu=cortex-m0 -mthumb -g -O"
 1458      20726576 
 1458      6973696F 
 1458      6E203232 
 1458      31323230 
 1459 015e 30202D66 		.ascii	"0 -ffunction-sections -ffat-lto-objects\000"
 1459      66756E63 
 1459      74696F6E 
 1459      2D736563 
ARM GAS  C:\Users\arh\AppData\Local\Temp\cccbqvuf.s 			page 34


 1459      74696F6E 
 1460              	.LASF0:
 1461 0186 756E7369 		.ascii	"unsigned int\000"
 1461      676E6564 
 1461      20696E74 
 1461      00
 1462              	.LASF35:
 1463 0193 61646472 		.ascii	"address\000"
 1463      65737300 
 1464              	.LASF8:
 1465 019b 6C6F6E67 		.ascii	"long long unsigned int\000"
 1465      206C6F6E 
 1465      6720756E 
 1465      7369676E 
 1465      65642069 
 1466              	.LASF37:
 1467 01b2 6366675F 		.ascii	"cfg_memset_t\000"
 1467      6D656D73 
 1467      65745F74 
 1467      00
 1468              	.LASF29:
 1469 01bf 62617365 		.ascii	"baseAddr\000"
 1469      41646472 
 1469      00
 1470              	.LASF9:
 1471 01c8 73697A65 		.ascii	"sizetype\000"
 1471      74797065 
 1471      00
 1472              	.LASF4:
 1473 01d1 73686F72 		.ascii	"short unsigned int\000"
 1473      7420756E 
 1473      7369676E 
 1473      65642069 
 1473      6E7400
 1474              	.LASF7:
 1475 01e4 6C6F6E67 		.ascii	"long long int\000"
 1475      206C6F6E 
 1475      6720696E 
 1475      7400
 1476              	.LASF10:
 1477 01f2 63686172 		.ascii	"char\000"
 1477      00
 1478              	.LASF21:
 1479 01f7 63795F63 		.ascii	"cy_cfg_addrvalue_t\000"
 1479      66675F61 
 1479      64647276 
 1479      616C7565 
 1479      5F7400
 1480              	.LASF19:
 1481 020a 6F666673 		.ascii	"offset\000"
 1481      657400
 1482              	.LASF3:
 1483 0211 73686F72 		.ascii	"short int\000"
 1483      7420696E 
 1483      7400
 1484              	.LASF5:
 1485 021b 6C6F6E67 		.ascii	"long int\000"
ARM GAS  C:\Users\arh\AppData\Local\Temp\cccbqvuf.s 			page 35


 1485      20696E74 
 1485      00
 1486              	.LASF41:
 1487 0224 5C5C766D 		.ascii	"\\\\vmware-host\\Shared Folders\\Documents\\PSoC Cr"
 1487      77617265 
 1487      2D686F73 
 1487      745C5368 
 1487      61726564 
 1488 0252 6561746F 		.ascii	"eator\\TestThingSoc\\USBFS_UART01.cydsn\000"
 1488      725C5465 
 1488      73745468 
 1488      696E6753 
 1488      6F635C55 
 1489              	.LASF1:
 1490 0278 7369676E 		.ascii	"signed char\000"
 1490      65642063 
 1490      68617200 
 1491              	.LASF40:
 1492 0284 47656E65 		.ascii	"Generated_Source\\PSoC4\\cyfitter_cfg.c\000"
 1492      72617465 
 1492      645F536F 
 1492      75726365 
 1492      5C50536F 
 1493              	.LASF25:
 1494 02aa 4359434F 		.ascii	"CYCONFIGCPYCODE\000"
 1494      4E464947 
 1494      43505943 
 1494      4F444500 
 1495              	.LASF23:
 1496 02ba 4359434F 		.ascii	"CYCONFIGCPY\000"
 1496      4E464947 
 1496      43505900 
 1497              		.ident	"GCC: (GNU Tools for ARM Embedded Processors) 4.9.3 20150303 (release) [ARM/embedded-4_9-br
