ARM GAS  C:\Users\arh\AppData\Local\Temp\cc9e1O57.s 			page 1


   1              		.cpu cortex-m0
   2              		.fpu softvfp
   3              		.eabi_attribute 20, 1
   4              		.eabi_attribute 21, 1
   5              		.eabi_attribute 23, 3
   6              		.eabi_attribute 24, 1
   7              		.eabi_attribute 25, 1
   8              		.eabi_attribute 26, 1
   9              		.eabi_attribute 30, 6
  10              		.eabi_attribute 34, 0
  11              		.eabi_attribute 18, 4
  12              		.code	16
  13              		.file	"USBUART_cls.c"
  14              		.text
  15              	.Ltext0:
  16              		.cfi_sections	.debug_frame
  17              		.section	.text.USBUART_DispatchClassRqst,"ax",%progbits
  18              		.align	2
  19              		.global	USBUART_DispatchClassRqst
  20              		.code	16
  21              		.thumb_func
  22              		.type	USBUART_DispatchClassRqst, %function
  23              	USBUART_DispatchClassRqst:
  24              	.LFB1:
  25              		.file 1 "Generated_Source\\PSoC4\\USBUART_cls.c"
   1:Generated_Source\PSoC4/USBUART_cls.c **** /***************************************************************************//**
   2:Generated_Source\PSoC4/USBUART_cls.c **** * \file USBUART_cls.c
   3:Generated_Source\PSoC4/USBUART_cls.c **** * \version 3.10
   4:Generated_Source\PSoC4/USBUART_cls.c **** *
   5:Generated_Source\PSoC4/USBUART_cls.c **** * \brief
   6:Generated_Source\PSoC4/USBUART_cls.c **** *  This file contains the USB Class request handler.
   7:Generated_Source\PSoC4/USBUART_cls.c **** *
   8:Generated_Source\PSoC4/USBUART_cls.c **** ********************************************************************************
   9:Generated_Source\PSoC4/USBUART_cls.c **** * \copyright
  10:Generated_Source\PSoC4/USBUART_cls.c **** * Copyright 2008-2016, Cypress Semiconductor Corporation.  All rights reserved.
  11:Generated_Source\PSoC4/USBUART_cls.c **** * You may use this file only in accordance with the license, terms, conditions,
  12:Generated_Source\PSoC4/USBUART_cls.c **** * disclaimers, and limitations in the end user license agreement accompanying
  13:Generated_Source\PSoC4/USBUART_cls.c **** * the software package with which this file was provided.
  14:Generated_Source\PSoC4/USBUART_cls.c **** *******************************************************************************/
  15:Generated_Source\PSoC4/USBUART_cls.c **** 
  16:Generated_Source\PSoC4/USBUART_cls.c **** #include "USBUART_pvt.h"
  17:Generated_Source\PSoC4/USBUART_cls.c **** #include "cyapicallbacks.h"
  18:Generated_Source\PSoC4/USBUART_cls.c **** 
  19:Generated_Source\PSoC4/USBUART_cls.c **** #if(USBUART_EXTERN_CLS == USBUART_FALSE)
  20:Generated_Source\PSoC4/USBUART_cls.c **** 
  21:Generated_Source\PSoC4/USBUART_cls.c **** /***************************************
  22:Generated_Source\PSoC4/USBUART_cls.c **** * User Implemented Class Driver Declarations.
  23:Generated_Source\PSoC4/USBUART_cls.c **** ***************************************/
  24:Generated_Source\PSoC4/USBUART_cls.c **** /* `#START USER_DEFINED_CLASS_DECLARATIONS` Place your declaration here */
  25:Generated_Source\PSoC4/USBUART_cls.c **** 
  26:Generated_Source\PSoC4/USBUART_cls.c **** /* `#END` */
  27:Generated_Source\PSoC4/USBUART_cls.c **** 
  28:Generated_Source\PSoC4/USBUART_cls.c **** 
  29:Generated_Source\PSoC4/USBUART_cls.c **** /*******************************************************************************
  30:Generated_Source\PSoC4/USBUART_cls.c **** * Function Name: USBUART_DispatchClassRqst
  31:Generated_Source\PSoC4/USBUART_cls.c **** ****************************************************************************//**
  32:Generated_Source\PSoC4/USBUART_cls.c **** *  This routine dispatches class specific requests depend on interface class.
ARM GAS  C:\Users\arh\AppData\Local\Temp\cc9e1O57.s 			page 2


  33:Generated_Source\PSoC4/USBUART_cls.c **** *
  34:Generated_Source\PSoC4/USBUART_cls.c **** * \return
  35:Generated_Source\PSoC4/USBUART_cls.c **** *  requestHandled.
  36:Generated_Source\PSoC4/USBUART_cls.c **** *
  37:Generated_Source\PSoC4/USBUART_cls.c **** * \reentrant
  38:Generated_Source\PSoC4/USBUART_cls.c **** *  No.
  39:Generated_Source\PSoC4/USBUART_cls.c **** *
  40:Generated_Source\PSoC4/USBUART_cls.c **** *******************************************************************************/
  41:Generated_Source\PSoC4/USBUART_cls.c **** uint8 USBUART_DispatchClassRqst(void) 
  42:Generated_Source\PSoC4/USBUART_cls.c **** {
  26              		.loc 1 42 0
  27              		.cfi_startproc
  28 0000 90B5     		push	{r4, r7, lr}
  29              		.cfi_def_cfa_offset 12
  30              		.cfi_offset 4, -12
  31              		.cfi_offset 7, -8
  32              		.cfi_offset 14, -4
  33 0002 83B0     		sub	sp, sp, #12
  34              		.cfi_def_cfa_offset 24
  35 0004 00AF     		add	r7, sp, #0
  36              		.cfi_def_cfa_register 7
  43:Generated_Source\PSoC4/USBUART_cls.c ****     uint8 requestHandled;
  44:Generated_Source\PSoC4/USBUART_cls.c ****     uint8 interfaceNumber;
  45:Generated_Source\PSoC4/USBUART_cls.c **** 
  46:Generated_Source\PSoC4/USBUART_cls.c ****     /* Get interface to which request is intended. */
  47:Generated_Source\PSoC4/USBUART_cls.c ****     switch (USBUART_bmRequestTypeReg & USBUART_RQST_RCPT_MASK)
  37              		.loc 1 47 0
  38 0006 204B     		ldr	r3, .L13
  39 0008 1B68     		ldr	r3, [r3]
  40 000a 0322     		mov	r2, #3
  41 000c 1340     		and	r3, r2
  42 000e 012B     		cmp	r3, #1
  43 0010 02D0     		beq	.L3
  44 0012 022B     		cmp	r3, #2
  45 0014 05D0     		beq	.L4
  46 0016 13E0     		b	.L11
  47              	.L3:
  48:Generated_Source\PSoC4/USBUART_cls.c ****     {
  49:Generated_Source\PSoC4/USBUART_cls.c ****         case USBUART_RQST_RCPT_IFC:
  50:Generated_Source\PSoC4/USBUART_cls.c ****             /* Class-specific request directed to interface: wIndexLoReg 
  51:Generated_Source\PSoC4/USBUART_cls.c ****             * contains interface number.
  52:Generated_Source\PSoC4/USBUART_cls.c ****             */
  53:Generated_Source\PSoC4/USBUART_cls.c ****             interfaceNumber = (uint8) USBUART_wIndexLoReg;
  48              		.loc 1 53 0
  49 0018 1B4B     		ldr	r3, .L13
  50 001a 1A69     		ldr	r2, [r3, #16]
  51 001c BB1D     		add	r3, r7, #6
  52 001e 1A70     		strb	r2, [r3]
  54:Generated_Source\PSoC4/USBUART_cls.c ****             break;
  53              		.loc 1 54 0
  54 0020 12E0     		b	.L5
  55              	.L4:
  55:Generated_Source\PSoC4/USBUART_cls.c ****         
  56:Generated_Source\PSoC4/USBUART_cls.c ****         case USBUART_RQST_RCPT_EP:
  57:Generated_Source\PSoC4/USBUART_cls.c ****             /* Class-specific request directed to endpoint: wIndexLoReg contains 
  58:Generated_Source\PSoC4/USBUART_cls.c ****             * endpoint number. Find interface related to endpoint, 
  59:Generated_Source\PSoC4/USBUART_cls.c ****             */
ARM GAS  C:\Users\arh\AppData\Local\Temp\cc9e1O57.s 			page 3


  60:Generated_Source\PSoC4/USBUART_cls.c ****             interfaceNumber = USBUART_EP[USBUART_wIndexLoReg & USBUART_DIR_UNUSED].interface;
  56              		.loc 1 60 0
  57 0022 194B     		ldr	r3, .L13
  58 0024 1B69     		ldr	r3, [r3, #16]
  59 0026 7F22     		mov	r2, #127
  60 0028 1A40     		and	r2, r3
  61 002a B91D     		add	r1, r7, #6
  62 002c 1748     		ldr	r0, .L13+4
  63 002e 131C     		mov	r3, r2
  64 0030 5B00     		lsl	r3, r3, #1
  65 0032 9B18     		add	r3, r3, r2
  66 0034 9B00     		lsl	r3, r3, #2
  67 0036 C318     		add	r3, r0, r3
  68 0038 0833     		add	r3, r3, #8
  69 003a 9B78     		ldrb	r3, [r3, #2]
  70 003c 0B70     		strb	r3, [r1]
  61:Generated_Source\PSoC4/USBUART_cls.c ****             break;
  71              		.loc 1 61 0
  72 003e 03E0     		b	.L5
  73              	.L11:
  62:Generated_Source\PSoC4/USBUART_cls.c ****             
  63:Generated_Source\PSoC4/USBUART_cls.c ****         default:
  64:Generated_Source\PSoC4/USBUART_cls.c ****             /* Default interface is zero. */
  65:Generated_Source\PSoC4/USBUART_cls.c ****             interfaceNumber = 0u;
  74              		.loc 1 65 0
  75 0040 BB1D     		add	r3, r7, #6
  76 0042 0022     		mov	r2, #0
  77 0044 1A70     		strb	r2, [r3]
  66:Generated_Source\PSoC4/USBUART_cls.c ****             break;
  78              		.loc 1 66 0
  79 0046 C046     		mov	r8, r8
  80              	.L5:
  67:Generated_Source\PSoC4/USBUART_cls.c ****     }
  68:Generated_Source\PSoC4/USBUART_cls.c **** 
  69:Generated_Source\PSoC4/USBUART_cls.c **** #if (defined(USBUART_ENABLE_HID_CLASS) ||\
  70:Generated_Source\PSoC4/USBUART_cls.c ****             defined(USBUART_ENABLE_AUDIO_CLASS) ||\
  71:Generated_Source\PSoC4/USBUART_cls.c ****             defined(USBUART_ENABLE_CDC_CLASS) ||\
  72:Generated_Source\PSoC4/USBUART_cls.c ****             USBUART_ENABLE_MSC_CLASS)
  73:Generated_Source\PSoC4/USBUART_cls.c **** 
  74:Generated_Source\PSoC4/USBUART_cls.c ****     /* Handle class request depends on interface type. */
  75:Generated_Source\PSoC4/USBUART_cls.c ****     switch (USBUART_interfaceClass[interfaceNumber])
  81              		.loc 1 75 0
  82 0048 114B     		ldr	r3, .L13+8
  83 004a 1A68     		ldr	r2, [r3]
  84 004c BB1D     		add	r3, r7, #6
  85 004e 1B78     		ldrb	r3, [r3]
  86 0050 D318     		add	r3, r2, r3
  87 0052 1B78     		ldrb	r3, [r3]
  88 0054 022B     		cmp	r3, #2
  89 0056 07D0     		beq	.L7
  90 0058 032B     		cmp	r3, #3
  91 005a 0BD1     		bne	.L12
  76:Generated_Source\PSoC4/USBUART_cls.c ****     {
  77:Generated_Source\PSoC4/USBUART_cls.c ****     #if defined(USBUART_ENABLE_HID_CLASS)
  78:Generated_Source\PSoC4/USBUART_cls.c ****         case USBUART_CLASS_HID:
  79:Generated_Source\PSoC4/USBUART_cls.c ****             requestHandled = USBUART_DispatchHIDClassRqst();
  92              		.loc 1 79 0
ARM GAS  C:\Users\arh\AppData\Local\Temp\cc9e1O57.s 			page 4


  93 005c FC1D     		add	r4, r7, #7
  94 005e FFF7FEFF 		bl	USBUART_DispatchHIDClassRqst
  95 0062 031C     		mov	r3, r0
  96 0064 2370     		strb	r3, [r4]
  80:Generated_Source\PSoC4/USBUART_cls.c ****             break;
  97              		.loc 1 80 0
  98 0066 09E0     		b	.L9
  99              	.L7:
  81:Generated_Source\PSoC4/USBUART_cls.c ****     #endif /* (USBUART_ENABLE_HID_CLASS) */
  82:Generated_Source\PSoC4/USBUART_cls.c ****             
  83:Generated_Source\PSoC4/USBUART_cls.c ****     #if defined(USBUART_ENABLE_AUDIO_CLASS)
  84:Generated_Source\PSoC4/USBUART_cls.c ****         case USBUART_CLASS_AUDIO:
  85:Generated_Source\PSoC4/USBUART_cls.c ****             requestHandled = USBUART_DispatchAUDIOClassRqst();
  86:Generated_Source\PSoC4/USBUART_cls.c ****             break;
  87:Generated_Source\PSoC4/USBUART_cls.c ****     #endif /* (USBUART_CLASS_AUDIO) */
  88:Generated_Source\PSoC4/USBUART_cls.c ****             
  89:Generated_Source\PSoC4/USBUART_cls.c ****     #if defined(USBUART_ENABLE_CDC_CLASS)
  90:Generated_Source\PSoC4/USBUART_cls.c ****         case USBUART_CLASS_CDC:
  91:Generated_Source\PSoC4/USBUART_cls.c ****             requestHandled = USBUART_DispatchCDCClassRqst();
 100              		.loc 1 91 0
 101 0068 FC1D     		add	r4, r7, #7
 102 006a FFF7FEFF 		bl	USBUART_DispatchCDCClassRqst
 103 006e 031C     		mov	r3, r0
 104 0070 2370     		strb	r3, [r4]
  92:Generated_Source\PSoC4/USBUART_cls.c ****             break;
 105              		.loc 1 92 0
 106 0072 03E0     		b	.L9
 107              	.L12:
  93:Generated_Source\PSoC4/USBUART_cls.c ****     #endif /* (USBUART_ENABLE_CDC_CLASS) */
  94:Generated_Source\PSoC4/USBUART_cls.c ****         
  95:Generated_Source\PSoC4/USBUART_cls.c ****     #if (USBUART_ENABLE_MSC_CLASS)
  96:Generated_Source\PSoC4/USBUART_cls.c ****         case USBUART_CLASS_MSD:
  97:Generated_Source\PSoC4/USBUART_cls.c ****         #if (USBUART_HANDLE_MSC_REQUESTS)
  98:Generated_Source\PSoC4/USBUART_cls.c ****             /* MSC requests are handled by the component. */
  99:Generated_Source\PSoC4/USBUART_cls.c ****             requestHandled = USBUART_DispatchMSCClassRqst();
 100:Generated_Source\PSoC4/USBUART_cls.c ****         #elif defined(USBUART_DISPATCH_MSC_CLASS_RQST_CALLBACK)
 101:Generated_Source\PSoC4/USBUART_cls.c ****             /* MSC requests are handled by user defined callbcak. */
 102:Generated_Source\PSoC4/USBUART_cls.c ****             requestHandled = USBUART_DispatchMSCClassRqst_Callback();
 103:Generated_Source\PSoC4/USBUART_cls.c ****         #else
 104:Generated_Source\PSoC4/USBUART_cls.c ****             /* MSC requests are not handled. */
 105:Generated_Source\PSoC4/USBUART_cls.c ****             requestHandled = USBUART_FALSE;
 106:Generated_Source\PSoC4/USBUART_cls.c ****         #endif /* (USBUART_HANDLE_MSC_REQUESTS) */
 107:Generated_Source\PSoC4/USBUART_cls.c ****             break;
 108:Generated_Source\PSoC4/USBUART_cls.c ****     #endif /* (USBUART_ENABLE_MSC_CLASS) */
 109:Generated_Source\PSoC4/USBUART_cls.c ****         
 110:Generated_Source\PSoC4/USBUART_cls.c ****         default:
 111:Generated_Source\PSoC4/USBUART_cls.c ****             /* Request is not handled: unknown class request type. */
 112:Generated_Source\PSoC4/USBUART_cls.c ****             requestHandled = USBUART_FALSE;
 108              		.loc 1 112 0
 109 0074 FB1D     		add	r3, r7, #7
 110 0076 0022     		mov	r2, #0
 111 0078 1A70     		strb	r2, [r3]
 113:Generated_Source\PSoC4/USBUART_cls.c ****             break;
 112              		.loc 1 113 0
 113 007a C046     		mov	r8, r8
 114              	.L9:
 114:Generated_Source\PSoC4/USBUART_cls.c ****     }
ARM GAS  C:\Users\arh\AppData\Local\Temp\cc9e1O57.s 			page 5


 115:Generated_Source\PSoC4/USBUART_cls.c **** #else /*No class is defined*/
 116:Generated_Source\PSoC4/USBUART_cls.c ****     if (0u != interfaceNumber)
 117:Generated_Source\PSoC4/USBUART_cls.c ****     {
 118:Generated_Source\PSoC4/USBUART_cls.c ****         /* Suppress warning message */
 119:Generated_Source\PSoC4/USBUART_cls.c ****     }
 120:Generated_Source\PSoC4/USBUART_cls.c ****     requestHandled = USBUART_FALSE;
 121:Generated_Source\PSoC4/USBUART_cls.c **** #endif /*HID or AUDIO or MSC or CDC class enabled*/
 122:Generated_Source\PSoC4/USBUART_cls.c **** 
 123:Generated_Source\PSoC4/USBUART_cls.c ****     /* `#START USER_DEFINED_CLASS_CODE` Place your Class request here */
 124:Generated_Source\PSoC4/USBUART_cls.c **** 
 125:Generated_Source\PSoC4/USBUART_cls.c ****     /* `#END` */
 126:Generated_Source\PSoC4/USBUART_cls.c **** 
 127:Generated_Source\PSoC4/USBUART_cls.c **** #ifdef USBUART_DISPATCH_CLASS_RQST_CALLBACK
 128:Generated_Source\PSoC4/USBUART_cls.c ****     if (USBUART_FALSE == requestHandled)
 129:Generated_Source\PSoC4/USBUART_cls.c ****     {
 130:Generated_Source\PSoC4/USBUART_cls.c ****         requestHandled = USBUART_DispatchClassRqst_Callback(interfaceNumber);
 131:Generated_Source\PSoC4/USBUART_cls.c ****     }
 132:Generated_Source\PSoC4/USBUART_cls.c **** #endif /* (USBUART_DISPATCH_CLASS_RQST_CALLBACK) */
 133:Generated_Source\PSoC4/USBUART_cls.c **** 
 134:Generated_Source\PSoC4/USBUART_cls.c ****     return (requestHandled);
 115              		.loc 1 134 0
 116 007c FB1D     		add	r3, r7, #7
 117 007e 1B78     		ldrb	r3, [r3]
 135:Generated_Source\PSoC4/USBUART_cls.c **** }
 118              		.loc 1 135 0
 119 0080 181C     		mov	r0, r3
 120 0082 BD46     		mov	sp, r7
 121 0084 03B0     		add	sp, sp, #12
 122              		@ sp needed
 123 0086 90BD     		pop	{r4, r7, pc}
 124              	.L14:
 125              		.align	2
 126              	.L13:
 127 0088 00002C40 		.word	1076625408
 128 008c 00000000 		.word	USBUART_EP
 129 0090 00000000 		.word	USBUART_interfaceClass
 130              		.cfi_endproc
 131              	.LFE1:
 132              		.size	USBUART_DispatchClassRqst, .-USBUART_DispatchClassRqst
 133              		.text
 134              	.Letext0:
 135              		.file 2 "Generated_Source\\PSoC4\\cytypes.h"
 136              		.file 3 "Generated_Source\\PSoC4\\USBUART.h"
 137              		.file 4 "Generated_Source\\PSoC4\\USBUART_pvt.h"
 138              		.section	.debug_info,"",%progbits
 139              	.Ldebug_info0:
 140 0000 C4010000 		.4byte	0x1c4
 141 0004 0400     		.2byte	0x4
 142 0006 00000000 		.4byte	.Ldebug_abbrev0
 143 000a 04       		.byte	0x4
 144 000b 01       		.uleb128 0x1
 145 000c CD000000 		.4byte	.LASF32
 146 0010 01       		.byte	0x1
 147 0011 00000000 		.4byte	.LASF33
 148 0015 48020000 		.4byte	.LASF34
 149 0019 00000000 		.4byte	.Ldebug_ranges0+0
 150 001d 00000000 		.4byte	0
ARM GAS  C:\Users\arh\AppData\Local\Temp\cc9e1O57.s 			page 6


 151 0021 00000000 		.4byte	.Ldebug_line0
 152 0025 02       		.uleb128 0x2
 153 0026 01       		.byte	0x1
 154 0027 06       		.byte	0x6
 155 0028 3C020000 		.4byte	.LASF0
 156 002c 02       		.uleb128 0x2
 157 002d 01       		.byte	0x1
 158 002e 08       		.byte	0x8
 159 002f A6000000 		.4byte	.LASF1
 160 0033 02       		.uleb128 0x2
 161 0034 02       		.byte	0x2
 162 0035 05       		.byte	0x5
 163 0036 02020000 		.4byte	.LASF2
 164 003a 02       		.uleb128 0x2
 165 003b 02       		.byte	0x2
 166 003c 07       		.byte	0x7
 167 003d 25000000 		.4byte	.LASF3
 168 0041 02       		.uleb128 0x2
 169 0042 04       		.byte	0x4
 170 0043 05       		.byte	0x5
 171 0044 1C020000 		.4byte	.LASF4
 172 0048 02       		.uleb128 0x2
 173 0049 04       		.byte	0x4
 174 004a 07       		.byte	0x7
 175 004b 7F000000 		.4byte	.LASF5
 176 004f 02       		.uleb128 0x2
 177 0050 08       		.byte	0x8
 178 0051 05       		.byte	0x5
 179 0052 E4010000 		.4byte	.LASF6
 180 0056 02       		.uleb128 0x2
 181 0057 08       		.byte	0x8
 182 0058 07       		.byte	0x7
 183 0059 81010000 		.4byte	.LASF7
 184 005d 03       		.uleb128 0x3
 185 005e 04       		.byte	0x4
 186 005f 05       		.byte	0x5
 187 0060 696E7400 		.ascii	"int\000"
 188 0064 02       		.uleb128 0x2
 189 0065 04       		.byte	0x4
 190 0066 07       		.byte	0x7
 191 0067 74010000 		.4byte	.LASF8
 192 006b 04       		.uleb128 0x4
 193 006c 0C020000 		.4byte	.LASF9
 194 0070 02       		.byte	0x2
 195 0071 B901     		.2byte	0x1b9
 196 0073 2C000000 		.4byte	0x2c
 197 0077 04       		.uleb128 0x4
 198 0078 5B010000 		.4byte	.LASF10
 199 007c 02       		.byte	0x2
 200 007d BA01     		.2byte	0x1ba
 201 007f 3A000000 		.4byte	0x3a
 202 0083 04       		.uleb128 0x4
 203 0084 6D010000 		.4byte	.LASF11
 204 0088 02       		.byte	0x2
 205 0089 BB01     		.2byte	0x1bb
 206 008b 48000000 		.4byte	0x48
 207 008f 02       		.uleb128 0x2
ARM GAS  C:\Users\arh\AppData\Local\Temp\cc9e1O57.s 			page 7


 208 0090 04       		.byte	0x4
 209 0091 04       		.byte	0x4
 210 0092 65000000 		.4byte	.LASF12
 211 0096 02       		.uleb128 0x2
 212 0097 08       		.byte	0x8
 213 0098 04       		.byte	0x4
 214 0099 B4000000 		.4byte	.LASF13
 215 009d 02       		.uleb128 0x2
 216 009e 01       		.byte	0x1
 217 009f 08       		.byte	0x8
 218 00a0 F2010000 		.4byte	.LASF14
 219 00a4 02       		.uleb128 0x2
 220 00a5 04       		.byte	0x4
 221 00a6 07       		.byte	0x7
 222 00a7 D4010000 		.4byte	.LASF15
 223 00ab 05       		.uleb128 0x5
 224 00ac 0C       		.byte	0xc
 225 00ad 03       		.byte	0x3
 226 00ae 92       		.byte	0x92
 227 00af 20010000 		.4byte	0x120
 228 00b3 06       		.uleb128 0x6
 229 00b4 BB000000 		.4byte	.LASF16
 230 00b8 03       		.byte	0x3
 231 00b9 94       		.byte	0x94
 232 00ba 6B000000 		.4byte	0x6b
 233 00be 00       		.byte	0
 234 00bf 06       		.uleb128 0x6
 235 00c0 62010000 		.4byte	.LASF17
 236 00c4 03       		.byte	0x3
 237 00c5 95       		.byte	0x95
 238 00c6 6B000000 		.4byte	0x6b
 239 00ca 01       		.byte	0x1
 240 00cb 06       		.uleb128 0x6
 241 00cc 98010000 		.4byte	.LASF18
 242 00d0 03       		.byte	0x3
 243 00d1 96       		.byte	0x96
 244 00d2 6B000000 		.4byte	0x6b
 245 00d6 02       		.byte	0x2
 246 00d7 06       		.uleb128 0x6
 247 00d8 6B000000 		.4byte	.LASF19
 248 00dc 03       		.byte	0x3
 249 00dd 97       		.byte	0x97
 250 00de 6B000000 		.4byte	0x6b
 251 00e2 03       		.byte	0x3
 252 00e3 06       		.uleb128 0x6
 253 00e4 91000000 		.4byte	.LASF20
 254 00e8 03       		.byte	0x3
 255 00e9 98       		.byte	0x98
 256 00ea 6B000000 		.4byte	0x6b
 257 00ee 04       		.byte	0x4
 258 00ef 06       		.uleb128 0x6
 259 00f0 DD010000 		.4byte	.LASF21
 260 00f4 03       		.byte	0x3
 261 00f5 99       		.byte	0x99
 262 00f6 6B000000 		.4byte	0x6b
 263 00fa 05       		.byte	0x5
 264 00fb 06       		.uleb128 0x6
ARM GAS  C:\Users\arh\AppData\Local\Temp\cc9e1O57.s 			page 8


 265 00fc C2000000 		.4byte	.LASF22
 266 0100 03       		.byte	0x3
 267 0101 9A       		.byte	0x9a
 268 0102 77000000 		.4byte	0x77
 269 0106 06       		.byte	0x6
 270 0107 06       		.uleb128 0x6
 271 0108 F7010000 		.4byte	.LASF23
 272 010c 03       		.byte	0x3
 273 010d 9B       		.byte	0x9b
 274 010e 77000000 		.4byte	0x77
 275 0112 08       		.byte	0x8
 276 0113 06       		.uleb128 0x6
 277 0114 12020000 		.4byte	.LASF24
 278 0118 03       		.byte	0x3
 279 0119 9C       		.byte	0x9c
 280 011a 6B000000 		.4byte	0x6b
 281 011e 0A       		.byte	0xa
 282 011f 00       		.byte	0
 283 0120 07       		.uleb128 0x7
 284 0121 25020000 		.4byte	.LASF25
 285 0125 03       		.byte	0x3
 286 0126 9D       		.byte	0x9d
 287 0127 AB000000 		.4byte	0xab
 288 012b 05       		.uleb128 0x5
 289 012c 20       		.byte	0x20
 290 012d 03       		.byte	0x3
 291 012e CA       		.byte	0xca
 292 012f 40010000 		.4byte	0x140
 293 0133 06       		.uleb128 0x6
 294 0134 4F000000 		.4byte	.LASF26
 295 0138 03       		.byte	0x3
 296 0139 CC       		.byte	0xcc
 297 013a 40010000 		.4byte	0x140
 298 013e 00       		.byte	0
 299 013f 00       		.byte	0
 300 0140 08       		.uleb128 0x8
 301 0141 83000000 		.4byte	0x83
 302 0145 50010000 		.4byte	0x150
 303 0149 09       		.uleb128 0x9
 304 014a A4000000 		.4byte	0xa4
 305 014e 07       		.byte	0x7
 306 014f 00       		.byte	0
 307 0150 07       		.uleb128 0x7
 308 0151 BC010000 		.4byte	.LASF27
 309 0155 03       		.byte	0x3
 310 0156 CD       		.byte	0xcd
 311 0157 2B010000 		.4byte	0x12b
 312 015b 0A       		.uleb128 0xa
 313 015c A2010000 		.4byte	.LASF35
 314 0160 01       		.byte	0x1
 315 0161 29       		.byte	0x29
 316 0162 6B000000 		.4byte	0x6b
 317 0166 00000000 		.4byte	.LFB1
 318 016a 94000000 		.4byte	.LFE1-.LFB1
 319 016e 01       		.uleb128 0x1
 320 016f 9C       		.byte	0x9c
 321 0170 91010000 		.4byte	0x191
ARM GAS  C:\Users\arh\AppData\Local\Temp\cc9e1O57.s 			page 9


 322 0174 0B       		.uleb128 0xb
 323 0175 56000000 		.4byte	.LASF28
 324 0179 01       		.byte	0x1
 325 017a 2B       		.byte	0x2b
 326 017b 6B000000 		.4byte	0x6b
 327 017f 02       		.uleb128 0x2
 328 0180 91       		.byte	0x91
 329 0181 6F       		.sleb128 -17
 330 0182 0B       		.uleb128 0xb
 331 0183 96000000 		.4byte	.LASF29
 332 0187 01       		.byte	0x1
 333 0188 2C       		.byte	0x2c
 334 0189 6B000000 		.4byte	0x6b
 335 018d 02       		.uleb128 0x2
 336 018e 91       		.byte	0x91
 337 018f 6E       		.sleb128 -18
 338 0190 00       		.byte	0
 339 0191 0C       		.uleb128 0xc
 340 0192 38000000 		.4byte	.LASF30
 341 0196 04       		.byte	0x4
 342 0197 78       		.byte	0x78
 343 0198 9C010000 		.4byte	0x19c
 344 019c 0D       		.uleb128 0xd
 345 019d 04       		.byte	0x4
 346 019e A2010000 		.4byte	0x1a2
 347 01a2 0E       		.uleb128 0xe
 348 01a3 6B000000 		.4byte	0x6b
 349 01a7 08       		.uleb128 0x8
 350 01a8 20010000 		.4byte	0x120
 351 01ac B7010000 		.4byte	0x1b7
 352 01b0 09       		.uleb128 0x9
 353 01b1 A4000000 		.4byte	0xa4
 354 01b5 08       		.byte	0x8
 355 01b6 00       		.byte	0
 356 01b7 0C       		.uleb128 0xc
 357 01b8 74000000 		.4byte	.LASF31
 358 01bc 04       		.byte	0x4
 359 01bd 7A       		.byte	0x7a
 360 01be C2010000 		.4byte	0x1c2
 361 01c2 0F       		.uleb128 0xf
 362 01c3 A7010000 		.4byte	0x1a7
 363 01c7 00       		.byte	0
 364              		.section	.debug_abbrev,"",%progbits
 365              	.Ldebug_abbrev0:
 366 0000 01       		.uleb128 0x1
 367 0001 11       		.uleb128 0x11
 368 0002 01       		.byte	0x1
 369 0003 25       		.uleb128 0x25
 370 0004 0E       		.uleb128 0xe
 371 0005 13       		.uleb128 0x13
 372 0006 0B       		.uleb128 0xb
 373 0007 03       		.uleb128 0x3
 374 0008 0E       		.uleb128 0xe
 375 0009 1B       		.uleb128 0x1b
 376 000a 0E       		.uleb128 0xe
 377 000b 55       		.uleb128 0x55
 378 000c 17       		.uleb128 0x17
ARM GAS  C:\Users\arh\AppData\Local\Temp\cc9e1O57.s 			page 10


 379 000d 11       		.uleb128 0x11
 380 000e 01       		.uleb128 0x1
 381 000f 10       		.uleb128 0x10
 382 0010 17       		.uleb128 0x17
 383 0011 00       		.byte	0
 384 0012 00       		.byte	0
 385 0013 02       		.uleb128 0x2
 386 0014 24       		.uleb128 0x24
 387 0015 00       		.byte	0
 388 0016 0B       		.uleb128 0xb
 389 0017 0B       		.uleb128 0xb
 390 0018 3E       		.uleb128 0x3e
 391 0019 0B       		.uleb128 0xb
 392 001a 03       		.uleb128 0x3
 393 001b 0E       		.uleb128 0xe
 394 001c 00       		.byte	0
 395 001d 00       		.byte	0
 396 001e 03       		.uleb128 0x3
 397 001f 24       		.uleb128 0x24
 398 0020 00       		.byte	0
 399 0021 0B       		.uleb128 0xb
 400 0022 0B       		.uleb128 0xb
 401 0023 3E       		.uleb128 0x3e
 402 0024 0B       		.uleb128 0xb
 403 0025 03       		.uleb128 0x3
 404 0026 08       		.uleb128 0x8
 405 0027 00       		.byte	0
 406 0028 00       		.byte	0
 407 0029 04       		.uleb128 0x4
 408 002a 16       		.uleb128 0x16
 409 002b 00       		.byte	0
 410 002c 03       		.uleb128 0x3
 411 002d 0E       		.uleb128 0xe
 412 002e 3A       		.uleb128 0x3a
 413 002f 0B       		.uleb128 0xb
 414 0030 3B       		.uleb128 0x3b
 415 0031 05       		.uleb128 0x5
 416 0032 49       		.uleb128 0x49
 417 0033 13       		.uleb128 0x13
 418 0034 00       		.byte	0
 419 0035 00       		.byte	0
 420 0036 05       		.uleb128 0x5
 421 0037 13       		.uleb128 0x13
 422 0038 01       		.byte	0x1
 423 0039 0B       		.uleb128 0xb
 424 003a 0B       		.uleb128 0xb
 425 003b 3A       		.uleb128 0x3a
 426 003c 0B       		.uleb128 0xb
 427 003d 3B       		.uleb128 0x3b
 428 003e 0B       		.uleb128 0xb
 429 003f 01       		.uleb128 0x1
 430 0040 13       		.uleb128 0x13
 431 0041 00       		.byte	0
 432 0042 00       		.byte	0
 433 0043 06       		.uleb128 0x6
 434 0044 0D       		.uleb128 0xd
 435 0045 00       		.byte	0
ARM GAS  C:\Users\arh\AppData\Local\Temp\cc9e1O57.s 			page 11


 436 0046 03       		.uleb128 0x3
 437 0047 0E       		.uleb128 0xe
 438 0048 3A       		.uleb128 0x3a
 439 0049 0B       		.uleb128 0xb
 440 004a 3B       		.uleb128 0x3b
 441 004b 0B       		.uleb128 0xb
 442 004c 49       		.uleb128 0x49
 443 004d 13       		.uleb128 0x13
 444 004e 38       		.uleb128 0x38
 445 004f 0B       		.uleb128 0xb
 446 0050 00       		.byte	0
 447 0051 00       		.byte	0
 448 0052 07       		.uleb128 0x7
 449 0053 16       		.uleb128 0x16
 450 0054 00       		.byte	0
 451 0055 03       		.uleb128 0x3
 452 0056 0E       		.uleb128 0xe
 453 0057 3A       		.uleb128 0x3a
 454 0058 0B       		.uleb128 0xb
 455 0059 3B       		.uleb128 0x3b
 456 005a 0B       		.uleb128 0xb
 457 005b 49       		.uleb128 0x49
 458 005c 13       		.uleb128 0x13
 459 005d 00       		.byte	0
 460 005e 00       		.byte	0
 461 005f 08       		.uleb128 0x8
 462 0060 01       		.uleb128 0x1
 463 0061 01       		.byte	0x1
 464 0062 49       		.uleb128 0x49
 465 0063 13       		.uleb128 0x13
 466 0064 01       		.uleb128 0x1
 467 0065 13       		.uleb128 0x13
 468 0066 00       		.byte	0
 469 0067 00       		.byte	0
 470 0068 09       		.uleb128 0x9
 471 0069 21       		.uleb128 0x21
 472 006a 00       		.byte	0
 473 006b 49       		.uleb128 0x49
 474 006c 13       		.uleb128 0x13
 475 006d 2F       		.uleb128 0x2f
 476 006e 0B       		.uleb128 0xb
 477 006f 00       		.byte	0
 478 0070 00       		.byte	0
 479 0071 0A       		.uleb128 0xa
 480 0072 2E       		.uleb128 0x2e
 481 0073 01       		.byte	0x1
 482 0074 3F       		.uleb128 0x3f
 483 0075 19       		.uleb128 0x19
 484 0076 03       		.uleb128 0x3
 485 0077 0E       		.uleb128 0xe
 486 0078 3A       		.uleb128 0x3a
 487 0079 0B       		.uleb128 0xb
 488 007a 3B       		.uleb128 0x3b
 489 007b 0B       		.uleb128 0xb
 490 007c 27       		.uleb128 0x27
 491 007d 19       		.uleb128 0x19
 492 007e 49       		.uleb128 0x49
ARM GAS  C:\Users\arh\AppData\Local\Temp\cc9e1O57.s 			page 12


 493 007f 13       		.uleb128 0x13
 494 0080 11       		.uleb128 0x11
 495 0081 01       		.uleb128 0x1
 496 0082 12       		.uleb128 0x12
 497 0083 06       		.uleb128 0x6
 498 0084 40       		.uleb128 0x40
 499 0085 18       		.uleb128 0x18
 500 0086 9642     		.uleb128 0x2116
 501 0088 19       		.uleb128 0x19
 502 0089 01       		.uleb128 0x1
 503 008a 13       		.uleb128 0x13
 504 008b 00       		.byte	0
 505 008c 00       		.byte	0
 506 008d 0B       		.uleb128 0xb
 507 008e 34       		.uleb128 0x34
 508 008f 00       		.byte	0
 509 0090 03       		.uleb128 0x3
 510 0091 0E       		.uleb128 0xe
 511 0092 3A       		.uleb128 0x3a
 512 0093 0B       		.uleb128 0xb
 513 0094 3B       		.uleb128 0x3b
 514 0095 0B       		.uleb128 0xb
 515 0096 49       		.uleb128 0x49
 516 0097 13       		.uleb128 0x13
 517 0098 02       		.uleb128 0x2
 518 0099 18       		.uleb128 0x18
 519 009a 00       		.byte	0
 520 009b 00       		.byte	0
 521 009c 0C       		.uleb128 0xc
 522 009d 34       		.uleb128 0x34
 523 009e 00       		.byte	0
 524 009f 03       		.uleb128 0x3
 525 00a0 0E       		.uleb128 0xe
 526 00a1 3A       		.uleb128 0x3a
 527 00a2 0B       		.uleb128 0xb
 528 00a3 3B       		.uleb128 0x3b
 529 00a4 0B       		.uleb128 0xb
 530 00a5 49       		.uleb128 0x49
 531 00a6 13       		.uleb128 0x13
 532 00a7 3F       		.uleb128 0x3f
 533 00a8 19       		.uleb128 0x19
 534 00a9 3C       		.uleb128 0x3c
 535 00aa 19       		.uleb128 0x19
 536 00ab 00       		.byte	0
 537 00ac 00       		.byte	0
 538 00ad 0D       		.uleb128 0xd
 539 00ae 0F       		.uleb128 0xf
 540 00af 00       		.byte	0
 541 00b0 0B       		.uleb128 0xb
 542 00b1 0B       		.uleb128 0xb
 543 00b2 49       		.uleb128 0x49
 544 00b3 13       		.uleb128 0x13
 545 00b4 00       		.byte	0
 546 00b5 00       		.byte	0
 547 00b6 0E       		.uleb128 0xe
 548 00b7 26       		.uleb128 0x26
 549 00b8 00       		.byte	0
ARM GAS  C:\Users\arh\AppData\Local\Temp\cc9e1O57.s 			page 13


 550 00b9 49       		.uleb128 0x49
 551 00ba 13       		.uleb128 0x13
 552 00bb 00       		.byte	0
 553 00bc 00       		.byte	0
 554 00bd 0F       		.uleb128 0xf
 555 00be 35       		.uleb128 0x35
 556 00bf 00       		.byte	0
 557 00c0 49       		.uleb128 0x49
 558 00c1 13       		.uleb128 0x13
 559 00c2 00       		.byte	0
 560 00c3 00       		.byte	0
 561 00c4 00       		.byte	0
 562              		.section	.debug_aranges,"",%progbits
 563 0000 1C000000 		.4byte	0x1c
 564 0004 0200     		.2byte	0x2
 565 0006 00000000 		.4byte	.Ldebug_info0
 566 000a 04       		.byte	0x4
 567 000b 00       		.byte	0
 568 000c 0000     		.2byte	0
 569 000e 0000     		.2byte	0
 570 0010 00000000 		.4byte	.LFB1
 571 0014 94000000 		.4byte	.LFE1-.LFB1
 572 0018 00000000 		.4byte	0
 573 001c 00000000 		.4byte	0
 574              		.section	.debug_ranges,"",%progbits
 575              	.Ldebug_ranges0:
 576 0000 00000000 		.4byte	.LFB1
 577 0004 94000000 		.4byte	.LFE1
 578 0008 00000000 		.4byte	0
 579 000c 00000000 		.4byte	0
 580              		.section	.debug_line,"",%progbits
 581              	.Ldebug_line0:
 582 0000 93000000 		.section	.debug_str,"MS",%progbits,1
 582      02006600 
 582      00000201 
 582      FB0E0D00 
 582      01010101 
 583              	.LASF33:
 584 0000 47656E65 		.ascii	"Generated_Source\\PSoC4\\USBUART_cls.c\000"
 584      72617465 
 584      645F536F 
 584      75726365 
 584      5C50536F 
 585              	.LASF3:
 586 0025 73686F72 		.ascii	"short unsigned int\000"
 586      7420756E 
 586      7369676E 
 586      65642069 
 586      6E7400
 587              	.LASF30:
 588 0038 55534255 		.ascii	"USBUART_interfaceClass\000"
 588      4152545F 
 588      696E7465 
 588      72666163 
 588      65436C61 
 589              	.LASF26:
 590 004f 65704461 		.ascii	"epData\000"
ARM GAS  C:\Users\arh\AppData\Local\Temp\cc9e1O57.s 			page 14


 590      746100
 591              	.LASF28:
 592 0056 72657175 		.ascii	"requestHandled\000"
 592      65737448 
 592      616E646C 
 592      656400
 593              	.LASF12:
 594 0065 666C6F61 		.ascii	"float\000"
 594      7400
 595              	.LASF19:
 596 006b 6570546F 		.ascii	"epToggle\000"
 596      67676C65 
 596      00
 597              	.LASF31:
 598 0074 55534255 		.ascii	"USBUART_EP\000"
 598      4152545F 
 598      455000
 599              	.LASF5:
 600 007f 6C6F6E67 		.ascii	"long unsigned int\000"
 600      20756E73 
 600      69676E65 
 600      6420696E 
 600      7400
 601              	.LASF20:
 602 0091 61646472 		.ascii	"addr\000"
 602      00
 603              	.LASF29:
 604 0096 696E7465 		.ascii	"interfaceNumber\000"
 604      72666163 
 604      654E756D 
 604      62657200 
 605              	.LASF1:
 606 00a6 756E7369 		.ascii	"unsigned char\000"
 606      676E6564 
 606      20636861 
 606      7200
 607              	.LASF13:
 608 00b4 646F7562 		.ascii	"double\000"
 608      6C6500
 609              	.LASF16:
 610 00bb 61747472 		.ascii	"attrib\000"
 610      696200
 611              	.LASF22:
 612 00c2 62756666 		.ascii	"buffOffset\000"
 612      4F666673 
 612      657400
 613              	.LASF32:
 614 00cd 474E5520 		.ascii	"GNU C 4.9.3 20150303 (release) [ARM/embedded-4_9-br"
 614      4320342E 
 614      392E3320 
 614      32303135 
 614      30333033 
 615 0100 616E6368 		.ascii	"anch revision 221220] -mcpu=cortex-m0 -mthumb -g -O"
 615      20726576 
 615      6973696F 
 615      6E203232 
 615      31323230 
ARM GAS  C:\Users\arh\AppData\Local\Temp\cc9e1O57.s 			page 15


 616 0133 30202D66 		.ascii	"0 -ffunction-sections -ffat-lto-objects\000"
 616      66756E63 
 616      74696F6E 
 616      2D736563 
 616      74696F6E 
 617              	.LASF10:
 618 015b 75696E74 		.ascii	"uint16\000"
 618      313600
 619              	.LASF17:
 620 0162 61706945 		.ascii	"apiEpState\000"
 620      70537461 
 620      746500
 621              	.LASF11:
 622 016d 75696E74 		.ascii	"uint32\000"
 622      333200
 623              	.LASF8:
 624 0174 756E7369 		.ascii	"unsigned int\000"
 624      676E6564 
 624      20696E74 
 624      00
 625              	.LASF7:
 626 0181 6C6F6E67 		.ascii	"long long unsigned int\000"
 626      206C6F6E 
 626      6720756E 
 626      7369676E 
 626      65642069 
 627              	.LASF18:
 628 0198 68774570 		.ascii	"hwEpState\000"
 628      53746174 
 628      6500
 629              	.LASF35:
 630 01a2 55534255 		.ascii	"USBUART_DispatchClassRqst\000"
 630      4152545F 
 630      44697370 
 630      61746368 
 630      436C6173 
 631              	.LASF27:
 632 01bc 55534255 		.ascii	"USBUART_ep0_data_struct\000"
 632      4152545F 
 632      6570305F 
 632      64617461 
 632      5F737472 
 633              	.LASF15:
 634 01d4 73697A65 		.ascii	"sizetype\000"
 634      74797065 
 634      00
 635              	.LASF21:
 636 01dd 65704D6F 		.ascii	"epMode\000"
 636      646500
 637              	.LASF6:
 638 01e4 6C6F6E67 		.ascii	"long long int\000"
 638      206C6F6E 
 638      6720696E 
 638      7400
 639              	.LASF14:
 640 01f2 63686172 		.ascii	"char\000"
 640      00
ARM GAS  C:\Users\arh\AppData\Local\Temp\cc9e1O57.s 			page 16


 641              	.LASF23:
 642 01f7 62756666 		.ascii	"bufferSize\000"
 642      65725369 
 642      7A6500
 643              	.LASF2:
 644 0202 73686F72 		.ascii	"short int\000"
 644      7420696E 
 644      7400
 645              	.LASF9:
 646 020c 75696E74 		.ascii	"uint8\000"
 646      3800
 647              	.LASF24:
 648 0212 696E7465 		.ascii	"interface\000"
 648      72666163 
 648      6500
 649              	.LASF4:
 650 021c 6C6F6E67 		.ascii	"long int\000"
 650      20696E74 
 650      00
 651              	.LASF25:
 652 0225 545F5553 		.ascii	"T_USBUART_EP_CTL_BLOCK\000"
 652      42554152 
 652      545F4550 
 652      5F43544C 
 652      5F424C4F 
 653              	.LASF0:
 654 023c 7369676E 		.ascii	"signed char\000"
 654      65642063 
 654      68617200 
 655              	.LASF34:
 656 0248 5C5C766D 		.ascii	"\\\\vmware-host\\Shared Folders\\Documents\\PSoC Cr"
 656      77617265 
 656      2D686F73 
 656      745C5368 
 656      61726564 
 657 0276 6561746F 		.ascii	"eator\\TestThingSoc\\USBFS_UART01.cydsn\000"
 657      725C5465 
 657      73745468 
 657      696E6753 
 657      6F635C55 
 658              		.ident	"GCC: (GNU Tools for ARM Embedded Processors) 4.9.3 20150303 (release) [ARM/embedded-4_9-br
