ARM GAS  C:\Users\arh\AppData\Local\Temp\cceltN7Q.s 			page 1


   1              		.cpu cortex-m0
   2              		.fpu softvfp
   3              		.eabi_attribute 20, 1
   4              		.eabi_attribute 21, 1
   5              		.eabi_attribute 23, 3
   6              		.eabi_attribute 24, 1
   7              		.eabi_attribute 25, 1
   8              		.eabi_attribute 26, 1
   9              		.eabi_attribute 30, 6
  10              		.eabi_attribute 34, 0
  11              		.eabi_attribute 18, 4
  12              		.code	16
  13              		.file	"USBUART_pm.c"
  14              		.text
  15              	.Ltext0:
  16              		.cfi_sections	.debug_frame
  17              		.bss
  18              		.align	2
  19              	USBUART_backup:
  20 0000 000000   		.space	3
  21 0003 00       		.section	.text.USBUART_DP_ISR,"ax",%progbits
  22              		.align	2
  23              		.global	USBUART_DP_ISR
  24              		.code	16
  25              		.thumb_func
  26              		.type	USBUART_DP_ISR, %function
  27              	USBUART_DP_ISR:
  28              	.LFB1:
  29              		.file 1 "Generated_Source\\PSoC4\\USBUART_pm.c"
   1:Generated_Source\PSoC4/USBUART_pm.c **** /***************************************************************************//**
   2:Generated_Source\PSoC4/USBUART_pm.c **** * \file USBUART_pm.c
   3:Generated_Source\PSoC4/USBUART_pm.c **** * \version 3.10
   4:Generated_Source\PSoC4/USBUART_pm.c **** *
   5:Generated_Source\PSoC4/USBUART_pm.c **** * \brief
   6:Generated_Source\PSoC4/USBUART_pm.c **** *  This file provides Suspend/Resume APIs implementation.
   7:Generated_Source\PSoC4/USBUART_pm.c **** *
   8:Generated_Source\PSoC4/USBUART_pm.c **** ********************************************************************************
   9:Generated_Source\PSoC4/USBUART_pm.c **** * \copyright
  10:Generated_Source\PSoC4/USBUART_pm.c **** * Copyright 2008-2016, Cypress Semiconductor Corporation.  All rights reserved.
  11:Generated_Source\PSoC4/USBUART_pm.c **** * You may use this file only in accordance with the license, terms, conditions,
  12:Generated_Source\PSoC4/USBUART_pm.c **** * disclaimers, and limitations in the end user license agreement accompanying
  13:Generated_Source\PSoC4/USBUART_pm.c **** * the software package with which this file was provided.
  14:Generated_Source\PSoC4/USBUART_pm.c **** *******************************************************************************/
  15:Generated_Source\PSoC4/USBUART_pm.c **** 
  16:Generated_Source\PSoC4/USBUART_pm.c **** #include "USBUART_pvt.h"
  17:Generated_Source\PSoC4/USBUART_pm.c **** #include "USBUART_Dp.h"
  18:Generated_Source\PSoC4/USBUART_pm.c **** #include "cyapicallbacks.h"
  19:Generated_Source\PSoC4/USBUART_pm.c **** 
  20:Generated_Source\PSoC4/USBUART_pm.c **** /***************************************
  21:Generated_Source\PSoC4/USBUART_pm.c **** * Custom Declarations
  22:Generated_Source\PSoC4/USBUART_pm.c **** ***************************************/
  23:Generated_Source\PSoC4/USBUART_pm.c **** /* `#START PM_CUSTOM_DECLARATIONS` Place your declaration here */
  24:Generated_Source\PSoC4/USBUART_pm.c **** 
  25:Generated_Source\PSoC4/USBUART_pm.c **** /* `#END` */
  26:Generated_Source\PSoC4/USBUART_pm.c **** 
  27:Generated_Source\PSoC4/USBUART_pm.c **** 
  28:Generated_Source\PSoC4/USBUART_pm.c **** /***************************************
ARM GAS  C:\Users\arh\AppData\Local\Temp\cceltN7Q.s 			page 2


  29:Generated_Source\PSoC4/USBUART_pm.c **** * Local data allocation
  30:Generated_Source\PSoC4/USBUART_pm.c **** ***************************************/
  31:Generated_Source\PSoC4/USBUART_pm.c **** 
  32:Generated_Source\PSoC4/USBUART_pm.c **** static USBUART_BACKUP_STRUCT  USBUART_backup;
  33:Generated_Source\PSoC4/USBUART_pm.c **** 
  34:Generated_Source\PSoC4/USBUART_pm.c **** #if (USBUART_DP_ISR_ACTIVE)
  35:Generated_Source\PSoC4/USBUART_pm.c ****     /*******************************************************************************
  36:Generated_Source\PSoC4/USBUART_pm.c ****     * Function Name: USBUART_DP_ISR
  37:Generated_Source\PSoC4/USBUART_pm.c ****     ****************************************************************************//**
  38:Generated_Source\PSoC4/USBUART_pm.c ****     *
  39:Generated_Source\PSoC4/USBUART_pm.c ****     *  This Interrupt Service Routine handles DP pin changes for wake-up from
  40:Generated_Source\PSoC4/USBUART_pm.c ****     *  the sleep mode.
  41:Generated_Source\PSoC4/USBUART_pm.c ****     *
  42:Generated_Source\PSoC4/USBUART_pm.c ****     *******************************************************************************/
  43:Generated_Source\PSoC4/USBUART_pm.c ****     CY_ISR(USBUART_DP_ISR)
  44:Generated_Source\PSoC4/USBUART_pm.c ****     {
  30              		.loc 1 44 0
  31              		.cfi_startproc
  32 0000 80B5     		push	{r7, lr}
  33              		.cfi_def_cfa_offset 8
  34              		.cfi_offset 7, -8
  35              		.cfi_offset 14, -4
  36 0002 00AF     		add	r7, sp, #0
  37              		.cfi_def_cfa_register 7
  45:Generated_Source\PSoC4/USBUART_pm.c ****     #ifdef USBUART_DP_ISR_ENTRY_CALLBACK
  46:Generated_Source\PSoC4/USBUART_pm.c ****         USBUART_DP_ISR_EntryCallback();
  47:Generated_Source\PSoC4/USBUART_pm.c ****     #endif /* (USBUART_DP_ISR_ENTRY_CALLBACK) */
  48:Generated_Source\PSoC4/USBUART_pm.c **** 
  49:Generated_Source\PSoC4/USBUART_pm.c ****         /* `#START DP_USER_CODE` Place your code here */
  50:Generated_Source\PSoC4/USBUART_pm.c **** 
  51:Generated_Source\PSoC4/USBUART_pm.c ****         /* `#END` */
  52:Generated_Source\PSoC4/USBUART_pm.c **** 
  53:Generated_Source\PSoC4/USBUART_pm.c ****         (void) USBUART_Dp_ClearInterrupt();
  38              		.loc 1 53 0
  39 0004 FFF7FEFF 		bl	USBUART_Dp_ClearInterrupt
  54:Generated_Source\PSoC4/USBUART_pm.c **** 		
  55:Generated_Source\PSoC4/USBUART_pm.c **** 	#ifdef USBUART_DP_ISR_EXIT_CALLBACK
  56:Generated_Source\PSoC4/USBUART_pm.c ****         USBUART_DP_ISR_ExitCallback();
  57:Generated_Source\PSoC4/USBUART_pm.c ****     #endif /* (USBUART_DP_ISR_EXIT_CALLBACK) */
  58:Generated_Source\PSoC4/USBUART_pm.c ****     }
  40              		.loc 1 58 0
  41 0008 BD46     		mov	sp, r7
  42              		@ sp needed
  43 000a 80BD     		pop	{r7, pc}
  44              		.cfi_endproc
  45              	.LFE1:
  46              		.size	USBUART_DP_ISR, .-USBUART_DP_ISR
  47              		.section	.text.USBUART_SaveConfig,"ax",%progbits
  48              		.align	2
  49              		.global	USBUART_SaveConfig
  50              		.code	16
  51              		.thumb_func
  52              		.type	USBUART_SaveConfig, %function
  53              	USBUART_SaveConfig:
  54              	.LFB2:
  59:Generated_Source\PSoC4/USBUART_pm.c **** #endif /* (USBUART_DP_ISR_ACTIVE) */
  60:Generated_Source\PSoC4/USBUART_pm.c **** 
ARM GAS  C:\Users\arh\AppData\Local\Temp\cceltN7Q.s 			page 3


  61:Generated_Source\PSoC4/USBUART_pm.c **** 
  62:Generated_Source\PSoC4/USBUART_pm.c **** /*******************************************************************************
  63:Generated_Source\PSoC4/USBUART_pm.c **** * Function Name: USBUART_SaveConfig
  64:Generated_Source\PSoC4/USBUART_pm.c **** ****************************************************************************//**
  65:Generated_Source\PSoC4/USBUART_pm.c **** *
  66:Generated_Source\PSoC4/USBUART_pm.c **** *  Saves the current user configuration.
  67:Generated_Source\PSoC4/USBUART_pm.c **** *
  68:Generated_Source\PSoC4/USBUART_pm.c **** * \reentrant
  69:Generated_Source\PSoC4/USBUART_pm.c **** *  No.
  70:Generated_Source\PSoC4/USBUART_pm.c **** *
  71:Generated_Source\PSoC4/USBUART_pm.c **** *******************************************************************************/
  72:Generated_Source\PSoC4/USBUART_pm.c **** void USBUART_SaveConfig(void) 
  73:Generated_Source\PSoC4/USBUART_pm.c **** {
  55              		.loc 1 73 0
  56              		.cfi_startproc
  57 0000 80B5     		push	{r7, lr}
  58              		.cfi_def_cfa_offset 8
  59              		.cfi_offset 7, -8
  60              		.cfi_offset 14, -4
  61 0002 00AF     		add	r7, sp, #0
  62              		.cfi_def_cfa_register 7
  74:Generated_Source\PSoC4/USBUART_pm.c ****     /* Empty function added for the compatibility purpose. */
  75:Generated_Source\PSoC4/USBUART_pm.c **** }
  63              		.loc 1 75 0
  64 0004 BD46     		mov	sp, r7
  65              		@ sp needed
  66 0006 80BD     		pop	{r7, pc}
  67              		.cfi_endproc
  68              	.LFE2:
  69              		.size	USBUART_SaveConfig, .-USBUART_SaveConfig
  70              		.section	.text.USBUART_RestoreConfig,"ax",%progbits
  71              		.align	2
  72              		.global	USBUART_RestoreConfig
  73              		.code	16
  74              		.thumb_func
  75              		.type	USBUART_RestoreConfig, %function
  76              	USBUART_RestoreConfig:
  77              	.LFB3:
  76:Generated_Source\PSoC4/USBUART_pm.c **** 
  77:Generated_Source\PSoC4/USBUART_pm.c **** 
  78:Generated_Source\PSoC4/USBUART_pm.c **** /*******************************************************************************
  79:Generated_Source\PSoC4/USBUART_pm.c **** * Function Name: USBUART_RestoreConfig
  80:Generated_Source\PSoC4/USBUART_pm.c **** ****************************************************************************//**
  81:Generated_Source\PSoC4/USBUART_pm.c **** *
  82:Generated_Source\PSoC4/USBUART_pm.c **** *  Restores the current user configuration.
  83:Generated_Source\PSoC4/USBUART_pm.c **** *
  84:Generated_Source\PSoC4/USBUART_pm.c **** * \reentrant
  85:Generated_Source\PSoC4/USBUART_pm.c **** *  No.
  86:Generated_Source\PSoC4/USBUART_pm.c **** *
  87:Generated_Source\PSoC4/USBUART_pm.c **** *******************************************************************************/
  88:Generated_Source\PSoC4/USBUART_pm.c **** void USBUART_RestoreConfig(void) 
  89:Generated_Source\PSoC4/USBUART_pm.c **** {
  78              		.loc 1 89 0
  79              		.cfi_startproc
  80 0000 80B5     		push	{r7, lr}
  81              		.cfi_def_cfa_offset 8
  82              		.cfi_offset 7, -8
ARM GAS  C:\Users\arh\AppData\Local\Temp\cceltN7Q.s 			page 4


  83              		.cfi_offset 14, -4
  84 0002 00AF     		add	r7, sp, #0
  85              		.cfi_def_cfa_register 7
  90:Generated_Source\PSoC4/USBUART_pm.c ****     if (USBUART_configuration != 0u)
  86              		.loc 1 90 0
  87 0004 054B     		ldr	r3, .L5
  88 0006 1B78     		ldrb	r3, [r3]
  89 0008 DBB2     		uxtb	r3, r3
  90 000a 002B     		cmp	r3, #0
  91 000c 03D0     		beq	.L3
  91:Generated_Source\PSoC4/USBUART_pm.c ****     {
  92:Generated_Source\PSoC4/USBUART_pm.c ****         USBUART_ConfigReg();
  92              		.loc 1 92 0
  93 000e FFF7FEFF 		bl	USBUART_ConfigReg
  93:Generated_Source\PSoC4/USBUART_pm.c ****         USBUART_EpStateInit();
  94              		.loc 1 93 0
  95 0012 FFF7FEFF 		bl	USBUART_EpStateInit
  96              	.L3:
  94:Generated_Source\PSoC4/USBUART_pm.c ****     }
  95:Generated_Source\PSoC4/USBUART_pm.c **** }
  97              		.loc 1 95 0
  98 0016 BD46     		mov	sp, r7
  99              		@ sp needed
 100 0018 80BD     		pop	{r7, pc}
 101              	.L6:
 102 001a C046     		.align	2
 103              	.L5:
 104 001c 00000000 		.word	USBUART_configuration
 105              		.cfi_endproc
 106              	.LFE3:
 107              		.size	USBUART_RestoreConfig, .-USBUART_RestoreConfig
 108              		.section	.text.USBUART_Suspend,"ax",%progbits
 109              		.align	2
 110              		.global	USBUART_Suspend
 111              		.code	16
 112              		.thumb_func
 113              		.type	USBUART_Suspend, %function
 114              	USBUART_Suspend:
 115              	.LFB4:
  96:Generated_Source\PSoC4/USBUART_pm.c **** 
  97:Generated_Source\PSoC4/USBUART_pm.c **** 
  98:Generated_Source\PSoC4/USBUART_pm.c **** /*******************************************************************************
  99:Generated_Source\PSoC4/USBUART_pm.c **** * Function Name: USBUART_Suspend
 100:Generated_Source\PSoC4/USBUART_pm.c **** ****************************************************************************//**
 101:Generated_Source\PSoC4/USBUART_pm.c **** *
 102:Generated_Source\PSoC4/USBUART_pm.c **** *  This function prepares the USBFS component to enter low power mode. The 
 103:Generated_Source\PSoC4/USBUART_pm.c **** *  interrupt on falling edge on Dp pin is configured to wakeup device when the 
 104:Generated_Source\PSoC4/USBUART_pm.c **** *  host drives resume condition. The pull-up is enabled on the Dp line while 
 105:Generated_Source\PSoC4/USBUART_pm.c **** *  device is in low power mode. The supported low power modes are Deep Sleep 
 106:Generated_Source\PSoC4/USBUART_pm.c **** *  (PSoC 4200L) and Sleep (PSoC 3/ PSoC 5LP).
 107:Generated_Source\PSoC4/USBUART_pm.c **** *  
 108:Generated_Source\PSoC4/USBUART_pm.c **** *  *Note* For PSoC 4200L devices, this function should not be called before 
 109:Generated_Source\PSoC4/USBUART_pm.c **** *  entering Sleep.
 110:Generated_Source\PSoC4/USBUART_pm.c **** *  
 111:Generated_Source\PSoC4/USBUART_pm.c **** *  *Note* After enter low power mode, the data which is left in the IN or OUT 
 112:Generated_Source\PSoC4/USBUART_pm.c **** *  endpoint buffers is not restored after wakeup and lost. Therefore it should 
 113:Generated_Source\PSoC4/USBUART_pm.c **** *  be stored in the SRAM for OUT endpoint or read by the host for IN endpoint 
ARM GAS  C:\Users\arh\AppData\Local\Temp\cceltN7Q.s 			page 5


 114:Generated_Source\PSoC4/USBUART_pm.c **** *  before enter low power mode.
 115:Generated_Source\PSoC4/USBUART_pm.c **** *
 116:Generated_Source\PSoC4/USBUART_pm.c **** * \globalvars
 117:Generated_Source\PSoC4/USBUART_pm.c **** *  USBUART_backup.enable:  modified.
 118:Generated_Source\PSoC4/USBUART_pm.c **** *
 119:Generated_Source\PSoC4/USBUART_pm.c **** * \reentrant
 120:Generated_Source\PSoC4/USBUART_pm.c **** *  No.
 121:Generated_Source\PSoC4/USBUART_pm.c **** *
 122:Generated_Source\PSoC4/USBUART_pm.c **** *******************************************************************************/
 123:Generated_Source\PSoC4/USBUART_pm.c **** void USBUART_Suspend(void) 
 124:Generated_Source\PSoC4/USBUART_pm.c **** {
 116              		.loc 1 124 0
 117              		.cfi_startproc
 118 0000 90B5     		push	{r4, r7, lr}
 119              		.cfi_def_cfa_offset 12
 120              		.cfi_offset 4, -12
 121              		.cfi_offset 7, -8
 122              		.cfi_offset 14, -4
 123 0002 83B0     		sub	sp, sp, #12
 124              		.cfi_def_cfa_offset 24
 125 0004 00AF     		add	r7, sp, #0
 126              		.cfi_def_cfa_register 7
 125:Generated_Source\PSoC4/USBUART_pm.c ****     uint8 enableInterrupts;
 126:Generated_Source\PSoC4/USBUART_pm.c **** 
 127:Generated_Source\PSoC4/USBUART_pm.c ****     enableInterrupts = CyEnterCriticalSection();
 127              		.loc 1 127 0
 128 0006 FC1D     		add	r4, r7, #7
 129 0008 FFF7FEFF 		bl	CyEnterCriticalSection
 130 000c 031C     		mov	r3, r0
 131 000e 2370     		strb	r3, [r4]
 128:Generated_Source\PSoC4/USBUART_pm.c **** 
 129:Generated_Source\PSoC4/USBUART_pm.c ****     if (0u != (USBUART_CR0_REG & USBUART_CR0_ENABLE))
 132              		.loc 1 129 0
 133 0010 1A4B     		ldr	r3, .L10
 134 0012 1B68     		ldr	r3, [r3]
 135 0014 8022     		mov	r2, #128
 136 0016 1340     		and	r3, r2
 137 0018 1CD0     		beq	.L8
 130:Generated_Source\PSoC4/USBUART_pm.c ****     {
 131:Generated_Source\PSoC4/USBUART_pm.c ****         /* USB block is enabled. */
 132:Generated_Source\PSoC4/USBUART_pm.c ****         USBUART_backup.enableState = 1u;
 138              		.loc 1 132 0
 139 001a 194B     		ldr	r3, .L10+4
 140 001c 0122     		mov	r2, #1
 141 001e 1A70     		strb	r2, [r3]
 133:Generated_Source\PSoC4/USBUART_pm.c **** 
 134:Generated_Source\PSoC4/USBUART_pm.c ****     #if (USBUART_EP_MANAGEMENT_DMA)
 135:Generated_Source\PSoC4/USBUART_pm.c ****         USBUART_Stop_DMA(USBUART_MAX_EP);
 136:Generated_Source\PSoC4/USBUART_pm.c ****     #endif /* (USBUART_EP_MANAGEMENT_DMA) */
 137:Generated_Source\PSoC4/USBUART_pm.c **** 
 138:Generated_Source\PSoC4/USBUART_pm.c ****     #if (CY_PSOC4)
 139:Generated_Source\PSoC4/USBUART_pm.c ****         /* Suspend enter sequence. */
 140:Generated_Source\PSoC4/USBUART_pm.c ****         USBUART_POWER_CTRL_REG |= (USBUART_POWER_CTRL_SUSPEND |
 142              		.loc 1 140 0
 143 0020 184B     		ldr	r3, .L10+8
 144 0022 184A     		ldr	r2, .L10+8
 145 0024 1268     		ldr	r2, [r2]
ARM GAS  C:\Users\arh\AppData\Local\Temp\cceltN7Q.s 			page 6


 146 0026 0C21     		mov	r1, #12
 147 0028 0A43     		orr	r2, r1
 148 002a 1A60     		str	r2, [r3]
 141:Generated_Source\PSoC4/USBUART_pm.c ****                                             USBUART_POWER_CTRL_SUSPEND_DEL);
 142:Generated_Source\PSoC4/USBUART_pm.c **** 
 143:Generated_Source\PSoC4/USBUART_pm.c ****         /* Store state of USB regulator and disable it. */
 144:Generated_Source\PSoC4/USBUART_pm.c ****         USBUART_backup.mode = (uint8)  (USBUART_CR1_REG & USBUART_CR1_REG_ENABLE);
 149              		.loc 1 144 0
 150 002c 164B     		ldr	r3, .L10+12
 151 002e 1B68     		ldr	r3, [r3]
 152 0030 DBB2     		uxtb	r3, r3
 153 0032 0122     		mov	r2, #1
 154 0034 1340     		and	r3, r2
 155 0036 DAB2     		uxtb	r2, r3
 156 0038 114B     		ldr	r3, .L10+4
 157 003a 5A70     		strb	r2, [r3, #1]
 145:Generated_Source\PSoC4/USBUART_pm.c ****         USBUART_CR1_REG    &= (uint32) ~USBUART_CR1_REG_ENABLE;
 158              		.loc 1 145 0
 159 003c 124B     		ldr	r3, .L10+12
 160 003e 124A     		ldr	r2, .L10+12
 161 0040 1268     		ldr	r2, [r2]
 162 0042 0121     		mov	r1, #1
 163 0044 8A43     		bic	r2, r1
 164 0046 1A60     		str	r2, [r3]
 146:Generated_Source\PSoC4/USBUART_pm.c ****         
 147:Generated_Source\PSoC4/USBUART_pm.c ****         /* Store SIE interrupt sources. Valid bits are 0 - 4. */
 148:Generated_Source\PSoC4/USBUART_pm.c ****         USBUART_backup.intrSeiMask = (uint8) USBUART_INTR_SIE_MASK_REG;
 165              		.loc 1 148 0
 166 0048 104B     		ldr	r3, .L10+16
 167 004a 1B68     		ldr	r3, [r3]
 168 004c DAB2     		uxtb	r2, r3
 169 004e 0C4B     		ldr	r3, .L10+4
 170 0050 9A70     		strb	r2, [r3, #2]
 171 0052 02E0     		b	.L9
 172              	.L8:
 149:Generated_Source\PSoC4/USBUART_pm.c **** 
 150:Generated_Source\PSoC4/USBUART_pm.c ****     #else
 151:Generated_Source\PSoC4/USBUART_pm.c ****         /* Ensure USB transmit enable is low (USB_USBIO_CR0.ten). - Manual Transmission - Disabled.
 152:Generated_Source\PSoC4/USBUART_pm.c ****         USBUART_USBIO_CR0_REG &= (uint8) ~USBUART_USBIO_CR0_TEN;
 153:Generated_Source\PSoC4/USBUART_pm.c ****         CyDelayUs(USBUART_WAIT_REG_STABILITY_50NS);  /*~50ns delay. */
 154:Generated_Source\PSoC4/USBUART_pm.c **** 
 155:Generated_Source\PSoC4/USBUART_pm.c ****         /* Disable the USBIO by asserting PM.USB_CR0.fsusbio_pd_n(Inverted) and pd_pullup_hv(Invert
 156:Generated_Source\PSoC4/USBUART_pm.c ****         USBUART_PM_USB_CR0_REG &= (uint8) ~(USBUART_PM_USB_CR0_PD_N |
 157:Generated_Source\PSoC4/USBUART_pm.c ****                                                      USBUART_PM_USB_CR0_PD_PULLUP_N);
 158:Generated_Source\PSoC4/USBUART_pm.c **** 
 159:Generated_Source\PSoC4/USBUART_pm.c ****         /* Disable the SIE. */
 160:Generated_Source\PSoC4/USBUART_pm.c ****         USBUART_CR0_REG &= (uint8) ~USBUART_CR0_ENABLE;
 161:Generated_Source\PSoC4/USBUART_pm.c **** 
 162:Generated_Source\PSoC4/USBUART_pm.c ****         CyDelayUs(USBUART_WAIT_REG_STABILITY_50NS);  /* ~50ns delay. */
 163:Generated_Source\PSoC4/USBUART_pm.c ****         /* Store mode and disable VRegulator. */
 164:Generated_Source\PSoC4/USBUART_pm.c ****         USBUART_backup.mode = (uint8) (USBUART_CR1_REG & USBUART_CR1_REG_ENABLE);
 165:Generated_Source\PSoC4/USBUART_pm.c ****         USBUART_CR1_REG    &= (uint8) ~USBUART_CR1_REG_ENABLE;
 166:Generated_Source\PSoC4/USBUART_pm.c **** 
 167:Generated_Source\PSoC4/USBUART_pm.c ****         CyDelayUs(USBUART_WAIT_REG_STABILITY_1US); /* min 0.5us delay required. */
 168:Generated_Source\PSoC4/USBUART_pm.c **** 
 169:Generated_Source\PSoC4/USBUART_pm.c ****         /* Disable the USBIO reference by setting PM.USB_CR0.fsusbio_ref_en.*/
 170:Generated_Source\PSoC4/USBUART_pm.c ****         USBUART_PM_USB_CR0_REG &= (uint8) ~USBUART_PM_USB_CR0_REF_EN;
ARM GAS  C:\Users\arh\AppData\Local\Temp\cceltN7Q.s 			page 7


 171:Generated_Source\PSoC4/USBUART_pm.c **** 
 172:Generated_Source\PSoC4/USBUART_pm.c ****         /* Switch DP and DM terminals to GPIO mode and disconnect 1.5k pull-up. */
 173:Generated_Source\PSoC4/USBUART_pm.c ****         USBUART_USBIO_CR1_REG |= USBUART_USBIO_CR1_IOMODE;
 174:Generated_Source\PSoC4/USBUART_pm.c **** 
 175:Generated_Source\PSoC4/USBUART_pm.c ****         /* Disable USBFS block. */
 176:Generated_Source\PSoC4/USBUART_pm.c ****         /* Clear power active and standby mode templates: disable USB block. */
 177:Generated_Source\PSoC4/USBUART_pm.c ****         USBUART_PM_ACT_CFG_REG  &= (uint8) ~USBUART_PM_ACT_EN_FSUSB;
 178:Generated_Source\PSoC4/USBUART_pm.c ****         USBUART_PM_STBY_CFG_REG &= (uint8) ~USBUART_PM_STBY_EN_FSUSB;
 179:Generated_Source\PSoC4/USBUART_pm.c **** 
 180:Generated_Source\PSoC4/USBUART_pm.c ****         CyDelayUs(USBUART_WAIT_REG_STABILITY_1US); /* min 0.5us delay required. */
 181:Generated_Source\PSoC4/USBUART_pm.c ****     #endif /* (CY_PSOC4) */
 182:Generated_Source\PSoC4/USBUART_pm.c ****     }
 183:Generated_Source\PSoC4/USBUART_pm.c ****     else
 184:Generated_Source\PSoC4/USBUART_pm.c ****     {
 185:Generated_Source\PSoC4/USBUART_pm.c ****         USBUART_backup.enableState = 0u;
 173              		.loc 1 185 0
 174 0054 0A4B     		ldr	r3, .L10+4
 175 0056 0022     		mov	r2, #0
 176 0058 1A70     		strb	r2, [r3]
 177              	.L9:
 186:Generated_Source\PSoC4/USBUART_pm.c ****     }
 187:Generated_Source\PSoC4/USBUART_pm.c **** 
 188:Generated_Source\PSoC4/USBUART_pm.c ****     CyExitCriticalSection(enableInterrupts);
 178              		.loc 1 188 0
 179 005a FB1D     		add	r3, r7, #7
 180 005c 1B78     		ldrb	r3, [r3]
 181 005e 181C     		mov	r0, r3
 182 0060 FFF7FEFF 		bl	CyExitCriticalSection
 189:Generated_Source\PSoC4/USBUART_pm.c **** 
 190:Generated_Source\PSoC4/USBUART_pm.c **** #if (USBUART_DP_ISR_ACTIVE)
 191:Generated_Source\PSoC4/USBUART_pm.c ****     /* Clear active mode Dp interrupt source history. */
 192:Generated_Source\PSoC4/USBUART_pm.c ****     (void) USBUART_Dp_ClearInterrupt();
 183              		.loc 1 192 0
 184 0064 FFF7FEFF 		bl	USBUART_Dp_ClearInterrupt
 193:Generated_Source\PSoC4/USBUART_pm.c ****     CyIntClearPending(USBUART_DP_INTC_VECT_NUM);
 185              		.loc 1 193 0
 186 0068 0520     		mov	r0, #5
 187 006a FFF7FEFF 		bl	CyIntClearPending
 194:Generated_Source\PSoC4/USBUART_pm.c **** 
 195:Generated_Source\PSoC4/USBUART_pm.c ****     CyIntEnable      (USBUART_DP_INTC_VECT_NUM);
 188              		.loc 1 195 0
 189 006e 0520     		mov	r0, #5
 190 0070 FFF7FEFF 		bl	CyIntEnable
 196:Generated_Source\PSoC4/USBUART_pm.c **** #endif /* (USBUART_DP_ISR_ACTIVE). */
 197:Generated_Source\PSoC4/USBUART_pm.c **** }
 191              		.loc 1 197 0
 192 0074 BD46     		mov	sp, r7
 193 0076 03B0     		add	sp, sp, #12
 194              		@ sp needed
 195 0078 90BD     		pop	{r4, r7, pc}
 196              	.L11:
 197 007a C046     		.align	2
 198              	.L10:
 199 007c 20002C40 		.word	1076625440
 200 0080 00000000 		.word	USBUART_backup
 201 0084 00202C40 		.word	1076633600
 202 0088 24002C40 		.word	1076625444
ARM GAS  C:\Users\arh\AppData\Local\Temp\cceltN7Q.s 			page 8


 203 008c 28202C40 		.word	1076633640
 204              		.cfi_endproc
 205              	.LFE4:
 206              		.size	USBUART_Suspend, .-USBUART_Suspend
 207              		.section	.text.USBUART_Resume,"ax",%progbits
 208              		.align	2
 209              		.global	USBUART_Resume
 210              		.code	16
 211              		.thumb_func
 212              		.type	USBUART_Resume, %function
 213              	USBUART_Resume:
 214              	.LFB5:
 198:Generated_Source\PSoC4/USBUART_pm.c **** 
 199:Generated_Source\PSoC4/USBUART_pm.c **** 
 200:Generated_Source\PSoC4/USBUART_pm.c **** /*******************************************************************************
 201:Generated_Source\PSoC4/USBUART_pm.c **** * Function Name: USBUART_Resume
 202:Generated_Source\PSoC4/USBUART_pm.c **** ****************************************************************************//**
 203:Generated_Source\PSoC4/USBUART_pm.c **** *
 204:Generated_Source\PSoC4/USBUART_pm.c **** *  This function prepares the USBFS component for active mode operation after 
 205:Generated_Source\PSoC4/USBUART_pm.c **** *  exit low power mode. It restores the component active mode configuration such 
 206:Generated_Source\PSoC4/USBUART_pm.c **** *  as device address assigned previously by the host, endpoints buffer and disables 
 207:Generated_Source\PSoC4/USBUART_pm.c **** *  interrupt on Dp pin.
 208:Generated_Source\PSoC4/USBUART_pm.c **** *  The supported low power modes are Deep Sleep (PSoC 4200L) and Sleep 
 209:Generated_Source\PSoC4/USBUART_pm.c **** *  (PSoC 3/ PSoC 5LP).
 210:Generated_Source\PSoC4/USBUART_pm.c **** *  
 211:Generated_Source\PSoC4/USBUART_pm.c **** *  *Note* For PSoC 4200L devices, this function should not be called after 
 212:Generated_Source\PSoC4/USBUART_pm.c **** *  exiting Sleep.
 213:Generated_Source\PSoC4/USBUART_pm.c **** *  
 214:Generated_Source\PSoC4/USBUART_pm.c **** *  *Note* To resume communication with the host, the data endpoints must be 
 215:Generated_Source\PSoC4/USBUART_pm.c **** *  managed: the OUT endpoints must be enabled and IN endpoints must be loaded 
 216:Generated_Source\PSoC4/USBUART_pm.c **** *  with data. For DMA with Automatic Buffer Management, all endpoints buffers 
 217:Generated_Source\PSoC4/USBUART_pm.c **** *  must be initialized again before making them available to the host.
 218:Generated_Source\PSoC4/USBUART_pm.c **** *
 219:Generated_Source\PSoC4/USBUART_pm.c **** *
 220:Generated_Source\PSoC4/USBUART_pm.c **** * \globalvars
 221:Generated_Source\PSoC4/USBUART_pm.c **** *  USBUART_backup - checked.
 222:Generated_Source\PSoC4/USBUART_pm.c **** *
 223:Generated_Source\PSoC4/USBUART_pm.c **** * \reentrant
 224:Generated_Source\PSoC4/USBUART_pm.c **** *  No.
 225:Generated_Source\PSoC4/USBUART_pm.c **** *
 226:Generated_Source\PSoC4/USBUART_pm.c **** *******************************************************************************/
 227:Generated_Source\PSoC4/USBUART_pm.c **** void USBUART_Resume(void) 
 228:Generated_Source\PSoC4/USBUART_pm.c **** {
 215              		.loc 1 228 0
 216              		.cfi_startproc
 217 0000 90B5     		push	{r4, r7, lr}
 218              		.cfi_def_cfa_offset 12
 219              		.cfi_offset 4, -12
 220              		.cfi_offset 7, -8
 221              		.cfi_offset 14, -4
 222 0002 83B0     		sub	sp, sp, #12
 223              		.cfi_def_cfa_offset 24
 224 0004 00AF     		add	r7, sp, #0
 225              		.cfi_def_cfa_register 7
 229:Generated_Source\PSoC4/USBUART_pm.c ****     uint8 enableInterrupts;
 230:Generated_Source\PSoC4/USBUART_pm.c **** 
 231:Generated_Source\PSoC4/USBUART_pm.c ****     enableInterrupts = CyEnterCriticalSection();
ARM GAS  C:\Users\arh\AppData\Local\Temp\cceltN7Q.s 			page 9


 226              		.loc 1 231 0
 227 0006 FC1D     		add	r4, r7, #7
 228 0008 FFF7FEFF 		bl	CyEnterCriticalSection
 229 000c 031C     		mov	r3, r0
 230 000e 2370     		strb	r3, [r4]
 232:Generated_Source\PSoC4/USBUART_pm.c **** 
 233:Generated_Source\PSoC4/USBUART_pm.c ****     if (0u != USBUART_backup.enableState)
 231              		.loc 1 233 0
 232 0010 1C4B     		ldr	r3, .L14
 233 0012 1B78     		ldrb	r3, [r3]
 234 0014 002B     		cmp	r3, #0
 235 0016 2DD0     		beq	.L13
 234:Generated_Source\PSoC4/USBUART_pm.c ****     {
 235:Generated_Source\PSoC4/USBUART_pm.c ****     #if (USBUART_DP_ISR_ACTIVE)
 236:Generated_Source\PSoC4/USBUART_pm.c ****         CyIntDisable(USBUART_DP_INTC_VECT_NUM);
 236              		.loc 1 236 0
 237 0018 0520     		mov	r0, #5
 238 001a FFF7FEFF 		bl	CyIntDisable
 237:Generated_Source\PSoC4/USBUART_pm.c ****     #endif /* (USBUART_DP_ISR_ACTIVE) */
 238:Generated_Source\PSoC4/USBUART_pm.c **** 
 239:Generated_Source\PSoC4/USBUART_pm.c ****     #if (CY_PSOC4)
 240:Generated_Source\PSoC4/USBUART_pm.c ****         /* Enable clock to USB IP. */
 241:Generated_Source\PSoC4/USBUART_pm.c ****         USBUART_USB_CLK_EN_REG |= USBUART_USB_CLK_CSR_CLK_EN;
 239              		.loc 1 241 0
 240 001e 1A4B     		ldr	r3, .L14+4
 241 0020 194A     		ldr	r2, .L14+4
 242 0022 1268     		ldr	r2, [r2]
 243 0024 0121     		mov	r1, #1
 244 0026 0A43     		orr	r2, r1
 245 0028 1A60     		str	r2, [r3]
 242:Generated_Source\PSoC4/USBUART_pm.c **** 
 243:Generated_Source\PSoC4/USBUART_pm.c ****         /* Restore arbiter configuration for DMA transfers. */
 244:Generated_Source\PSoC4/USBUART_pm.c ****         #if (USBUART_EP_MANAGEMENT_DMA)
 245:Generated_Source\PSoC4/USBUART_pm.c ****             #if (USBUART_ARB_ISR_ACTIVE)
 246:Generated_Source\PSoC4/USBUART_pm.c ****                 /* Enable ARB EP interrupt sources. */
 247:Generated_Source\PSoC4/USBUART_pm.c ****                 USBUART_ARB_INT_EN_REG = USBUART_DEFAULT_ARB_INT_EN;
 248:Generated_Source\PSoC4/USBUART_pm.c ****             #endif /* (USBUART_EP_MANAGEMENT_DMA) */
 249:Generated_Source\PSoC4/USBUART_pm.c **** 
 250:Generated_Source\PSoC4/USBUART_pm.c ****             /* Configure arbiter for Manual or Auto DMA operation and clear 
 251:Generated_Source\PSoC4/USBUART_pm.c ****             * configuration completion. 
 252:Generated_Source\PSoC4/USBUART_pm.c ****             */
 253:Generated_Source\PSoC4/USBUART_pm.c ****             USBUART_ARB_CFG_REG = USBUART_DEFAULT_ARB_CFG;
 254:Generated_Source\PSoC4/USBUART_pm.c ****         #endif /* (USBUART_EP_MANAGEMENT_DMA) */
 255:Generated_Source\PSoC4/USBUART_pm.c **** 
 256:Generated_Source\PSoC4/USBUART_pm.c ****         /* Restore level (hi, lo, med) for each interrupt source. */
 257:Generated_Source\PSoC4/USBUART_pm.c ****         USBUART_INTR_LVL_SEL_REG = USBUART_DEFAULT_INTR_LVL_SEL;
 246              		.loc 1 257 0
 247 002a 184B     		ldr	r3, .L14+8
 248 002c 184A     		ldr	r2, .L14+12
 249 002e 1A60     		str	r2, [r3]
 258:Generated_Source\PSoC4/USBUART_pm.c ****         
 259:Generated_Source\PSoC4/USBUART_pm.c ****         /* Store SIE interrupt sources. */
 260:Generated_Source\PSoC4/USBUART_pm.c ****         USBUART_INTR_SIE_MASK_REG = (uint32) USBUART_backup.intrSeiMask;
 250              		.loc 1 260 0
 251 0030 184B     		ldr	r3, .L14+16
 252 0032 144A     		ldr	r2, .L14
 253 0034 9278     		ldrb	r2, [r2, #2]
ARM GAS  C:\Users\arh\AppData\Local\Temp\cceltN7Q.s 			page 10


 254 0036 1A60     		str	r2, [r3]
 261:Generated_Source\PSoC4/USBUART_pm.c **** 
 262:Generated_Source\PSoC4/USBUART_pm.c ****         /* Set EP0.CR: ACK Setup, NAK IN/OUT. */
 263:Generated_Source\PSoC4/USBUART_pm.c ****         USBUART_EP0_CR_REG = USBUART_MODE_NAK_IN_OUT;
 255              		.loc 1 263 0
 256 0038 174B     		ldr	r3, .L14+20
 257 003a 0122     		mov	r2, #1
 258 003c 1A60     		str	r2, [r3]
 264:Generated_Source\PSoC4/USBUART_pm.c **** 
 265:Generated_Source\PSoC4/USBUART_pm.c ****         /* Restore data EP1-8 configuration. */
 266:Generated_Source\PSoC4/USBUART_pm.c ****         USBUART_RestoreConfig();
 259              		.loc 1 266 0
 260 003e FFF7FEFF 		bl	USBUART_RestoreConfig
 267:Generated_Source\PSoC4/USBUART_pm.c **** 
 268:Generated_Source\PSoC4/USBUART_pm.c ****         /* Restore state of USB regulator and wait until it supples stable power. */
 269:Generated_Source\PSoC4/USBUART_pm.c ****         USBUART_CR1_REG |= USBUART_backup.mode;
 261              		.loc 1 269 0
 262 0042 164B     		ldr	r3, .L14+24
 263 0044 154A     		ldr	r2, .L14+24
 264 0046 1268     		ldr	r2, [r2]
 265 0048 0E49     		ldr	r1, .L14
 266 004a 4978     		ldrb	r1, [r1, #1]
 267 004c 0A43     		orr	r2, r1
 268 004e 1A60     		str	r2, [r3]
 270:Generated_Source\PSoC4/USBUART_pm.c ****         CyDelayUs(USBUART_WAIT_VREF_STABILITY);
 269              		.loc 1 270 0
 270 0050 0020     		mov	r0, #0
 271 0052 FFF7FEFF 		bl	CyDelayUs
 271:Generated_Source\PSoC4/USBUART_pm.c **** 
 272:Generated_Source\PSoC4/USBUART_pm.c ****         /* Suspend exit sequence. */
 273:Generated_Source\PSoC4/USBUART_pm.c ****         USBUART_POWER_CTRL_REG &= (uint32) ~USBUART_POWER_CTRL_SUSPEND;
 272              		.loc 1 273 0
 273 0056 124B     		ldr	r3, .L14+28
 274 0058 114A     		ldr	r2, .L14+28
 275 005a 1268     		ldr	r2, [r2]
 276 005c 0421     		mov	r1, #4
 277 005e 8A43     		bic	r2, r1
 278 0060 1A60     		str	r2, [r3]
 274:Generated_Source\PSoC4/USBUART_pm.c ****         CyDelayUs(USBUART_WAIT_SUSPEND_DEL_DISABLE);
 279              		.loc 1 274 0
 280 0062 0220     		mov	r0, #2
 281 0064 FFF7FEFF 		bl	CyDelayUs
 275:Generated_Source\PSoC4/USBUART_pm.c ****         USBUART_POWER_CTRL_REG &= (uint32) ~USBUART_POWER_CTRL_SUSPEND_DEL;
 282              		.loc 1 275 0
 283 0068 0D4B     		ldr	r3, .L14+28
 284 006a 0D4A     		ldr	r2, .L14+28
 285 006c 1268     		ldr	r2, [r2]
 286 006e 0821     		mov	r1, #8
 287 0070 8A43     		bic	r2, r1
 288 0072 1A60     		str	r2, [r3]
 289              	.L13:
 276:Generated_Source\PSoC4/USBUART_pm.c **** 
 277:Generated_Source\PSoC4/USBUART_pm.c ****     #else
 278:Generated_Source\PSoC4/USBUART_pm.c ****         /* Set power active and standby mode templates: enable USB block. */
 279:Generated_Source\PSoC4/USBUART_pm.c ****         USBUART_PM_ACT_CFG_REG  |= USBUART_PM_ACT_EN_FSUSB;
 280:Generated_Source\PSoC4/USBUART_pm.c ****         USBUART_PM_STBY_CFG_REG |= USBUART_PM_STBY_EN_FSUSB;
 281:Generated_Source\PSoC4/USBUART_pm.c **** 
ARM GAS  C:\Users\arh\AppData\Local\Temp\cceltN7Q.s 			page 11


 282:Generated_Source\PSoC4/USBUART_pm.c ****         /* Enable core clock. */
 283:Generated_Source\PSoC4/USBUART_pm.c ****         USBUART_USB_CLK_EN_REG |= USBUART_USB_CLK_ENABLE;
 284:Generated_Source\PSoC4/USBUART_pm.c **** 
 285:Generated_Source\PSoC4/USBUART_pm.c ****         /* Enable the USBIO reference by setting PM.USB_CR0.fsusbio_ref_en.*/
 286:Generated_Source\PSoC4/USBUART_pm.c ****         USBUART_PM_USB_CR0_REG |= USBUART_PM_USB_CR0_REF_EN;
 287:Generated_Source\PSoC4/USBUART_pm.c **** 
 288:Generated_Source\PSoC4/USBUART_pm.c ****         /* The reference is available ~40us after power restored. */
 289:Generated_Source\PSoC4/USBUART_pm.c ****         CyDelayUs(USBUART_WAIT_VREF_RESTORE);
 290:Generated_Source\PSoC4/USBUART_pm.c ****         /* Restore state of USB regulator and wait until it supples stable power. */
 291:Generated_Source\PSoC4/USBUART_pm.c ****         USBUART_CR1_REG |= USBUART_backup.mode;
 292:Generated_Source\PSoC4/USBUART_pm.c ****         CyDelayUs(USBUART_WAIT_VREF_STABILITY);   /*~50ns delay. */
 293:Generated_Source\PSoC4/USBUART_pm.c **** 
 294:Generated_Source\PSoC4/USBUART_pm.c ****         /* Enable USBIO. */
 295:Generated_Source\PSoC4/USBUART_pm.c ****         USBUART_PM_USB_CR0_REG |= USBUART_PM_USB_CR0_PD_N;
 296:Generated_Source\PSoC4/USBUART_pm.c ****         CyDelayUs(USBUART_WAIT_PD_PULLUP_N_ENABLE);
 297:Generated_Source\PSoC4/USBUART_pm.c ****         /* Set the USBIO pull-up enable. */
 298:Generated_Source\PSoC4/USBUART_pm.c ****         USBUART_PM_USB_CR0_REG |= USBUART_PM_USB_CR0_PD_PULLUP_N;
 299:Generated_Source\PSoC4/USBUART_pm.c **** 
 300:Generated_Source\PSoC4/USBUART_pm.c ****         /* Restore arbiter configuration for DMA transfers. */
 301:Generated_Source\PSoC4/USBUART_pm.c ****         #if (USBUART_EP_MANAGEMENT_DMA)
 302:Generated_Source\PSoC4/USBUART_pm.c ****             #if (USBUART_ARB_ISR_ACTIVE)
 303:Generated_Source\PSoC4/USBUART_pm.c ****                 /* Enable ARB EP interrupt sources. */
 304:Generated_Source\PSoC4/USBUART_pm.c ****                 USBUART_ARB_INT_EN_REG = USBUART_DEFAULT_ARB_INT_EN;
 305:Generated_Source\PSoC4/USBUART_pm.c ****             #endif /* (USBUART_EP_MANAGEMENT_DMA) */
 306:Generated_Source\PSoC4/USBUART_pm.c **** 
 307:Generated_Source\PSoC4/USBUART_pm.c ****             /* Configure arbiter for Manual or Auto DMA operation and clear 
 308:Generated_Source\PSoC4/USBUART_pm.c ****             * configuration completion. 
 309:Generated_Source\PSoC4/USBUART_pm.c ****             */
 310:Generated_Source\PSoC4/USBUART_pm.c ****             USBUART_ARB_CFG_REG = USBUART_DEFAULT_ARB_CFG;
 311:Generated_Source\PSoC4/USBUART_pm.c ****         #endif /* (USBUART_EP_MANAGEMENT_DMA) */
 312:Generated_Source\PSoC4/USBUART_pm.c **** 
 313:Generated_Source\PSoC4/USBUART_pm.c ****         /* Set EP0.CR: ACK Setup, STALL IN/OUT. */
 314:Generated_Source\PSoC4/USBUART_pm.c ****         USBUART_EP0_CR_REG = USBUART_MODE_STALL_IN_OUT;
 315:Generated_Source\PSoC4/USBUART_pm.c **** 
 316:Generated_Source\PSoC4/USBUART_pm.c ****         /* Enable the USB IP to respond to USB traffic with the last address. */
 317:Generated_Source\PSoC4/USBUART_pm.c ****         USBUART_CR0_REG |= USBUART_CR0_ENABLE;
 318:Generated_Source\PSoC4/USBUART_pm.c ****         CyDelayCycles(USBUART_WAIT_CR0_REG_STABILITY);
 319:Generated_Source\PSoC4/USBUART_pm.c **** 
 320:Generated_Source\PSoC4/USBUART_pm.c ****         /* Enable D+ pull-up and keep USB control on IO. */
 321:Generated_Source\PSoC4/USBUART_pm.c ****         USBUART_USBIO_CR1_REG = USBUART_USBIO_CR1_USBPUEN;
 322:Generated_Source\PSoC4/USBUART_pm.c **** 
 323:Generated_Source\PSoC4/USBUART_pm.c ****         /* Restore data EP1-8 configuration. */
 324:Generated_Source\PSoC4/USBUART_pm.c ****         USBUART_RestoreConfig();
 325:Generated_Source\PSoC4/USBUART_pm.c ****     #endif /* (CY_PSOC4) */
 326:Generated_Source\PSoC4/USBUART_pm.c ****     }
 327:Generated_Source\PSoC4/USBUART_pm.c **** 
 328:Generated_Source\PSoC4/USBUART_pm.c ****     CyExitCriticalSection(enableInterrupts);
 290              		.loc 1 328 0
 291 0074 FB1D     		add	r3, r7, #7
 292 0076 1B78     		ldrb	r3, [r3]
 293 0078 181C     		mov	r0, r3
 294 007a FFF7FEFF 		bl	CyExitCriticalSection
 329:Generated_Source\PSoC4/USBUART_pm.c **** }
 295              		.loc 1 329 0
 296 007e BD46     		mov	sp, r7
 297 0080 03B0     		add	sp, sp, #12
 298              		@ sp needed
ARM GAS  C:\Users\arh\AppData\Local\Temp\cceltN7Q.s 			page 12


 299 0082 90BD     		pop	{r4, r7, pc}
 300              	.L15:
 301              		.align	2
 302              	.L14:
 303 0084 00000000 		.word	USBUART_backup
 304 0088 74022C40 		.word	1076626036
 305 008c 30202C40 		.word	1076633648
 306 0090 1A001500 		.word	1376282
 307 0094 28202C40 		.word	1076633640
 308 0098 A0002C40 		.word	1076625568
 309 009c 24002C40 		.word	1076625444
 310 00a0 00202C40 		.word	1076633600
 311              		.cfi_endproc
 312              	.LFE5:
 313              		.size	USBUART_Resume, .-USBUART_Resume
 314              		.text
 315              	.Letext0:
 316              		.file 2 "Generated_Source\\PSoC4\\cytypes.h"
 317              		.file 3 "Generated_Source\\PSoC4\\USBUART.h"
 318              		.section	.debug_info,"",%progbits
 319              	.Ldebug_info0:
 320 0000 82010000 		.4byte	0x182
 321 0004 0400     		.2byte	0x4
 322 0006 00000000 		.4byte	.Ldebug_abbrev0
 323 000a 04       		.byte	0x4
 324 000b 01       		.uleb128 0x1
 325 000c B4000000 		.4byte	.LASF27
 326 0010 01       		.byte	0x1
 327 0011 B6010000 		.4byte	.LASF28
 328 0015 15020000 		.4byte	.LASF29
 329 0019 00000000 		.4byte	.Ldebug_ranges0+0
 330 001d 00000000 		.4byte	0
 331 0021 00000000 		.4byte	.Ldebug_line0
 332 0025 02       		.uleb128 0x2
 333 0026 01       		.byte	0x1
 334 0027 06       		.byte	0x6
 335 0028 09020000 		.4byte	.LASF0
 336 002c 02       		.uleb128 0x2
 337 002d 01       		.byte	0x1
 338 002e 08       		.byte	0x8
 339 002f 57000000 		.4byte	.LASF1
 340 0033 02       		.uleb128 0x2
 341 0034 02       		.byte	0x2
 342 0035 05       		.byte	0x5
 343 0036 DA010000 		.4byte	.LASF2
 344 003a 02       		.uleb128 0x2
 345 003b 02       		.byte	0x2
 346 003c 07       		.byte	0x7
 347 003d 15000000 		.4byte	.LASF3
 348 0041 02       		.uleb128 0x2
 349 0042 04       		.byte	0x4
 350 0043 05       		.byte	0x5
 351 0044 F4010000 		.4byte	.LASF4
 352 0048 02       		.uleb128 0x2
 353 0049 04       		.byte	0x4
 354 004a 07       		.byte	0x7
 355 004b 49010000 		.4byte	.LASF5
ARM GAS  C:\Users\arh\AppData\Local\Temp\cceltN7Q.s 			page 13


 356 004f 02       		.uleb128 0x2
 357 0050 08       		.byte	0x8
 358 0051 05       		.byte	0x5
 359 0052 8D010000 		.4byte	.LASF6
 360 0056 02       		.uleb128 0x2
 361 0057 08       		.byte	0x8
 362 0058 07       		.byte	0x7
 363 0059 68010000 		.4byte	.LASF7
 364 005d 03       		.uleb128 0x3
 365 005e 04       		.byte	0x4
 366 005f 05       		.byte	0x5
 367 0060 696E7400 		.ascii	"int\000"
 368 0064 02       		.uleb128 0x2
 369 0065 04       		.byte	0x4
 370 0066 07       		.byte	0x7
 371 0067 5B010000 		.4byte	.LASF8
 372 006b 04       		.uleb128 0x4
 373 006c 87000000 		.4byte	.LASF9
 374 0070 02       		.byte	0x2
 375 0071 B901     		.2byte	0x1b9
 376 0073 2C000000 		.4byte	0x2c
 377 0077 04       		.uleb128 0x4
 378 0078 42010000 		.4byte	.LASF10
 379 007c 02       		.byte	0x2
 380 007d BB01     		.2byte	0x1bb
 381 007f 48000000 		.4byte	0x48
 382 0083 02       		.uleb128 0x2
 383 0084 04       		.byte	0x4
 384 0085 04       		.byte	0x4
 385 0086 51000000 		.4byte	.LASF11
 386 008a 02       		.uleb128 0x2
 387 008b 08       		.byte	0x8
 388 008c 04       		.byte	0x4
 389 008d AD000000 		.4byte	.LASF12
 390 0091 02       		.uleb128 0x2
 391 0092 01       		.byte	0x1
 392 0093 08       		.byte	0x8
 393 0094 9B010000 		.4byte	.LASF13
 394 0098 05       		.uleb128 0x5
 395 0099 6B000000 		.4byte	0x6b
 396 009d 04       		.uleb128 0x4
 397 009e 0F000000 		.4byte	.LASF14
 398 00a2 02       		.byte	0x2
 399 00a3 6502     		.2byte	0x265
 400 00a5 A9000000 		.4byte	0xa9
 401 00a9 05       		.uleb128 0x5
 402 00aa 77000000 		.4byte	0x77
 403 00ae 02       		.uleb128 0x2
 404 00af 04       		.byte	0x4
 405 00b0 07       		.byte	0x7
 406 00b1 84010000 		.4byte	.LASF15
 407 00b5 06       		.uleb128 0x6
 408 00b6 03       		.byte	0x3
 409 00b7 03       		.byte	0x3
 410 00b8 BD       		.byte	0xbd
 411 00b9 E2000000 		.4byte	0xe2
 412 00bd 07       		.uleb128 0x7
ARM GAS  C:\Users\arh\AppData\Local\Temp\cceltN7Q.s 			page 14


 413 00be FD010000 		.4byte	.LASF16
 414 00c2 03       		.byte	0x3
 415 00c3 BF       		.byte	0xbf
 416 00c4 6B000000 		.4byte	0x6b
 417 00c8 00       		.byte	0
 418 00c9 07       		.uleb128 0x7
 419 00ca 7F010000 		.4byte	.LASF17
 420 00ce 03       		.byte	0x3
 421 00cf C0       		.byte	0xc0
 422 00d0 6B000000 		.4byte	0x6b
 423 00d4 01       		.byte	0x1
 424 00d5 07       		.uleb128 0x7
 425 00d6 7B000000 		.4byte	.LASF18
 426 00da 03       		.byte	0x3
 427 00db C2       		.byte	0xc2
 428 00dc 6B000000 		.4byte	0x6b
 429 00e0 02       		.byte	0x2
 430 00e1 00       		.byte	0
 431 00e2 08       		.uleb128 0x8
 432 00e3 28000000 		.4byte	.LASF19
 433 00e7 03       		.byte	0x3
 434 00e8 C4       		.byte	0xc4
 435 00e9 B5000000 		.4byte	0xb5
 436 00ed 09       		.uleb128 0x9
 437 00ee 00000000 		.4byte	.LASF20
 438 00f2 01       		.byte	0x1
 439 00f3 2B       		.byte	0x2b
 440 00f4 00000000 		.4byte	.LFB1
 441 00f8 0C000000 		.4byte	.LFE1-.LFB1
 442 00fc 01       		.uleb128 0x1
 443 00fd 9C       		.byte	0x9c
 444 00fe 0A       		.uleb128 0xa
 445 00ff 3E000000 		.4byte	.LASF21
 446 0103 01       		.byte	0x1
 447 0104 48       		.byte	0x48
 448 0105 00000000 		.4byte	.LFB2
 449 0109 08000000 		.4byte	.LFE2-.LFB2
 450 010d 01       		.uleb128 0x1
 451 010e 9C       		.byte	0x9c
 452 010f 09       		.uleb128 0x9
 453 0110 65000000 		.4byte	.LASF22
 454 0114 01       		.byte	0x1
 455 0115 58       		.byte	0x58
 456 0116 00000000 		.4byte	.LFB3
 457 011a 20000000 		.4byte	.LFE3-.LFB3
 458 011e 01       		.uleb128 0x1
 459 011f 9C       		.byte	0x9c
 460 0120 0B       		.uleb128 0xb
 461 0121 E4010000 		.4byte	.LASF23
 462 0125 01       		.byte	0x1
 463 0126 7B       		.byte	0x7b
 464 0127 00000000 		.4byte	.LFB4
 465 012b 90000000 		.4byte	.LFE4-.LFB4
 466 012f 01       		.uleb128 0x1
 467 0130 9C       		.byte	0x9c
 468 0131 44010000 		.4byte	0x144
 469 0135 0C       		.uleb128 0xc
ARM GAS  C:\Users\arh\AppData\Local\Temp\cceltN7Q.s 			page 15


 470 0136 8D000000 		.4byte	.LASF25
 471 013a 01       		.byte	0x1
 472 013b 7D       		.byte	0x7d
 473 013c 6B000000 		.4byte	0x6b
 474 0140 02       		.uleb128 0x2
 475 0141 91       		.byte	0x91
 476 0142 6F       		.sleb128 -17
 477 0143 00       		.byte	0
 478 0144 0B       		.uleb128 0xb
 479 0145 69020000 		.4byte	.LASF24
 480 0149 01       		.byte	0x1
 481 014a E3       		.byte	0xe3
 482 014b 00000000 		.4byte	.LFB5
 483 014f A4000000 		.4byte	.LFE5-.LFB5
 484 0153 01       		.uleb128 0x1
 485 0154 9C       		.byte	0x9c
 486 0155 68010000 		.4byte	0x168
 487 0159 0C       		.uleb128 0xc
 488 015a 8D000000 		.4byte	.LASF25
 489 015e 01       		.byte	0x1
 490 015f E5       		.byte	0xe5
 491 0160 6B000000 		.4byte	0x6b
 492 0164 02       		.uleb128 0x2
 493 0165 91       		.byte	0x91
 494 0166 6F       		.sleb128 -17
 495 0167 00       		.byte	0
 496 0168 0C       		.uleb128 0xc
 497 0169 9E000000 		.4byte	.LASF26
 498 016d 01       		.byte	0x1
 499 016e 20       		.byte	0x20
 500 016f E2000000 		.4byte	0xe2
 501 0173 05       		.uleb128 0x5
 502 0174 03       		.byte	0x3
 503 0175 00000000 		.4byte	USBUART_backup
 504 0179 0D       		.uleb128 0xd
 505 017a A0010000 		.4byte	.LASF30
 506 017e 03       		.byte	0x3
 507 017f D902     		.2byte	0x2d9
 508 0181 98000000 		.4byte	0x98
 509 0185 00       		.byte	0
 510              		.section	.debug_abbrev,"",%progbits
 511              	.Ldebug_abbrev0:
 512 0000 01       		.uleb128 0x1
 513 0001 11       		.uleb128 0x11
 514 0002 01       		.byte	0x1
 515 0003 25       		.uleb128 0x25
 516 0004 0E       		.uleb128 0xe
 517 0005 13       		.uleb128 0x13
 518 0006 0B       		.uleb128 0xb
 519 0007 03       		.uleb128 0x3
 520 0008 0E       		.uleb128 0xe
 521 0009 1B       		.uleb128 0x1b
 522 000a 0E       		.uleb128 0xe
 523 000b 55       		.uleb128 0x55
 524 000c 17       		.uleb128 0x17
 525 000d 11       		.uleb128 0x11
 526 000e 01       		.uleb128 0x1
ARM GAS  C:\Users\arh\AppData\Local\Temp\cceltN7Q.s 			page 16


 527 000f 10       		.uleb128 0x10
 528 0010 17       		.uleb128 0x17
 529 0011 00       		.byte	0
 530 0012 00       		.byte	0
 531 0013 02       		.uleb128 0x2
 532 0014 24       		.uleb128 0x24
 533 0015 00       		.byte	0
 534 0016 0B       		.uleb128 0xb
 535 0017 0B       		.uleb128 0xb
 536 0018 3E       		.uleb128 0x3e
 537 0019 0B       		.uleb128 0xb
 538 001a 03       		.uleb128 0x3
 539 001b 0E       		.uleb128 0xe
 540 001c 00       		.byte	0
 541 001d 00       		.byte	0
 542 001e 03       		.uleb128 0x3
 543 001f 24       		.uleb128 0x24
 544 0020 00       		.byte	0
 545 0021 0B       		.uleb128 0xb
 546 0022 0B       		.uleb128 0xb
 547 0023 3E       		.uleb128 0x3e
 548 0024 0B       		.uleb128 0xb
 549 0025 03       		.uleb128 0x3
 550 0026 08       		.uleb128 0x8
 551 0027 00       		.byte	0
 552 0028 00       		.byte	0
 553 0029 04       		.uleb128 0x4
 554 002a 16       		.uleb128 0x16
 555 002b 00       		.byte	0
 556 002c 03       		.uleb128 0x3
 557 002d 0E       		.uleb128 0xe
 558 002e 3A       		.uleb128 0x3a
 559 002f 0B       		.uleb128 0xb
 560 0030 3B       		.uleb128 0x3b
 561 0031 05       		.uleb128 0x5
 562 0032 49       		.uleb128 0x49
 563 0033 13       		.uleb128 0x13
 564 0034 00       		.byte	0
 565 0035 00       		.byte	0
 566 0036 05       		.uleb128 0x5
 567 0037 35       		.uleb128 0x35
 568 0038 00       		.byte	0
 569 0039 49       		.uleb128 0x49
 570 003a 13       		.uleb128 0x13
 571 003b 00       		.byte	0
 572 003c 00       		.byte	0
 573 003d 06       		.uleb128 0x6
 574 003e 13       		.uleb128 0x13
 575 003f 01       		.byte	0x1
 576 0040 0B       		.uleb128 0xb
 577 0041 0B       		.uleb128 0xb
 578 0042 3A       		.uleb128 0x3a
 579 0043 0B       		.uleb128 0xb
 580 0044 3B       		.uleb128 0x3b
 581 0045 0B       		.uleb128 0xb
 582 0046 01       		.uleb128 0x1
 583 0047 13       		.uleb128 0x13
ARM GAS  C:\Users\arh\AppData\Local\Temp\cceltN7Q.s 			page 17


 584 0048 00       		.byte	0
 585 0049 00       		.byte	0
 586 004a 07       		.uleb128 0x7
 587 004b 0D       		.uleb128 0xd
 588 004c 00       		.byte	0
 589 004d 03       		.uleb128 0x3
 590 004e 0E       		.uleb128 0xe
 591 004f 3A       		.uleb128 0x3a
 592 0050 0B       		.uleb128 0xb
 593 0051 3B       		.uleb128 0x3b
 594 0052 0B       		.uleb128 0xb
 595 0053 49       		.uleb128 0x49
 596 0054 13       		.uleb128 0x13
 597 0055 38       		.uleb128 0x38
 598 0056 0B       		.uleb128 0xb
 599 0057 00       		.byte	0
 600 0058 00       		.byte	0
 601 0059 08       		.uleb128 0x8
 602 005a 16       		.uleb128 0x16
 603 005b 00       		.byte	0
 604 005c 03       		.uleb128 0x3
 605 005d 0E       		.uleb128 0xe
 606 005e 3A       		.uleb128 0x3a
 607 005f 0B       		.uleb128 0xb
 608 0060 3B       		.uleb128 0x3b
 609 0061 0B       		.uleb128 0xb
 610 0062 49       		.uleb128 0x49
 611 0063 13       		.uleb128 0x13
 612 0064 00       		.byte	0
 613 0065 00       		.byte	0
 614 0066 09       		.uleb128 0x9
 615 0067 2E       		.uleb128 0x2e
 616 0068 00       		.byte	0
 617 0069 3F       		.uleb128 0x3f
 618 006a 19       		.uleb128 0x19
 619 006b 03       		.uleb128 0x3
 620 006c 0E       		.uleb128 0xe
 621 006d 3A       		.uleb128 0x3a
 622 006e 0B       		.uleb128 0xb
 623 006f 3B       		.uleb128 0x3b
 624 0070 0B       		.uleb128 0xb
 625 0071 27       		.uleb128 0x27
 626 0072 19       		.uleb128 0x19
 627 0073 11       		.uleb128 0x11
 628 0074 01       		.uleb128 0x1
 629 0075 12       		.uleb128 0x12
 630 0076 06       		.uleb128 0x6
 631 0077 40       		.uleb128 0x40
 632 0078 18       		.uleb128 0x18
 633 0079 9642     		.uleb128 0x2116
 634 007b 19       		.uleb128 0x19
 635 007c 00       		.byte	0
 636 007d 00       		.byte	0
 637 007e 0A       		.uleb128 0xa
 638 007f 2E       		.uleb128 0x2e
 639 0080 00       		.byte	0
 640 0081 3F       		.uleb128 0x3f
ARM GAS  C:\Users\arh\AppData\Local\Temp\cceltN7Q.s 			page 18


 641 0082 19       		.uleb128 0x19
 642 0083 03       		.uleb128 0x3
 643 0084 0E       		.uleb128 0xe
 644 0085 3A       		.uleb128 0x3a
 645 0086 0B       		.uleb128 0xb
 646 0087 3B       		.uleb128 0x3b
 647 0088 0B       		.uleb128 0xb
 648 0089 27       		.uleb128 0x27
 649 008a 19       		.uleb128 0x19
 650 008b 11       		.uleb128 0x11
 651 008c 01       		.uleb128 0x1
 652 008d 12       		.uleb128 0x12
 653 008e 06       		.uleb128 0x6
 654 008f 40       		.uleb128 0x40
 655 0090 18       		.uleb128 0x18
 656 0091 9742     		.uleb128 0x2117
 657 0093 19       		.uleb128 0x19
 658 0094 00       		.byte	0
 659 0095 00       		.byte	0
 660 0096 0B       		.uleb128 0xb
 661 0097 2E       		.uleb128 0x2e
 662 0098 01       		.byte	0x1
 663 0099 3F       		.uleb128 0x3f
 664 009a 19       		.uleb128 0x19
 665 009b 03       		.uleb128 0x3
 666 009c 0E       		.uleb128 0xe
 667 009d 3A       		.uleb128 0x3a
 668 009e 0B       		.uleb128 0xb
 669 009f 3B       		.uleb128 0x3b
 670 00a0 0B       		.uleb128 0xb
 671 00a1 27       		.uleb128 0x27
 672 00a2 19       		.uleb128 0x19
 673 00a3 11       		.uleb128 0x11
 674 00a4 01       		.uleb128 0x1
 675 00a5 12       		.uleb128 0x12
 676 00a6 06       		.uleb128 0x6
 677 00a7 40       		.uleb128 0x40
 678 00a8 18       		.uleb128 0x18
 679 00a9 9642     		.uleb128 0x2116
 680 00ab 19       		.uleb128 0x19
 681 00ac 01       		.uleb128 0x1
 682 00ad 13       		.uleb128 0x13
 683 00ae 00       		.byte	0
 684 00af 00       		.byte	0
 685 00b0 0C       		.uleb128 0xc
 686 00b1 34       		.uleb128 0x34
 687 00b2 00       		.byte	0
 688 00b3 03       		.uleb128 0x3
 689 00b4 0E       		.uleb128 0xe
 690 00b5 3A       		.uleb128 0x3a
 691 00b6 0B       		.uleb128 0xb
 692 00b7 3B       		.uleb128 0x3b
 693 00b8 0B       		.uleb128 0xb
 694 00b9 49       		.uleb128 0x49
 695 00ba 13       		.uleb128 0x13
 696 00bb 02       		.uleb128 0x2
 697 00bc 18       		.uleb128 0x18
ARM GAS  C:\Users\arh\AppData\Local\Temp\cceltN7Q.s 			page 19


 698 00bd 00       		.byte	0
 699 00be 00       		.byte	0
 700 00bf 0D       		.uleb128 0xd
 701 00c0 34       		.uleb128 0x34
 702 00c1 00       		.byte	0
 703 00c2 03       		.uleb128 0x3
 704 00c3 0E       		.uleb128 0xe
 705 00c4 3A       		.uleb128 0x3a
 706 00c5 0B       		.uleb128 0xb
 707 00c6 3B       		.uleb128 0x3b
 708 00c7 05       		.uleb128 0x5
 709 00c8 49       		.uleb128 0x49
 710 00c9 13       		.uleb128 0x13
 711 00ca 3F       		.uleb128 0x3f
 712 00cb 19       		.uleb128 0x19
 713 00cc 3C       		.uleb128 0x3c
 714 00cd 19       		.uleb128 0x19
 715 00ce 00       		.byte	0
 716 00cf 00       		.byte	0
 717 00d0 00       		.byte	0
 718              		.section	.debug_aranges,"",%progbits
 719 0000 3C000000 		.4byte	0x3c
 720 0004 0200     		.2byte	0x2
 721 0006 00000000 		.4byte	.Ldebug_info0
 722 000a 04       		.byte	0x4
 723 000b 00       		.byte	0
 724 000c 0000     		.2byte	0
 725 000e 0000     		.2byte	0
 726 0010 00000000 		.4byte	.LFB1
 727 0014 0C000000 		.4byte	.LFE1-.LFB1
 728 0018 00000000 		.4byte	.LFB2
 729 001c 08000000 		.4byte	.LFE2-.LFB2
 730 0020 00000000 		.4byte	.LFB3
 731 0024 20000000 		.4byte	.LFE3-.LFB3
 732 0028 00000000 		.4byte	.LFB4
 733 002c 90000000 		.4byte	.LFE4-.LFB4
 734 0030 00000000 		.4byte	.LFB5
 735 0034 A4000000 		.4byte	.LFE5-.LFB5
 736 0038 00000000 		.4byte	0
 737 003c 00000000 		.4byte	0
 738              		.section	.debug_ranges,"",%progbits
 739              	.Ldebug_ranges0:
 740 0000 00000000 		.4byte	.LFB1
 741 0004 0C000000 		.4byte	.LFE1
 742 0008 00000000 		.4byte	.LFB2
 743 000c 08000000 		.4byte	.LFE2
 744 0010 00000000 		.4byte	.LFB3
 745 0014 20000000 		.4byte	.LFE3
 746 0018 00000000 		.4byte	.LFB4
 747 001c 90000000 		.4byte	.LFE4
 748 0020 00000000 		.4byte	.LFB5
 749 0024 A4000000 		.4byte	.LFE5
 750 0028 00000000 		.4byte	0
 751 002c 00000000 		.4byte	0
 752              		.section	.debug_line,"",%progbits
 753              	.Ldebug_line0:
 754 0000 D4000000 		.section	.debug_str,"MS",%progbits,1
ARM GAS  C:\Users\arh\AppData\Local\Temp\cceltN7Q.s 			page 20


 754      02005400 
 754      00000201 
 754      FB0E0D00 
 754      01010101 
 755              	.LASF20:
 756 0000 55534255 		.ascii	"USBUART_DP_ISR\000"
 756      4152545F 
 756      44505F49 
 756      535200
 757              	.LASF14:
 758 000f 72656733 		.ascii	"reg32\000"
 758      3200
 759              	.LASF3:
 760 0015 73686F72 		.ascii	"short unsigned int\000"
 760      7420756E 
 760      7369676E 
 760      65642069 
 760      6E7400
 761              	.LASF19:
 762 0028 55534255 		.ascii	"USBUART_BACKUP_STRUCT\000"
 762      4152545F 
 762      4241434B 
 762      55505F53 
 762      54525543 
 763              	.LASF21:
 764 003e 55534255 		.ascii	"USBUART_SaveConfig\000"
 764      4152545F 
 764      53617665 
 764      436F6E66 
 764      696700
 765              	.LASF11:
 766 0051 666C6F61 		.ascii	"float\000"
 766      7400
 767              	.LASF1:
 768 0057 756E7369 		.ascii	"unsigned char\000"
 768      676E6564 
 768      20636861 
 768      7200
 769              	.LASF22:
 770 0065 55534255 		.ascii	"USBUART_RestoreConfig\000"
 770      4152545F 
 770      52657374 
 770      6F726543 
 770      6F6E6669 
 771              	.LASF18:
 772 007b 696E7472 		.ascii	"intrSeiMask\000"
 772      5365694D 
 772      61736B00 
 773              	.LASF9:
 774 0087 75696E74 		.ascii	"uint8\000"
 774      3800
 775              	.LASF25:
 776 008d 656E6162 		.ascii	"enableInterrupts\000"
 776      6C65496E 
 776      74657272 
 776      75707473 
 776      00
ARM GAS  C:\Users\arh\AppData\Local\Temp\cceltN7Q.s 			page 21


 777              	.LASF26:
 778 009e 55534255 		.ascii	"USBUART_backup\000"
 778      4152545F 
 778      6261636B 
 778      757000
 779              	.LASF12:
 780 00ad 646F7562 		.ascii	"double\000"
 780      6C6500
 781              	.LASF27:
 782 00b4 474E5520 		.ascii	"GNU C 4.9.3 20150303 (release) [ARM/embedded-4_9-br"
 782      4320342E 
 782      392E3320 
 782      32303135 
 782      30333033 
 783 00e7 616E6368 		.ascii	"anch revision 221220] -mcpu=cortex-m0 -mthumb -g -O"
 783      20726576 
 783      6973696F 
 783      6E203232 
 783      31323230 
 784 011a 30202D66 		.ascii	"0 -ffunction-sections -ffat-lto-objects\000"
 784      66756E63 
 784      74696F6E 
 784      2D736563 
 784      74696F6E 
 785              	.LASF10:
 786 0142 75696E74 		.ascii	"uint32\000"
 786      333200
 787              	.LASF5:
 788 0149 6C6F6E67 		.ascii	"long unsigned int\000"
 788      20756E73 
 788      69676E65 
 788      6420696E 
 788      7400
 789              	.LASF8:
 790 015b 756E7369 		.ascii	"unsigned int\000"
 790      676E6564 
 790      20696E74 
 790      00
 791              	.LASF7:
 792 0168 6C6F6E67 		.ascii	"long long unsigned int\000"
 792      206C6F6E 
 792      6720756E 
 792      7369676E 
 792      65642069 
 793              	.LASF17:
 794 017f 6D6F6465 		.ascii	"mode\000"
 794      00
 795              	.LASF15:
 796 0184 73697A65 		.ascii	"sizetype\000"
 796      74797065 
 796      00
 797              	.LASF6:
 798 018d 6C6F6E67 		.ascii	"long long int\000"
 798      206C6F6E 
 798      6720696E 
 798      7400
 799              	.LASF13:
ARM GAS  C:\Users\arh\AppData\Local\Temp\cceltN7Q.s 			page 22


 800 019b 63686172 		.ascii	"char\000"
 800      00
 801              	.LASF30:
 802 01a0 55534255 		.ascii	"USBUART_configuration\000"
 802      4152545F 
 802      636F6E66 
 802      69677572 
 802      6174696F 
 803              	.LASF28:
 804 01b6 47656E65 		.ascii	"Generated_Source\\PSoC4\\USBUART_pm.c\000"
 804      72617465 
 804      645F536F 
 804      75726365 
 804      5C50536F 
 805              	.LASF2:
 806 01da 73686F72 		.ascii	"short int\000"
 806      7420696E 
 806      7400
 807              	.LASF23:
 808 01e4 55534255 		.ascii	"USBUART_Suspend\000"
 808      4152545F 
 808      53757370 
 808      656E6400 
 809              	.LASF4:
 810 01f4 6C6F6E67 		.ascii	"long int\000"
 810      20696E74 
 810      00
 811              	.LASF16:
 812 01fd 656E6162 		.ascii	"enableState\000"
 812      6C655374 
 812      61746500 
 813              	.LASF0:
 814 0209 7369676E 		.ascii	"signed char\000"
 814      65642063 
 814      68617200 
 815              	.LASF29:
 816 0215 5C5C766D 		.ascii	"\\\\vmware-host\\Shared Folders\\Documents\\PSoC Cr"
 816      77617265 
 816      2D686F73 
 816      745C5368 
 816      61726564 
 817 0243 6561746F 		.ascii	"eator\\TestThingSoc\\USBFS_UART01.cydsn\000"
 817      725C5465 
 817      73745468 
 817      696E6753 
 817      6F635C55 
 818              	.LASF24:
 819 0269 55534255 		.ascii	"USBUART_Resume\000"
 819      4152545F 
 819      52657375 
 819      6D6500
 820              		.ident	"GCC: (GNU Tools for ARM Embedded Processors) 4.9.3 20150303 (release) [ARM/embedded-4_9-br
