ARM GAS  C:\Users\arh\AppData\Local\Temp\ccBo8wYz.s 			page 1


   1              		.cpu cortex-m0
   2              		.fpu softvfp
   3              		.eabi_attribute 20, 1
   4              		.eabi_attribute 21, 1
   5              		.eabi_attribute 23, 3
   6              		.eabi_attribute 24, 1
   7              		.eabi_attribute 25, 1
   8              		.eabi_attribute 26, 1
   9              		.eabi_attribute 30, 6
  10              		.eabi_attribute 34, 0
  11              		.eabi_attribute 18, 4
  12              		.code	16
  13              		.file	"USBUART_msc.c"
  14              		.text
  15              	.Ltext0:
  16              		.cfi_sections	.debug_frame
  17              		.bss
  18              	USBUART_lunCount:
  19 0000 00       		.space	1
  20              		.section	.text.USBUART_DispatchMSCClassRqst,"ax",%progbits
  21              		.align	2
  22              		.global	USBUART_DispatchMSCClassRqst
  23              		.code	16
  24              		.thumb_func
  25              		.type	USBUART_DispatchMSCClassRqst, %function
  26              	USBUART_DispatchMSCClassRqst:
  27              	.LFB1:
  28              		.file 1 "Generated_Source\\PSoC4\\USBUART_msc.c"
   1:Generated_Source\PSoC4/USBUART_msc.c **** /***************************************************************************//**
   2:Generated_Source\PSoC4/USBUART_msc.c **** * \file USBUART_cdc.c
   3:Generated_Source\PSoC4/USBUART_msc.c **** * \version 3.10
   4:Generated_Source\PSoC4/USBUART_msc.c **** *
   5:Generated_Source\PSoC4/USBUART_msc.c **** * \brief
   6:Generated_Source\PSoC4/USBUART_msc.c **** *  This file contains the USB MSC Class request handler and global API for MSC 
   7:Generated_Source\PSoC4/USBUART_msc.c **** *  class.
   8:Generated_Source\PSoC4/USBUART_msc.c **** *
   9:Generated_Source\PSoC4/USBUART_msc.c **** * Related Document:
  10:Generated_Source\PSoC4/USBUART_msc.c **** *  Universal Serial Bus Class Definitions for Communication Devices Version 1.1
  11:Generated_Source\PSoC4/USBUART_msc.c **** *
  12:Generated_Source\PSoC4/USBUART_msc.c **** ********************************************************************************
  13:Generated_Source\PSoC4/USBUART_msc.c **** * \copyright
  14:Generated_Source\PSoC4/USBUART_msc.c **** * Copyright 2012-2016, Cypress Semiconductor Corporation.  All rights reserved.
  15:Generated_Source\PSoC4/USBUART_msc.c **** * You may use this file only in accordance with the license, terms, conditions,
  16:Generated_Source\PSoC4/USBUART_msc.c **** * disclaimers, and limitations in the end user license agreement accompanying
  17:Generated_Source\PSoC4/USBUART_msc.c **** * the software package with which this file was provided.
  18:Generated_Source\PSoC4/USBUART_msc.c **** *******************************************************************************/
  19:Generated_Source\PSoC4/USBUART_msc.c **** 
  20:Generated_Source\PSoC4/USBUART_msc.c **** #include "USBUART_msc.h"
  21:Generated_Source\PSoC4/USBUART_msc.c **** #include "USBUART_pvt.h"
  22:Generated_Source\PSoC4/USBUART_msc.c **** #include "cyapicallbacks.h"
  23:Generated_Source\PSoC4/USBUART_msc.c **** 
  24:Generated_Source\PSoC4/USBUART_msc.c **** #if (USBUART_HANDLE_MSC_REQUESTS)
  25:Generated_Source\PSoC4/USBUART_msc.c **** 
  26:Generated_Source\PSoC4/USBUART_msc.c **** /***************************************
  27:Generated_Source\PSoC4/USBUART_msc.c **** *          Internal variables
  28:Generated_Source\PSoC4/USBUART_msc.c **** ***************************************/
  29:Generated_Source\PSoC4/USBUART_msc.c **** 
ARM GAS  C:\Users\arh\AppData\Local\Temp\ccBo8wYz.s 			page 2


  30:Generated_Source\PSoC4/USBUART_msc.c **** static uint8 USBUART_lunCount = USBUART_MSC_LUN_NUMBER;
  31:Generated_Source\PSoC4/USBUART_msc.c **** 
  32:Generated_Source\PSoC4/USBUART_msc.c **** 
  33:Generated_Source\PSoC4/USBUART_msc.c **** /*******************************************************************************
  34:Generated_Source\PSoC4/USBUART_msc.c **** * Function Name: USBUART_DispatchMSCClassRqst
  35:Generated_Source\PSoC4/USBUART_msc.c **** ****************************************************************************//**
  36:Generated_Source\PSoC4/USBUART_msc.c **** *   
  37:Generated_Source\PSoC4/USBUART_msc.c **** *  \internal 
  38:Generated_Source\PSoC4/USBUART_msc.c **** *  This routine dispatches MSC class requests.
  39:Generated_Source\PSoC4/USBUART_msc.c **** *
  40:Generated_Source\PSoC4/USBUART_msc.c **** * \return
  41:Generated_Source\PSoC4/USBUART_msc.c **** *  Status of request processing: handled or not handled.
  42:Generated_Source\PSoC4/USBUART_msc.c **** *
  43:Generated_Source\PSoC4/USBUART_msc.c **** * \globalvars
  44:Generated_Source\PSoC4/USBUART_msc.c **** *  USBUART_lunCount - stores number of LUN (logical units).
  45:Generated_Source\PSoC4/USBUART_msc.c **** *
  46:Generated_Source\PSoC4/USBUART_msc.c **** * \reentrant
  47:Generated_Source\PSoC4/USBUART_msc.c **** *  No.
  48:Generated_Source\PSoC4/USBUART_msc.c **** *
  49:Generated_Source\PSoC4/USBUART_msc.c **** *******************************************************************************/
  50:Generated_Source\PSoC4/USBUART_msc.c **** uint8 USBUART_DispatchMSCClassRqst(void) 
  51:Generated_Source\PSoC4/USBUART_msc.c **** {
  29              		.loc 1 51 0
  30              		.cfi_startproc
  31 0000 90B5     		push	{r4, r7, lr}
  32              		.cfi_def_cfa_offset 12
  33              		.cfi_offset 4, -12
  34              		.cfi_offset 7, -8
  35              		.cfi_offset 14, -4
  36 0002 83B0     		sub	sp, sp, #12
  37              		.cfi_def_cfa_offset 24
  38 0004 00AF     		add	r7, sp, #0
  39              		.cfi_def_cfa_register 7
  52:Generated_Source\PSoC4/USBUART_msc.c ****     uint8 requestHandled = USBUART_FALSE;
  40              		.loc 1 52 0
  41 0006 FB1D     		add	r3, r7, #7
  42 0008 0022     		mov	r2, #0
  43 000a 1A70     		strb	r2, [r3]
  53:Generated_Source\PSoC4/USBUART_msc.c ****     
  54:Generated_Source\PSoC4/USBUART_msc.c ****     /* Get request data. */
  55:Generated_Source\PSoC4/USBUART_msc.c ****     uint16 value  = USBUART_GET_UINT16(USBUART_wValueHiReg,  USBUART_wValueLoReg);
  44              		.loc 1 55 0
  45 000c 294B     		ldr	r3, .L6
  46 000e DB68     		ldr	r3, [r3, #12]
  47 0010 9BB2     		uxth	r3, r3
  48 0012 1B02     		lsl	r3, r3, #8
  49 0014 99B2     		uxth	r1, r3
  50 0016 274B     		ldr	r3, .L6
  51 0018 9B68     		ldr	r3, [r3, #8]
  52 001a 9BB2     		uxth	r3, r3
  53 001c FF22     		mov	r2, #255
  54 001e 1340     		and	r3, r2
  55 0020 9AB2     		uxth	r2, r3
  56 0022 3B1D     		add	r3, r7, #4
  57 0024 0A43     		orr	r2, r1
  58 0026 1A80     		strh	r2, [r3]
  56:Generated_Source\PSoC4/USBUART_msc.c ****     uint16 dataLength = USBUART_GET_UINT16(USBUART_wLengthHiReg, USBUART_wLengthLoReg);
ARM GAS  C:\Users\arh\AppData\Local\Temp\ccBo8wYz.s 			page 3


  59              		.loc 1 56 0
  60 0028 224B     		ldr	r3, .L6
  61 002a DB69     		ldr	r3, [r3, #28]
  62 002c 9BB2     		uxth	r3, r3
  63 002e 1B02     		lsl	r3, r3, #8
  64 0030 99B2     		uxth	r1, r3
  65 0032 204B     		ldr	r3, .L6
  66 0034 9B69     		ldr	r3, [r3, #24]
  67 0036 9BB2     		uxth	r3, r3
  68 0038 FF22     		mov	r2, #255
  69 003a 1340     		and	r3, r2
  70 003c 9AB2     		uxth	r2, r3
  71 003e BB1C     		add	r3, r7, #2
  72 0040 0A43     		orr	r2, r1
  73 0042 1A80     		strh	r2, [r3]
  57:Generated_Source\PSoC4/USBUART_msc.c ****        
  58:Generated_Source\PSoC4/USBUART_msc.c ****     /* Check request direction: D2H or H2D. */
  59:Generated_Source\PSoC4/USBUART_msc.c ****     if (0u != (USBUART_bmRequestTypeReg & USBUART_RQST_DIR_D2H))
  74              		.loc 1 59 0
  75 0044 1B4B     		ldr	r3, .L6
  76 0046 1B68     		ldr	r3, [r3]
  77 0048 8022     		mov	r2, #128
  78 004a 1340     		and	r3, r2
  79 004c 17D0     		beq	.L2
  60:Generated_Source\PSoC4/USBUART_msc.c ****     {
  61:Generated_Source\PSoC4/USBUART_msc.c ****         /* Handle direction from device to host. */
  62:Generated_Source\PSoC4/USBUART_msc.c ****         
  63:Generated_Source\PSoC4/USBUART_msc.c ****         if (USBUART_MSC_GET_MAX_LUN == USBUART_bRequestReg)
  80              		.loc 1 63 0
  81 004e 194B     		ldr	r3, .L6
  82 0050 5B68     		ldr	r3, [r3, #4]
  83 0052 FE2B     		cmp	r3, #254
  84 0054 27D1     		bne	.L4
  64:Generated_Source\PSoC4/USBUART_msc.c ****         {
  65:Generated_Source\PSoC4/USBUART_msc.c ****             /* Check request fields. */
  66:Generated_Source\PSoC4/USBUART_msc.c ****             if ((value  == USBUART_MSC_GET_MAX_LUN_WVALUE) &&
  85              		.loc 1 66 0
  86 0056 3B1D     		add	r3, r7, #4
  87 0058 1B88     		ldrh	r3, [r3]
  88 005a 002B     		cmp	r3, #0
  89 005c 23D1     		bne	.L4
  90              		.loc 1 66 0 is_stmt 0 discriminator 1
  91 005e BB1C     		add	r3, r7, #2
  92 0060 1B88     		ldrh	r3, [r3]
  93 0062 012B     		cmp	r3, #1
  94 0064 1FD1     		bne	.L4
  67:Generated_Source\PSoC4/USBUART_msc.c ****                 (dataLength == USBUART_MSC_GET_MAX_LUN_WLENGTH))
  68:Generated_Source\PSoC4/USBUART_msc.c ****             {
  69:Generated_Source\PSoC4/USBUART_msc.c ****                 /* Reply to Get Max LUN request: setup control read. */
  70:Generated_Source\PSoC4/USBUART_msc.c ****                 USBUART_currentTD.pData = &USBUART_lunCount;
  95              		.loc 1 70 0 is_stmt 1
  96 0066 144B     		ldr	r3, .L6+4
  97 0068 144A     		ldr	r2, .L6+8
  98 006a 5A60     		str	r2, [r3, #4]
  71:Generated_Source\PSoC4/USBUART_msc.c ****                 USBUART_currentTD.count =  USBUART_MSC_GET_MAX_LUN_WLENGTH;
  99              		.loc 1 71 0
 100 006c 124B     		ldr	r3, .L6+4
ARM GAS  C:\Users\arh\AppData\Local\Temp\ccBo8wYz.s 			page 4


 101 006e 0122     		mov	r2, #1
 102 0070 1A80     		strh	r2, [r3]
  72:Generated_Source\PSoC4/USBUART_msc.c ****                 
  73:Generated_Source\PSoC4/USBUART_msc.c ****                 requestHandled  = USBUART_InitControlRead();
 103              		.loc 1 73 0
 104 0072 FC1D     		add	r4, r7, #7
 105 0074 FFF7FEFF 		bl	USBUART_InitControlRead
 106 0078 031C     		mov	r3, r0
 107 007a 2370     		strb	r3, [r4]
 108 007c 13E0     		b	.L4
 109              	.L2:
  74:Generated_Source\PSoC4/USBUART_msc.c ****             }
  75:Generated_Source\PSoC4/USBUART_msc.c ****         }
  76:Generated_Source\PSoC4/USBUART_msc.c ****     }
  77:Generated_Source\PSoC4/USBUART_msc.c ****     else
  78:Generated_Source\PSoC4/USBUART_msc.c ****     {
  79:Generated_Source\PSoC4/USBUART_msc.c ****         /* Handle direction from host to device. */
  80:Generated_Source\PSoC4/USBUART_msc.c ****         
  81:Generated_Source\PSoC4/USBUART_msc.c ****         if (USBUART_MSC_RESET == USBUART_bRequestReg)
 110              		.loc 1 81 0
 111 007e 0D4B     		ldr	r3, .L6
 112 0080 5B68     		ldr	r3, [r3, #4]
 113 0082 FF2B     		cmp	r3, #255
 114 0084 0FD1     		bne	.L4
  82:Generated_Source\PSoC4/USBUART_msc.c ****         {
  83:Generated_Source\PSoC4/USBUART_msc.c ****             /* Check request fields. */
  84:Generated_Source\PSoC4/USBUART_msc.c ****             if ((value  == USBUART_MSC_RESET_WVALUE) &&
 115              		.loc 1 84 0
 116 0086 3B1D     		add	r3, r7, #4
 117 0088 1B88     		ldrh	r3, [r3]
 118 008a 002B     		cmp	r3, #0
 119 008c 0BD1     		bne	.L4
 120              		.loc 1 84 0 is_stmt 0 discriminator 1
 121 008e BB1C     		add	r3, r7, #2
 122 0090 1B88     		ldrh	r3, [r3]
 123 0092 002B     		cmp	r3, #0
 124 0094 07D1     		bne	.L4
  85:Generated_Source\PSoC4/USBUART_msc.c ****                 (dataLength == USBUART_MSC_RESET_WLENGTH))
  86:Generated_Source\PSoC4/USBUART_msc.c ****             {
  87:Generated_Source\PSoC4/USBUART_msc.c ****                 /* Handle to Bulk-Only Reset request: no data control transfer. */
  88:Generated_Source\PSoC4/USBUART_msc.c ****                 USBUART_currentTD.count = USBUART_MSC_RESET_WLENGTH;
 125              		.loc 1 88 0 is_stmt 1
 126 0096 084B     		ldr	r3, .L6+4
 127 0098 0022     		mov	r2, #0
 128 009a 1A80     		strh	r2, [r3]
  89:Generated_Source\PSoC4/USBUART_msc.c ****                 
  90:Generated_Source\PSoC4/USBUART_msc.c ****             #ifdef USBUART_DISPATCH_MSC_CLASS_MSC_RESET_RQST_CALLBACK
  91:Generated_Source\PSoC4/USBUART_msc.c ****                 USBUART_DispatchMSCClass_MSC_RESET_RQST_Callback();
  92:Generated_Source\PSoC4/USBUART_msc.c ****             #endif /* (USBUART_DISPATCH_MSC_CLASS_MSC_RESET_RQST_CALLBACK) */
  93:Generated_Source\PSoC4/USBUART_msc.c ****                 
  94:Generated_Source\PSoC4/USBUART_msc.c ****                 requestHandled = USBUART_InitNoDataControlTransfer();
 129              		.loc 1 94 0
 130 009c FC1D     		add	r4, r7, #7
 131 009e FFF7FEFF 		bl	USBUART_InitNoDataControlTransfer
 132 00a2 031C     		mov	r3, r0
 133 00a4 2370     		strb	r3, [r4]
 134              	.L4:
ARM GAS  C:\Users\arh\AppData\Local\Temp\ccBo8wYz.s 			page 5


  95:Generated_Source\PSoC4/USBUART_msc.c ****             }
  96:Generated_Source\PSoC4/USBUART_msc.c ****         }
  97:Generated_Source\PSoC4/USBUART_msc.c ****     }
  98:Generated_Source\PSoC4/USBUART_msc.c ****     
  99:Generated_Source\PSoC4/USBUART_msc.c ****     return (requestHandled);
 135              		.loc 1 99 0
 136 00a6 FB1D     		add	r3, r7, #7
 137 00a8 1B78     		ldrb	r3, [r3]
 100:Generated_Source\PSoC4/USBUART_msc.c **** }
 138              		.loc 1 100 0
 139 00aa 181C     		mov	r0, r3
 140 00ac BD46     		mov	sp, r7
 141 00ae 03B0     		add	sp, sp, #12
 142              		@ sp needed
 143 00b0 90BD     		pop	{r4, r7, pc}
 144              	.L7:
 145 00b2 C046     		.align	2
 146              	.L6:
 147 00b4 00002C40 		.word	1076625408
 148 00b8 00000000 		.word	USBUART_currentTD
 149 00bc 00000000 		.word	USBUART_lunCount
 150              		.cfi_endproc
 151              	.LFE1:
 152              		.size	USBUART_DispatchMSCClassRqst, .-USBUART_DispatchMSCClassRqst
 153              		.section	.text.USBUART_MSC_SetLunCount,"ax",%progbits
 154              		.align	2
 155              		.global	USBUART_MSC_SetLunCount
 156              		.code	16
 157              		.thumb_func
 158              		.type	USBUART_MSC_SetLunCount, %function
 159              	USBUART_MSC_SetLunCount:
 160              	.LFB2:
 101:Generated_Source\PSoC4/USBUART_msc.c **** 
 102:Generated_Source\PSoC4/USBUART_msc.c **** 
 103:Generated_Source\PSoC4/USBUART_msc.c **** /*******************************************************************************
 104:Generated_Source\PSoC4/USBUART_msc.c **** * Function Name: USBUART_MSC_SetLunCount
 105:Generated_Source\PSoC4/USBUART_msc.c **** ****************************************************************************//**
 106:Generated_Source\PSoC4/USBUART_msc.c **** *
 107:Generated_Source\PSoC4/USBUART_msc.c **** *  This function sets the number of logical units supported in the application. 
 108:Generated_Source\PSoC4/USBUART_msc.c **** *  The default number of logical units is set in the component customizer.
 109:Generated_Source\PSoC4/USBUART_msc.c **** *
 110:Generated_Source\PSoC4/USBUART_msc.c **** *  \param lunCount: Count of the logical units. Valid range is between 1 and 16.
 111:Generated_Source\PSoC4/USBUART_msc.c **** *
 112:Generated_Source\PSoC4/USBUART_msc.c **** *
 113:Generated_Source\PSoC4/USBUART_msc.c **** * \globalvars
 114:Generated_Source\PSoC4/USBUART_msc.c **** *  USBUART_lunCount - stores number of LUN (logical units).
 115:Generated_Source\PSoC4/USBUART_msc.c **** *
 116:Generated_Source\PSoC4/USBUART_msc.c **** * \reentrant
 117:Generated_Source\PSoC4/USBUART_msc.c **** *  No.
 118:Generated_Source\PSoC4/USBUART_msc.c **** *
 119:Generated_Source\PSoC4/USBUART_msc.c **** *******************************************************************************/
 120:Generated_Source\PSoC4/USBUART_msc.c **** void USBUART_MSC_SetLunCount(uint8 lunCount) 
 121:Generated_Source\PSoC4/USBUART_msc.c **** {
 161              		.loc 1 121 0
 162              		.cfi_startproc
 163 0000 80B5     		push	{r7, lr}
 164              		.cfi_def_cfa_offset 8
ARM GAS  C:\Users\arh\AppData\Local\Temp\ccBo8wYz.s 			page 6


 165              		.cfi_offset 7, -8
 166              		.cfi_offset 14, -4
 167 0002 82B0     		sub	sp, sp, #8
 168              		.cfi_def_cfa_offset 16
 169 0004 00AF     		add	r7, sp, #0
 170              		.cfi_def_cfa_register 7
 171 0006 021C     		mov	r2, r0
 172 0008 FB1D     		add	r3, r7, #7
 173 000a 1A70     		strb	r2, [r3]
 122:Generated_Source\PSoC4/USBUART_msc.c ****     USBUART_lunCount = (lunCount - 1u);
 174              		.loc 1 122 0
 175 000c FB1D     		add	r3, r7, #7
 176 000e 1B78     		ldrb	r3, [r3]
 177 0010 013B     		sub	r3, r3, #1
 178 0012 DAB2     		uxtb	r2, r3
 179 0014 024B     		ldr	r3, .L9
 180 0016 1A70     		strb	r2, [r3]
 123:Generated_Source\PSoC4/USBUART_msc.c **** }
 181              		.loc 1 123 0
 182 0018 BD46     		mov	sp, r7
 183 001a 02B0     		add	sp, sp, #8
 184              		@ sp needed
 185 001c 80BD     		pop	{r7, pc}
 186              	.L10:
 187 001e C046     		.align	2
 188              	.L9:
 189 0020 00000000 		.word	USBUART_lunCount
 190              		.cfi_endproc
 191              	.LFE2:
 192              		.size	USBUART_MSC_SetLunCount, .-USBUART_MSC_SetLunCount
 193              		.section	.text.USBUART_MSC_GetLunCount,"ax",%progbits
 194              		.align	2
 195              		.global	USBUART_MSC_GetLunCount
 196              		.code	16
 197              		.thumb_func
 198              		.type	USBUART_MSC_GetLunCount, %function
 199              	USBUART_MSC_GetLunCount:
 200              	.LFB3:
 124:Generated_Source\PSoC4/USBUART_msc.c **** 
 125:Generated_Source\PSoC4/USBUART_msc.c **** 
 126:Generated_Source\PSoC4/USBUART_msc.c **** /*******************************************************************************
 127:Generated_Source\PSoC4/USBUART_msc.c **** * Function Name: USBUART_MSC_GetLunCount
 128:Generated_Source\PSoC4/USBUART_msc.c **** ****************************************************************************//**
 129:Generated_Source\PSoC4/USBUART_msc.c **** *
 130:Generated_Source\PSoC4/USBUART_msc.c **** *  This function returns the number of logical units.
 131:Generated_Source\PSoC4/USBUART_msc.c **** *
 132:Generated_Source\PSoC4/USBUART_msc.c **** * \return
 133:Generated_Source\PSoC4/USBUART_msc.c **** *   Number of the logical units.
 134:Generated_Source\PSoC4/USBUART_msc.c **** *
 135:Generated_Source\PSoC4/USBUART_msc.c **** * \globalvars
 136:Generated_Source\PSoC4/USBUART_msc.c **** *  USBUART_lunCount - stores number of LUN (logical units).
 137:Generated_Source\PSoC4/USBUART_msc.c **** *
 138:Generated_Source\PSoC4/USBUART_msc.c **** * \reentrant
 139:Generated_Source\PSoC4/USBUART_msc.c **** *  No.
 140:Generated_Source\PSoC4/USBUART_msc.c **** *
 141:Generated_Source\PSoC4/USBUART_msc.c **** *******************************************************************************/
 142:Generated_Source\PSoC4/USBUART_msc.c **** uint8 USBUART_MSC_GetLunCount(void) 
ARM GAS  C:\Users\arh\AppData\Local\Temp\ccBo8wYz.s 			page 7


 143:Generated_Source\PSoC4/USBUART_msc.c **** {
 201              		.loc 1 143 0
 202              		.cfi_startproc
 203 0000 80B5     		push	{r7, lr}
 204              		.cfi_def_cfa_offset 8
 205              		.cfi_offset 7, -8
 206              		.cfi_offset 14, -4
 207 0002 00AF     		add	r7, sp, #0
 208              		.cfi_def_cfa_register 7
 144:Generated_Source\PSoC4/USBUART_msc.c ****     return (USBUART_lunCount + 1u);
 209              		.loc 1 144 0
 210 0004 034B     		ldr	r3, .L13
 211 0006 1B78     		ldrb	r3, [r3]
 212 0008 0133     		add	r3, r3, #1
 213 000a DBB2     		uxtb	r3, r3
 145:Generated_Source\PSoC4/USBUART_msc.c **** }   
 214              		.loc 1 145 0
 215 000c 181C     		mov	r0, r3
 216 000e BD46     		mov	sp, r7
 217              		@ sp needed
 218 0010 80BD     		pop	{r7, pc}
 219              	.L14:
 220 0012 C046     		.align	2
 221              	.L13:
 222 0014 00000000 		.word	USBUART_lunCount
 223              		.cfi_endproc
 224              	.LFE3:
 225              		.size	USBUART_MSC_GetLunCount, .-USBUART_MSC_GetLunCount
 226              		.text
 227              	.Letext0:
 228              		.file 2 "Generated_Source\\PSoC4\\cytypes.h"
 229              		.file 3 "Generated_Source\\PSoC4\\USBUART.h"
 230              		.file 4 "Generated_Source\\PSoC4\\USBUART_pvt.h"
 231              		.section	.debug_info,"",%progbits
 232              	.Ldebug_info0:
 233 0000 EB010000 		.4byte	0x1eb
 234 0004 0400     		.2byte	0x4
 235 0006 00000000 		.4byte	.Ldebug_abbrev0
 236 000a 04       		.byte	0x4
 237 000b 01       		.uleb128 0x1
 238 000c FD000000 		.4byte	.LASF29
 239 0010 01       		.byte	0x1
 240 0011 D8000000 		.4byte	.LASF30
 241 0015 67020000 		.4byte	.LASF31
 242 0019 00000000 		.4byte	.Ldebug_ranges0+0
 243 001d 00000000 		.4byte	0
 244 0021 00000000 		.4byte	.Ldebug_line0
 245 0025 02       		.uleb128 0x2
 246 0026 01       		.byte	0x1
 247 0027 06       		.byte	0x6
 248 0028 5B020000 		.4byte	.LASF0
 249 002c 02       		.uleb128 0x2
 250 002d 01       		.byte	0x1
 251 002e 08       		.byte	0x8
 252 002f 6F000000 		.4byte	.LASF1
 253 0033 02       		.uleb128 0x2
 254 0034 02       		.byte	0x2
ARM GAS  C:\Users\arh\AppData\Local\Temp\ccBo8wYz.s 			page 8


 255 0035 05       		.byte	0x5
 256 0036 21020000 		.4byte	.LASF2
 257 003a 02       		.uleb128 0x2
 258 003b 02       		.byte	0x2
 259 003c 07       		.byte	0x7
 260 003d 42000000 		.4byte	.LASF3
 261 0041 02       		.uleb128 0x2
 262 0042 04       		.byte	0x4
 263 0043 05       		.byte	0x5
 264 0044 52020000 		.4byte	.LASF4
 265 0048 02       		.uleb128 0x2
 266 0049 04       		.byte	0x4
 267 004a 07       		.byte	0x7
 268 004b A7000000 		.4byte	.LASF5
 269 004f 02       		.uleb128 0x2
 270 0050 08       		.byte	0x8
 271 0051 05       		.byte	0x5
 272 0052 0E020000 		.4byte	.LASF6
 273 0056 02       		.uleb128 0x2
 274 0057 08       		.byte	0x8
 275 0058 07       		.byte	0x7
 276 0059 A6010000 		.4byte	.LASF7
 277 005d 03       		.uleb128 0x3
 278 005e 04       		.byte	0x4
 279 005f 05       		.byte	0x5
 280 0060 696E7400 		.ascii	"int\000"
 281 0064 02       		.uleb128 0x2
 282 0065 04       		.byte	0x4
 283 0066 07       		.byte	0x7
 284 0067 99010000 		.4byte	.LASF8
 285 006b 04       		.uleb128 0x4
 286 006c B9000000 		.4byte	.LASF9
 287 0070 02       		.byte	0x2
 288 0071 B901     		.2byte	0x1b9
 289 0073 2C000000 		.4byte	0x2c
 290 0077 04       		.uleb128 0x4
 291 0078 8B010000 		.4byte	.LASF10
 292 007c 02       		.byte	0x2
 293 007d BA01     		.2byte	0x1ba
 294 007f 3A000000 		.4byte	0x3a
 295 0083 04       		.uleb128 0x4
 296 0084 92010000 		.4byte	.LASF11
 297 0088 02       		.byte	0x2
 298 0089 BB01     		.2byte	0x1bb
 299 008b 48000000 		.4byte	0x48
 300 008f 02       		.uleb128 0x2
 301 0090 04       		.byte	0x4
 302 0091 04       		.byte	0x4
 303 0092 69000000 		.4byte	.LASF12
 304 0096 02       		.uleb128 0x2
 305 0097 08       		.byte	0x8
 306 0098 04       		.byte	0x4
 307 0099 BF000000 		.4byte	.LASF13
 308 009d 02       		.uleb128 0x2
 309 009e 01       		.byte	0x1
 310 009f 08       		.byte	0x8
 311 00a0 1C020000 		.4byte	.LASF14
ARM GAS  C:\Users\arh\AppData\Local\Temp\ccBo8wYz.s 			page 9


 312 00a4 05       		.uleb128 0x5
 313 00a5 6B000000 		.4byte	0x6b
 314 00a9 02       		.uleb128 0x2
 315 00aa 04       		.byte	0x4
 316 00ab 07       		.byte	0x7
 317 00ac 05020000 		.4byte	.LASF15
 318 00b0 06       		.uleb128 0x6
 319 00b1 04       		.byte	0x4
 320 00b2 03       		.byte	0x3
 321 00b3 A9       		.byte	0xa9
 322 00b4 D1000000 		.4byte	0xd1
 323 00b8 07       		.uleb128 0x7
 324 00b9 55000000 		.4byte	.LASF16
 325 00bd 03       		.byte	0x3
 326 00be AB       		.byte	0xab
 327 00bf 6B000000 		.4byte	0x6b
 328 00c3 00       		.byte	0
 329 00c4 07       		.uleb128 0x7
 330 00c5 BB020000 		.4byte	.LASF17
 331 00c9 03       		.byte	0x3
 332 00ca AC       		.byte	0xac
 333 00cb 77000000 		.4byte	0x77
 334 00cf 02       		.byte	0x2
 335 00d0 00       		.byte	0
 336 00d1 08       		.uleb128 0x8
 337 00d2 D1010000 		.4byte	.LASF18
 338 00d6 03       		.byte	0x3
 339 00d7 AD       		.byte	0xad
 340 00d8 B0000000 		.4byte	0xb0
 341 00dc 06       		.uleb128 0x6
 342 00dd 0C       		.byte	0xc
 343 00de 03       		.byte	0x3
 344 00df AF       		.byte	0xaf
 345 00e0 09010000 		.4byte	0x109
 346 00e4 07       		.uleb128 0x7
 347 00e5 24000000 		.4byte	.LASF19
 348 00e9 03       		.byte	0x3
 349 00ea B1       		.byte	0xb1
 350 00eb 77000000 		.4byte	0x77
 351 00ef 00       		.byte	0
 352 00f0 07       		.uleb128 0x7
 353 00f1 5C000000 		.4byte	.LASF20
 354 00f5 03       		.byte	0x3
 355 00f6 B2       		.byte	0xb2
 356 00f7 09010000 		.4byte	0x109
 357 00fb 04       		.byte	0x4
 358 00fc 07       		.uleb128 0x7
 359 00fd 11000000 		.4byte	.LASF21
 360 0101 03       		.byte	0x3
 361 0102 B3       		.byte	0xb3
 362 0103 0F010000 		.4byte	0x10f
 363 0107 08       		.byte	0x8
 364 0108 00       		.byte	0
 365 0109 09       		.uleb128 0x9
 366 010a 04       		.byte	0x4
 367 010b A4000000 		.4byte	0xa4
 368 010f 09       		.uleb128 0x9
ARM GAS  C:\Users\arh\AppData\Local\Temp\ccBo8wYz.s 			page 10


 369 0110 04       		.byte	0x4
 370 0111 D1000000 		.4byte	0xd1
 371 0115 08       		.uleb128 0x8
 372 0116 9A000000 		.4byte	.LASF22
 373 011a 03       		.byte	0x3
 374 011b B4       		.byte	0xb4
 375 011c DC000000 		.4byte	0xdc
 376 0120 06       		.uleb128 0x6
 377 0121 20       		.byte	0x20
 378 0122 03       		.byte	0x3
 379 0123 CA       		.byte	0xca
 380 0124 35010000 		.4byte	0x135
 381 0128 07       		.uleb128 0x7
 382 0129 62000000 		.4byte	.LASF23
 383 012d 03       		.byte	0x3
 384 012e CC       		.byte	0xcc
 385 012f 35010000 		.4byte	0x135
 386 0133 00       		.byte	0
 387 0134 00       		.byte	0
 388 0135 0A       		.uleb128 0xa
 389 0136 83000000 		.4byte	0x83
 390 013a 45010000 		.4byte	0x145
 391 013e 0B       		.uleb128 0xb
 392 013f A9000000 		.4byte	0xa9
 393 0143 07       		.byte	0x7
 394 0144 00       		.byte	0
 395 0145 08       		.uleb128 0x8
 396 0146 ED010000 		.4byte	.LASF24
 397 014a 03       		.byte	0x3
 398 014b CD       		.byte	0xcd
 399 014c 20010000 		.4byte	0x120
 400 0150 0C       		.uleb128 0xc
 401 0151 7D000000 		.4byte	.LASF32
 402 0155 01       		.byte	0x1
 403 0156 32       		.byte	0x32
 404 0157 6B000000 		.4byte	0x6b
 405 015b 00000000 		.4byte	.LFB1
 406 015f C0000000 		.4byte	.LFE1-.LFB1
 407 0163 01       		.uleb128 0x1
 408 0164 9C       		.byte	0x9c
 409 0165 94010000 		.4byte	0x194
 410 0169 0D       		.uleb128 0xd
 411 016a 43020000 		.4byte	.LASF25
 412 016e 01       		.byte	0x1
 413 016f 34       		.byte	0x34
 414 0170 6B000000 		.4byte	0x6b
 415 0174 02       		.uleb128 0x2
 416 0175 91       		.byte	0x91
 417 0176 6F       		.sleb128 -17
 418 0177 0D       		.uleb128 0xd
 419 0178 1E000000 		.4byte	.LASF26
 420 017c 01       		.byte	0x1
 421 017d 37       		.byte	0x37
 422 017e 77000000 		.4byte	0x77
 423 0182 02       		.uleb128 0x2
 424 0183 91       		.byte	0x91
 425 0184 6C       		.sleb128 -20
ARM GAS  C:\Users\arh\AppData\Local\Temp\ccBo8wYz.s 			page 11


 426 0185 0D       		.uleb128 0xd
 427 0186 C6010000 		.4byte	.LASF27
 428 018a 01       		.byte	0x1
 429 018b 38       		.byte	0x38
 430 018c 77000000 		.4byte	0x77
 431 0190 02       		.uleb128 0x2
 432 0191 91       		.byte	0x91
 433 0192 6A       		.sleb128 -22
 434 0193 00       		.byte	0
 435 0194 0E       		.uleb128 0xe
 436 0195 2A000000 		.4byte	.LASF33
 437 0199 01       		.byte	0x1
 438 019a 78       		.byte	0x78
 439 019b 00000000 		.4byte	.LFB2
 440 019f 24000000 		.4byte	.LFE2-.LFB2
 441 01a3 01       		.uleb128 0x1
 442 01a4 9C       		.byte	0x9c
 443 01a5 B8010000 		.4byte	0x1b8
 444 01a9 0F       		.uleb128 0xf
 445 01aa BD010000 		.4byte	.LASF34
 446 01ae 01       		.byte	0x1
 447 01af 78       		.byte	0x78
 448 01b0 6B000000 		.4byte	0x6b
 449 01b4 02       		.uleb128 0x2
 450 01b5 91       		.byte	0x91
 451 01b6 77       		.sleb128 -9
 452 01b7 00       		.byte	0
 453 01b8 10       		.uleb128 0x10
 454 01b9 2B020000 		.4byte	.LASF35
 455 01bd 01       		.byte	0x1
 456 01be 8E       		.byte	0x8e
 457 01bf 6B000000 		.4byte	0x6b
 458 01c3 00000000 		.4byte	.LFB3
 459 01c7 18000000 		.4byte	.LFE3-.LFB3
 460 01cb 01       		.uleb128 0x1
 461 01cc 9C       		.byte	0x9c
 462 01cd 0D       		.uleb128 0xd
 463 01ce 00000000 		.4byte	.LASF28
 464 01d2 01       		.byte	0x1
 465 01d3 1E       		.byte	0x1e
 466 01d4 6B000000 		.4byte	0x6b
 467 01d8 05       		.uleb128 0x5
 468 01d9 03       		.byte	0x3
 469 01da 00000000 		.4byte	USBUART_lunCount
 470 01de 11       		.uleb128 0x11
 471 01df C6000000 		.4byte	.LASF36
 472 01e3 04       		.byte	0x4
 473 01e4 7B       		.byte	0x7b
 474 01e5 E9010000 		.4byte	0x1e9
 475 01e9 05       		.uleb128 0x5
 476 01ea 15010000 		.4byte	0x115
 477 01ee 00       		.byte	0
 478              		.section	.debug_abbrev,"",%progbits
 479              	.Ldebug_abbrev0:
 480 0000 01       		.uleb128 0x1
 481 0001 11       		.uleb128 0x11
 482 0002 01       		.byte	0x1
ARM GAS  C:\Users\arh\AppData\Local\Temp\ccBo8wYz.s 			page 12


 483 0003 25       		.uleb128 0x25
 484 0004 0E       		.uleb128 0xe
 485 0005 13       		.uleb128 0x13
 486 0006 0B       		.uleb128 0xb
 487 0007 03       		.uleb128 0x3
 488 0008 0E       		.uleb128 0xe
 489 0009 1B       		.uleb128 0x1b
 490 000a 0E       		.uleb128 0xe
 491 000b 55       		.uleb128 0x55
 492 000c 17       		.uleb128 0x17
 493 000d 11       		.uleb128 0x11
 494 000e 01       		.uleb128 0x1
 495 000f 10       		.uleb128 0x10
 496 0010 17       		.uleb128 0x17
 497 0011 00       		.byte	0
 498 0012 00       		.byte	0
 499 0013 02       		.uleb128 0x2
 500 0014 24       		.uleb128 0x24
 501 0015 00       		.byte	0
 502 0016 0B       		.uleb128 0xb
 503 0017 0B       		.uleb128 0xb
 504 0018 3E       		.uleb128 0x3e
 505 0019 0B       		.uleb128 0xb
 506 001a 03       		.uleb128 0x3
 507 001b 0E       		.uleb128 0xe
 508 001c 00       		.byte	0
 509 001d 00       		.byte	0
 510 001e 03       		.uleb128 0x3
 511 001f 24       		.uleb128 0x24
 512 0020 00       		.byte	0
 513 0021 0B       		.uleb128 0xb
 514 0022 0B       		.uleb128 0xb
 515 0023 3E       		.uleb128 0x3e
 516 0024 0B       		.uleb128 0xb
 517 0025 03       		.uleb128 0x3
 518 0026 08       		.uleb128 0x8
 519 0027 00       		.byte	0
 520 0028 00       		.byte	0
 521 0029 04       		.uleb128 0x4
 522 002a 16       		.uleb128 0x16
 523 002b 00       		.byte	0
 524 002c 03       		.uleb128 0x3
 525 002d 0E       		.uleb128 0xe
 526 002e 3A       		.uleb128 0x3a
 527 002f 0B       		.uleb128 0xb
 528 0030 3B       		.uleb128 0x3b
 529 0031 05       		.uleb128 0x5
 530 0032 49       		.uleb128 0x49
 531 0033 13       		.uleb128 0x13
 532 0034 00       		.byte	0
 533 0035 00       		.byte	0
 534 0036 05       		.uleb128 0x5
 535 0037 35       		.uleb128 0x35
 536 0038 00       		.byte	0
 537 0039 49       		.uleb128 0x49
 538 003a 13       		.uleb128 0x13
 539 003b 00       		.byte	0
ARM GAS  C:\Users\arh\AppData\Local\Temp\ccBo8wYz.s 			page 13


 540 003c 00       		.byte	0
 541 003d 06       		.uleb128 0x6
 542 003e 13       		.uleb128 0x13
 543 003f 01       		.byte	0x1
 544 0040 0B       		.uleb128 0xb
 545 0041 0B       		.uleb128 0xb
 546 0042 3A       		.uleb128 0x3a
 547 0043 0B       		.uleb128 0xb
 548 0044 3B       		.uleb128 0x3b
 549 0045 0B       		.uleb128 0xb
 550 0046 01       		.uleb128 0x1
 551 0047 13       		.uleb128 0x13
 552 0048 00       		.byte	0
 553 0049 00       		.byte	0
 554 004a 07       		.uleb128 0x7
 555 004b 0D       		.uleb128 0xd
 556 004c 00       		.byte	0
 557 004d 03       		.uleb128 0x3
 558 004e 0E       		.uleb128 0xe
 559 004f 3A       		.uleb128 0x3a
 560 0050 0B       		.uleb128 0xb
 561 0051 3B       		.uleb128 0x3b
 562 0052 0B       		.uleb128 0xb
 563 0053 49       		.uleb128 0x49
 564 0054 13       		.uleb128 0x13
 565 0055 38       		.uleb128 0x38
 566 0056 0B       		.uleb128 0xb
 567 0057 00       		.byte	0
 568 0058 00       		.byte	0
 569 0059 08       		.uleb128 0x8
 570 005a 16       		.uleb128 0x16
 571 005b 00       		.byte	0
 572 005c 03       		.uleb128 0x3
 573 005d 0E       		.uleb128 0xe
 574 005e 3A       		.uleb128 0x3a
 575 005f 0B       		.uleb128 0xb
 576 0060 3B       		.uleb128 0x3b
 577 0061 0B       		.uleb128 0xb
 578 0062 49       		.uleb128 0x49
 579 0063 13       		.uleb128 0x13
 580 0064 00       		.byte	0
 581 0065 00       		.byte	0
 582 0066 09       		.uleb128 0x9
 583 0067 0F       		.uleb128 0xf
 584 0068 00       		.byte	0
 585 0069 0B       		.uleb128 0xb
 586 006a 0B       		.uleb128 0xb
 587 006b 49       		.uleb128 0x49
 588 006c 13       		.uleb128 0x13
 589 006d 00       		.byte	0
 590 006e 00       		.byte	0
 591 006f 0A       		.uleb128 0xa
 592 0070 01       		.uleb128 0x1
 593 0071 01       		.byte	0x1
 594 0072 49       		.uleb128 0x49
 595 0073 13       		.uleb128 0x13
 596 0074 01       		.uleb128 0x1
ARM GAS  C:\Users\arh\AppData\Local\Temp\ccBo8wYz.s 			page 14


 597 0075 13       		.uleb128 0x13
 598 0076 00       		.byte	0
 599 0077 00       		.byte	0
 600 0078 0B       		.uleb128 0xb
 601 0079 21       		.uleb128 0x21
 602 007a 00       		.byte	0
 603 007b 49       		.uleb128 0x49
 604 007c 13       		.uleb128 0x13
 605 007d 2F       		.uleb128 0x2f
 606 007e 0B       		.uleb128 0xb
 607 007f 00       		.byte	0
 608 0080 00       		.byte	0
 609 0081 0C       		.uleb128 0xc
 610 0082 2E       		.uleb128 0x2e
 611 0083 01       		.byte	0x1
 612 0084 3F       		.uleb128 0x3f
 613 0085 19       		.uleb128 0x19
 614 0086 03       		.uleb128 0x3
 615 0087 0E       		.uleb128 0xe
 616 0088 3A       		.uleb128 0x3a
 617 0089 0B       		.uleb128 0xb
 618 008a 3B       		.uleb128 0x3b
 619 008b 0B       		.uleb128 0xb
 620 008c 27       		.uleb128 0x27
 621 008d 19       		.uleb128 0x19
 622 008e 49       		.uleb128 0x49
 623 008f 13       		.uleb128 0x13
 624 0090 11       		.uleb128 0x11
 625 0091 01       		.uleb128 0x1
 626 0092 12       		.uleb128 0x12
 627 0093 06       		.uleb128 0x6
 628 0094 40       		.uleb128 0x40
 629 0095 18       		.uleb128 0x18
 630 0096 9642     		.uleb128 0x2116
 631 0098 19       		.uleb128 0x19
 632 0099 01       		.uleb128 0x1
 633 009a 13       		.uleb128 0x13
 634 009b 00       		.byte	0
 635 009c 00       		.byte	0
 636 009d 0D       		.uleb128 0xd
 637 009e 34       		.uleb128 0x34
 638 009f 00       		.byte	0
 639 00a0 03       		.uleb128 0x3
 640 00a1 0E       		.uleb128 0xe
 641 00a2 3A       		.uleb128 0x3a
 642 00a3 0B       		.uleb128 0xb
 643 00a4 3B       		.uleb128 0x3b
 644 00a5 0B       		.uleb128 0xb
 645 00a6 49       		.uleb128 0x49
 646 00a7 13       		.uleb128 0x13
 647 00a8 02       		.uleb128 0x2
 648 00a9 18       		.uleb128 0x18
 649 00aa 00       		.byte	0
 650 00ab 00       		.byte	0
 651 00ac 0E       		.uleb128 0xe
 652 00ad 2E       		.uleb128 0x2e
 653 00ae 01       		.byte	0x1
ARM GAS  C:\Users\arh\AppData\Local\Temp\ccBo8wYz.s 			page 15


 654 00af 3F       		.uleb128 0x3f
 655 00b0 19       		.uleb128 0x19
 656 00b1 03       		.uleb128 0x3
 657 00b2 0E       		.uleb128 0xe
 658 00b3 3A       		.uleb128 0x3a
 659 00b4 0B       		.uleb128 0xb
 660 00b5 3B       		.uleb128 0x3b
 661 00b6 0B       		.uleb128 0xb
 662 00b7 27       		.uleb128 0x27
 663 00b8 19       		.uleb128 0x19
 664 00b9 11       		.uleb128 0x11
 665 00ba 01       		.uleb128 0x1
 666 00bb 12       		.uleb128 0x12
 667 00bc 06       		.uleb128 0x6
 668 00bd 40       		.uleb128 0x40
 669 00be 18       		.uleb128 0x18
 670 00bf 9742     		.uleb128 0x2117
 671 00c1 19       		.uleb128 0x19
 672 00c2 01       		.uleb128 0x1
 673 00c3 13       		.uleb128 0x13
 674 00c4 00       		.byte	0
 675 00c5 00       		.byte	0
 676 00c6 0F       		.uleb128 0xf
 677 00c7 05       		.uleb128 0x5
 678 00c8 00       		.byte	0
 679 00c9 03       		.uleb128 0x3
 680 00ca 0E       		.uleb128 0xe
 681 00cb 3A       		.uleb128 0x3a
 682 00cc 0B       		.uleb128 0xb
 683 00cd 3B       		.uleb128 0x3b
 684 00ce 0B       		.uleb128 0xb
 685 00cf 49       		.uleb128 0x49
 686 00d0 13       		.uleb128 0x13
 687 00d1 02       		.uleb128 0x2
 688 00d2 18       		.uleb128 0x18
 689 00d3 00       		.byte	0
 690 00d4 00       		.byte	0
 691 00d5 10       		.uleb128 0x10
 692 00d6 2E       		.uleb128 0x2e
 693 00d7 00       		.byte	0
 694 00d8 3F       		.uleb128 0x3f
 695 00d9 19       		.uleb128 0x19
 696 00da 03       		.uleb128 0x3
 697 00db 0E       		.uleb128 0xe
 698 00dc 3A       		.uleb128 0x3a
 699 00dd 0B       		.uleb128 0xb
 700 00de 3B       		.uleb128 0x3b
 701 00df 0B       		.uleb128 0xb
 702 00e0 27       		.uleb128 0x27
 703 00e1 19       		.uleb128 0x19
 704 00e2 49       		.uleb128 0x49
 705 00e3 13       		.uleb128 0x13
 706 00e4 11       		.uleb128 0x11
 707 00e5 01       		.uleb128 0x1
 708 00e6 12       		.uleb128 0x12
 709 00e7 06       		.uleb128 0x6
 710 00e8 40       		.uleb128 0x40
ARM GAS  C:\Users\arh\AppData\Local\Temp\ccBo8wYz.s 			page 16


 711 00e9 18       		.uleb128 0x18
 712 00ea 9742     		.uleb128 0x2117
 713 00ec 19       		.uleb128 0x19
 714 00ed 00       		.byte	0
 715 00ee 00       		.byte	0
 716 00ef 11       		.uleb128 0x11
 717 00f0 34       		.uleb128 0x34
 718 00f1 00       		.byte	0
 719 00f2 03       		.uleb128 0x3
 720 00f3 0E       		.uleb128 0xe
 721 00f4 3A       		.uleb128 0x3a
 722 00f5 0B       		.uleb128 0xb
 723 00f6 3B       		.uleb128 0x3b
 724 00f7 0B       		.uleb128 0xb
 725 00f8 49       		.uleb128 0x49
 726 00f9 13       		.uleb128 0x13
 727 00fa 3F       		.uleb128 0x3f
 728 00fb 19       		.uleb128 0x19
 729 00fc 3C       		.uleb128 0x3c
 730 00fd 19       		.uleb128 0x19
 731 00fe 00       		.byte	0
 732 00ff 00       		.byte	0
 733 0100 00       		.byte	0
 734              		.section	.debug_aranges,"",%progbits
 735 0000 2C000000 		.4byte	0x2c
 736 0004 0200     		.2byte	0x2
 737 0006 00000000 		.4byte	.Ldebug_info0
 738 000a 04       		.byte	0x4
 739 000b 00       		.byte	0
 740 000c 0000     		.2byte	0
 741 000e 0000     		.2byte	0
 742 0010 00000000 		.4byte	.LFB1
 743 0014 C0000000 		.4byte	.LFE1-.LFB1
 744 0018 00000000 		.4byte	.LFB2
 745 001c 24000000 		.4byte	.LFE2-.LFB2
 746 0020 00000000 		.4byte	.LFB3
 747 0024 18000000 		.4byte	.LFE3-.LFB3
 748 0028 00000000 		.4byte	0
 749 002c 00000000 		.4byte	0
 750              		.section	.debug_ranges,"",%progbits
 751              	.Ldebug_ranges0:
 752 0000 00000000 		.4byte	.LFB1
 753 0004 C0000000 		.4byte	.LFE1
 754 0008 00000000 		.4byte	.LFB2
 755 000c 24000000 		.4byte	.LFE2
 756 0010 00000000 		.4byte	.LFB3
 757 0014 18000000 		.4byte	.LFE3
 758 0018 00000000 		.4byte	0
 759 001c 00000000 		.4byte	0
 760              		.section	.debug_line,"",%progbits
 761              	.Ldebug_line0:
 762 0000 BC000000 		.section	.debug_str,"MS",%progbits,1
 762      02006600 
 762      00000201 
 762      FB0E0D00 
 762      01010101 
 763              	.LASF28:
ARM GAS  C:\Users\arh\AppData\Local\Temp\ccBo8wYz.s 			page 17


 764 0000 55534255 		.ascii	"USBUART_lunCount\000"
 764      4152545F 
 764      6C756E43 
 764      6F756E74 
 764      00
 765              	.LASF21:
 766 0011 70537461 		.ascii	"pStatusBlock\000"
 766      74757342 
 766      6C6F636B 
 766      00
 767              	.LASF26:
 768 001e 76616C75 		.ascii	"value\000"
 768      6500
 769              	.LASF19:
 770 0024 636F756E 		.ascii	"count\000"
 770      7400
 771              	.LASF33:
 772 002a 55534255 		.ascii	"USBUART_MSC_SetLunCount\000"
 772      4152545F 
 772      4D53435F 
 772      5365744C 
 772      756E436F 
 773              	.LASF3:
 774 0042 73686F72 		.ascii	"short unsigned int\000"
 774      7420756E 
 774      7369676E 
 774      65642069 
 774      6E7400
 775              	.LASF16:
 776 0055 73746174 		.ascii	"status\000"
 776      757300
 777              	.LASF20:
 778 005c 70446174 		.ascii	"pData\000"
 778      6100
 779              	.LASF23:
 780 0062 65704461 		.ascii	"epData\000"
 780      746100
 781              	.LASF12:
 782 0069 666C6F61 		.ascii	"float\000"
 782      7400
 783              	.LASF1:
 784 006f 756E7369 		.ascii	"unsigned char\000"
 784      676E6564 
 784      20636861 
 784      7200
 785              	.LASF32:
 786 007d 55534255 		.ascii	"USBUART_DispatchMSCClassRqst\000"
 786      4152545F 
 786      44697370 
 786      61746368 
 786      4D534343 
 787              	.LASF22:
 788 009a 545F5553 		.ascii	"T_USBUART_TD\000"
 788      42554152 
 788      545F5444 
 788      00
 789              	.LASF5:
ARM GAS  C:\Users\arh\AppData\Local\Temp\ccBo8wYz.s 			page 18


 790 00a7 6C6F6E67 		.ascii	"long unsigned int\000"
 790      20756E73 
 790      69676E65 
 790      6420696E 
 790      7400
 791              	.LASF9:
 792 00b9 75696E74 		.ascii	"uint8\000"
 792      3800
 793              	.LASF13:
 794 00bf 646F7562 		.ascii	"double\000"
 794      6C6500
 795              	.LASF36:
 796 00c6 55534255 		.ascii	"USBUART_currentTD\000"
 796      4152545F 
 796      63757272 
 796      656E7454 
 796      4400
 797              	.LASF30:
 798 00d8 47656E65 		.ascii	"Generated_Source\\PSoC4\\USBUART_msc.c\000"
 798      72617465 
 798      645F536F 
 798      75726365 
 798      5C50536F 
 799              	.LASF29:
 800 00fd 474E5520 		.ascii	"GNU C 4.9.3 20150303 (release) [ARM/embedded-4_9-br"
 800      4320342E 
 800      392E3320 
 800      32303135 
 800      30333033 
 801 0130 616E6368 		.ascii	"anch revision 221220] -mcpu=cortex-m0 -mthumb -g -O"
 801      20726576 
 801      6973696F 
 801      6E203232 
 801      31323230 
 802 0163 30202D66 		.ascii	"0 -ffunction-sections -ffat-lto-objects\000"
 802      66756E63 
 802      74696F6E 
 802      2D736563 
 802      74696F6E 
 803              	.LASF10:
 804 018b 75696E74 		.ascii	"uint16\000"
 804      313600
 805              	.LASF11:
 806 0192 75696E74 		.ascii	"uint32\000"
 806      333200
 807              	.LASF8:
 808 0199 756E7369 		.ascii	"unsigned int\000"
 808      676E6564 
 808      20696E74 
 808      00
 809              	.LASF7:
 810 01a6 6C6F6E67 		.ascii	"long long unsigned int\000"
 810      206C6F6E 
 810      6720756E 
 810      7369676E 
 810      65642069 
 811              	.LASF34:
ARM GAS  C:\Users\arh\AppData\Local\Temp\ccBo8wYz.s 			page 19


 812 01bd 6C756E43 		.ascii	"lunCount\000"
 812      6F756E74 
 812      00
 813              	.LASF27:
 814 01c6 64617461 		.ascii	"dataLength\000"
 814      4C656E67 
 814      746800
 815              	.LASF18:
 816 01d1 545F5553 		.ascii	"T_USBUART_XFER_STATUS_BLOCK\000"
 816      42554152 
 816      545F5846 
 816      45525F53 
 816      54415455 
 817              	.LASF24:
 818 01ed 55534255 		.ascii	"USBUART_ep0_data_struct\000"
 818      4152545F 
 818      6570305F 
 818      64617461 
 818      5F737472 
 819              	.LASF15:
 820 0205 73697A65 		.ascii	"sizetype\000"
 820      74797065 
 820      00
 821              	.LASF6:
 822 020e 6C6F6E67 		.ascii	"long long int\000"
 822      206C6F6E 
 822      6720696E 
 822      7400
 823              	.LASF14:
 824 021c 63686172 		.ascii	"char\000"
 824      00
 825              	.LASF2:
 826 0221 73686F72 		.ascii	"short int\000"
 826      7420696E 
 826      7400
 827              	.LASF35:
 828 022b 55534255 		.ascii	"USBUART_MSC_GetLunCount\000"
 828      4152545F 
 828      4D53435F 
 828      4765744C 
 828      756E436F 
 829              	.LASF25:
 830 0243 72657175 		.ascii	"requestHandled\000"
 830      65737448 
 830      616E646C 
 830      656400
 831              	.LASF4:
 832 0252 6C6F6E67 		.ascii	"long int\000"
 832      20696E74 
 832      00
 833              	.LASF0:
 834 025b 7369676E 		.ascii	"signed char\000"
 834      65642063 
 834      68617200 
 835              	.LASF31:
 836 0267 5C5C766D 		.ascii	"\\\\vmware-host\\Shared Folders\\Documents\\PSoC Cr"
 836      77617265 
ARM GAS  C:\Users\arh\AppData\Local\Temp\ccBo8wYz.s 			page 20


 836      2D686F73 
 836      745C5368 
 836      61726564 
 837 0295 6561746F 		.ascii	"eator\\TestThingSoc\\USBFS_UART01.cydsn\000"
 837      725C5465 
 837      73745468 
 837      696E6753 
 837      6F635C55 
 838              	.LASF17:
 839 02bb 6C656E67 		.ascii	"length\000"
 839      746800
 840              		.ident	"GCC: (GNU Tools for ARM Embedded Processors) 4.9.3 20150303 (release) [ARM/embedded-4_9-br
