ARM GAS  C:\Users\arh\AppData\Local\Temp\cc1kDSEe.s 			page 1


   1              		.cpu cortex-m0
   2              		.fpu softvfp
   3              		.eabi_attribute 20, 1
   4              		.eabi_attribute 21, 1
   5              		.eabi_attribute 23, 3
   6              		.eabi_attribute 24, 1
   7              		.eabi_attribute 25, 1
   8              		.eabi_attribute 26, 1
   9              		.eabi_attribute 30, 6
  10              		.eabi_attribute 34, 0
  11              		.eabi_attribute 18, 4
  12              		.code	16
  13              		.file	"USBUART_descr.c"
  14              		.text
  15              	.Ltext0:
  16              		.cfi_sections	.debug_frame
  17              		.global	USBUART_DEVICE0_DESCR
  18              		.section	.rodata
  19              		.align	2
  20              		.type	USBUART_DEVICE0_DESCR, %object
  21              		.size	USBUART_DEVICE0_DESCR, 18
  22              	USBUART_DEVICE0_DESCR:
  23 0000 12       		.byte	18
  24 0001 01       		.byte	1
  25 0002 00       		.byte	0
  26 0003 02       		.byte	2
  27 0004 02       		.byte	2
  28 0005 00       		.byte	0
  29 0006 00       		.byte	0
  30 0007 08       		.byte	8
  31 0008 B4       		.byte	-76
  32 0009 04       		.byte	4
  33 000a 32       		.byte	50
  34 000b F2       		.byte	-14
  35 000c 01       		.byte	1
  36 000d 00       		.byte	0
  37 000e 01       		.byte	1
  38 000f 04       		.byte	4
  39 0010 80       		.byte	-128
  40 0011 01       		.byte	1
  41              		.global	USBUART_DEVICE0_CONFIGURATION0_DESCR
  42 0012 0000     		.align	2
  43              		.type	USBUART_DEVICE0_CONFIGURATION0_DESCR, %object
  44              		.size	USBUART_DEVICE0_CONFIGURATION0_DESCR, 67
  45              	USBUART_DEVICE0_CONFIGURATION0_DESCR:
  46 0014 09       		.byte	9
  47 0015 02       		.byte	2
  48 0016 43       		.byte	67
  49 0017 00       		.byte	0
  50 0018 02       		.byte	2
  51 0019 01       		.byte	1
  52 001a 01       		.byte	1
  53 001b 80       		.byte	-128
  54 001c 32       		.byte	50
  55 001d 09       		.byte	9
  56 001e 04       		.byte	4
  57 001f 00       		.byte	0
ARM GAS  C:\Users\arh\AppData\Local\Temp\cc1kDSEe.s 			page 2


  58 0020 00       		.byte	0
  59 0021 01       		.byte	1
  60 0022 02       		.byte	2
  61 0023 02       		.byte	2
  62 0024 00       		.byte	0
  63 0025 02       		.byte	2
  64 0026 05       		.byte	5
  65 0027 24       		.byte	36
  66 0028 00       		.byte	0
  67 0029 10       		.byte	16
  68 002a 01       		.byte	1
  69 002b 04       		.byte	4
  70 002c 24       		.byte	36
  71 002d 02       		.byte	2
  72 002e 02       		.byte	2
  73 002f 05       		.byte	5
  74 0030 24       		.byte	36
  75 0031 06       		.byte	6
  76 0032 00       		.byte	0
  77 0033 01       		.byte	1
  78 0034 05       		.byte	5
  79 0035 24       		.byte	36
  80 0036 01       		.byte	1
  81 0037 00       		.byte	0
  82 0038 01       		.byte	1
  83 0039 07       		.byte	7
  84 003a 05       		.byte	5
  85 003b 81       		.byte	-127
  86 003c 03       		.byte	3
  87 003d 08       		.byte	8
  88 003e 00       		.byte	0
  89 003f 0A       		.byte	10
  90 0040 09       		.byte	9
  91 0041 04       		.byte	4
  92 0042 01       		.byte	1
  93 0043 00       		.byte	0
  94 0044 02       		.byte	2
  95 0045 0A       		.byte	10
  96 0046 00       		.byte	0
  97 0047 00       		.byte	0
  98 0048 03       		.byte	3
  99 0049 07       		.byte	7
 100 004a 05       		.byte	5
 101 004b 82       		.byte	-126
 102 004c 02       		.byte	2
 103 004d 40       		.byte	64
 104 004e 00       		.byte	0
 105 004f 00       		.byte	0
 106 0050 07       		.byte	7
 107 0051 05       		.byte	5
 108 0052 03       		.byte	3
 109 0053 02       		.byte	2
 110 0054 40       		.byte	64
 111 0055 00       		.byte	0
 112 0056 00       		.byte	0
 113              		.global	USBUART_STRING_DESCRIPTORS
 114 0057 00       		.align	2
ARM GAS  C:\Users\arh\AppData\Local\Temp\cc1kDSEe.s 			page 3


 115              		.type	USBUART_STRING_DESCRIPTORS, %object
 116              		.size	USBUART_STRING_DESCRIPTORS, 159
 117              	USBUART_STRING_DESCRIPTORS:
 118 0058 04       		.byte	4
 119 0059 03       		.byte	3
 120 005a 09       		.byte	9
 121 005b 04       		.byte	4
 122 005c 2C       		.byte	44
 123 005d 03       		.byte	3
 124 005e 43       		.byte	67
 125 005f 00       		.byte	0
 126 0060 79       		.byte	121
 127 0061 00       		.byte	0
 128 0062 70       		.byte	112
 129 0063 00       		.byte	0
 130 0064 72       		.byte	114
 131 0065 00       		.byte	0
 132 0066 65       		.byte	101
 133 0067 00       		.byte	0
 134 0068 73       		.byte	115
 135 0069 00       		.byte	0
 136 006a 73       		.byte	115
 137 006b 00       		.byte	0
 138 006c 20       		.byte	32
 139 006d 00       		.byte	0
 140 006e 53       		.byte	83
 141 006f 00       		.byte	0
 142 0070 65       		.byte	101
 143 0071 00       		.byte	0
 144 0072 6D       		.byte	109
 145 0073 00       		.byte	0
 146 0074 69       		.byte	105
 147 0075 00       		.byte	0
 148 0076 63       		.byte	99
 149 0077 00       		.byte	0
 150 0078 6F       		.byte	111
 151 0079 00       		.byte	0
 152 007a 6E       		.byte	110
 153 007b 00       		.byte	0
 154 007c 64       		.byte	100
 155 007d 00       		.byte	0
 156 007e 75       		.byte	117
 157 007f 00       		.byte	0
 158 0080 63       		.byte	99
 159 0081 00       		.byte	0
 160 0082 74       		.byte	116
 161 0083 00       		.byte	0
 162 0084 6F       		.byte	111
 163 0085 00       		.byte	0
 164 0086 72       		.byte	114
 165 0087 00       		.byte	0
 166 0088 38       		.byte	56
 167 0089 03       		.byte	3
 168 008a 43       		.byte	67
 169 008b 00       		.byte	0
 170 008c 44       		.byte	68
 171 008d 00       		.byte	0
ARM GAS  C:\Users\arh\AppData\Local\Temp\cc1kDSEe.s 			page 4


 172 008e 43       		.byte	67
 173 008f 00       		.byte	0
 174 0090 20       		.byte	32
 175 0091 00       		.byte	0
 176 0092 43       		.byte	67
 177 0093 00       		.byte	0
 178 0094 6F       		.byte	111
 179 0095 00       		.byte	0
 180 0096 6D       		.byte	109
 181 0097 00       		.byte	0
 182 0098 6D       		.byte	109
 183 0099 00       		.byte	0
 184 009a 75       		.byte	117
 185 009b 00       		.byte	0
 186 009c 6E       		.byte	110
 187 009d 00       		.byte	0
 188 009e 69       		.byte	105
 189 009f 00       		.byte	0
 190 00a0 63       		.byte	99
 191 00a1 00       		.byte	0
 192 00a2 61       		.byte	97
 193 00a3 00       		.byte	0
 194 00a4 74       		.byte	116
 195 00a5 00       		.byte	0
 196 00a6 69       		.byte	105
 197 00a7 00       		.byte	0
 198 00a8 6F       		.byte	111
 199 00a9 00       		.byte	0
 200 00aa 6E       		.byte	110
 201 00ab 00       		.byte	0
 202 00ac 20       		.byte	32
 203 00ad 00       		.byte	0
 204 00ae 49       		.byte	73
 205 00af 00       		.byte	0
 206 00b0 6E       		.byte	110
 207 00b1 00       		.byte	0
 208 00b2 74       		.byte	116
 209 00b3 00       		.byte	0
 210 00b4 65       		.byte	101
 211 00b5 00       		.byte	0
 212 00b6 72       		.byte	114
 213 00b7 00       		.byte	0
 214 00b8 66       		.byte	102
 215 00b9 00       		.byte	0
 216 00ba 61       		.byte	97
 217 00bb 00       		.byte	0
 218 00bc 63       		.byte	99
 219 00bd 00       		.byte	0
 220 00be 65       		.byte	101
 221 00bf 00       		.byte	0
 222 00c0 26       		.byte	38
 223 00c1 03       		.byte	3
 224 00c2 43       		.byte	67
 225 00c3 00       		.byte	0
 226 00c4 44       		.byte	68
 227 00c5 00       		.byte	0
 228 00c6 43       		.byte	67
ARM GAS  C:\Users\arh\AppData\Local\Temp\cc1kDSEe.s 			page 5


 229 00c7 00       		.byte	0
 230 00c8 20       		.byte	32
 231 00c9 00       		.byte	0
 232 00ca 44       		.byte	68
 233 00cb 00       		.byte	0
 234 00cc 61       		.byte	97
 235 00cd 00       		.byte	0
 236 00ce 74       		.byte	116
 237 00cf 00       		.byte	0
 238 00d0 61       		.byte	97
 239 00d1 00       		.byte	0
 240 00d2 20       		.byte	32
 241 00d3 00       		.byte	0
 242 00d4 49       		.byte	73
 243 00d5 00       		.byte	0
 244 00d6 6E       		.byte	110
 245 00d7 00       		.byte	0
 246 00d8 74       		.byte	116
 247 00d9 00       		.byte	0
 248 00da 65       		.byte	101
 249 00db 00       		.byte	0
 250 00dc 72       		.byte	114
 251 00dd 00       		.byte	0
 252 00de 66       		.byte	102
 253 00df 00       		.byte	0
 254 00e0 61       		.byte	97
 255 00e1 00       		.byte	0
 256 00e2 63       		.byte	99
 257 00e3 00       		.byte	0
 258 00e4 65       		.byte	101
 259 00e5 00       		.byte	0
 260 00e6 10       		.byte	16
 261 00e7 03       		.byte	3
 262 00e8 55       		.byte	85
 263 00e9 00       		.byte	0
 264 00ea 53       		.byte	83
 265 00eb 00       		.byte	0
 266 00ec 42       		.byte	66
 267 00ed 00       		.byte	0
 268 00ee 55       		.byte	85
 269 00ef 00       		.byte	0
 270 00f0 41       		.byte	65
 271 00f1 00       		.byte	0
 272 00f2 52       		.byte	82
 273 00f3 00       		.byte	0
 274 00f4 54       		.byte	84
 275 00f5 00       		.byte	0
 276 00f6 00       		.byte	0
 277              		.global	USBUART_SN_STRING_DESCRIPTOR
 278 00f7 00       		.align	2
 279              		.type	USBUART_SN_STRING_DESCRIPTOR, %object
 280              		.size	USBUART_SN_STRING_DESCRIPTOR, 2
 281              	USBUART_SN_STRING_DESCRIPTOR:
 282 00f8 02       		.byte	2
 283 00f9 03       		.byte	3
 284              		.global	USBUART_HIDREPORT_DESCRIPTOR1
 285 00fa 0000     		.align	2
ARM GAS  C:\Users\arh\AppData\Local\Temp\cc1kDSEe.s 			page 6


 286              		.type	USBUART_HIDREPORT_DESCRIPTOR1, %object
 287              		.size	USBUART_HIDREPORT_DESCRIPTOR1, 54
 288              	USBUART_HIDREPORT_DESCRIPTOR1:
 289 00fc 32       		.byte	50
 290 00fd 00       		.byte	0
 291 00fe 05       		.byte	5
 292 00ff 01       		.byte	1
 293 0100 09       		.byte	9
 294 0101 02       		.byte	2
 295 0102 A1       		.byte	-95
 296 0103 01       		.byte	1
 297 0104 09       		.byte	9
 298 0105 01       		.byte	1
 299 0106 A1       		.byte	-95
 300 0107 00       		.byte	0
 301 0108 05       		.byte	5
 302 0109 09       		.byte	9
 303 010a 19       		.byte	25
 304 010b 01       		.byte	1
 305 010c 29       		.byte	41
 306 010d 03       		.byte	3
 307 010e 15       		.byte	21
 308 010f 00       		.byte	0
 309 0110 25       		.byte	37
 310 0111 01       		.byte	1
 311 0112 95       		.byte	-107
 312 0113 03       		.byte	3
 313 0114 75       		.byte	117
 314 0115 01       		.byte	1
 315 0116 81       		.byte	-127
 316 0117 02       		.byte	2
 317 0118 95       		.byte	-107
 318 0119 01       		.byte	1
 319 011a 75       		.byte	117
 320 011b 05       		.byte	5
 321 011c 81       		.byte	-127
 322 011d 01       		.byte	1
 323 011e 05       		.byte	5
 324 011f 01       		.byte	1
 325 0120 09       		.byte	9
 326 0121 30       		.byte	48
 327 0122 09       		.byte	9
 328 0123 31       		.byte	49
 329 0124 15       		.byte	21
 330 0125 81       		.byte	-127
 331 0126 25       		.byte	37
 332 0127 7F       		.byte	127
 333 0128 75       		.byte	117
 334 0129 08       		.byte	8
 335 012a 95       		.byte	-107
 336 012b 02       		.byte	2
 337 012c 81       		.byte	-127
 338 012d 06       		.byte	6
 339 012e C0       		.byte	-64
 340 012f C0       		.byte	-64
 341 0130 00       		.byte	0
 342 0131 00       		.byte	0
ARM GAS  C:\Users\arh\AppData\Local\Temp\cc1kDSEe.s 			page 7


 343              		.global	USBUART_DEVICE0_CONFIGURATION0_EP_SETTINGS_TABLE
 344 0132 0000     		.align	2
 345              		.type	USBUART_DEVICE0_CONFIGURATION0_EP_SETTINGS_TABLE, %object
 346              		.size	USBUART_DEVICE0_CONFIGURATION0_EP_SETTINGS_TABLE, 24
 347              	USBUART_DEVICE0_CONFIGURATION0_EP_SETTINGS_TABLE:
 348 0134 00       		.byte	0
 349 0135 00       		.byte	0
 350 0136 81       		.byte	-127
 351 0137 03       		.byte	3
 352 0138 0800     		.short	8
 353 013a 02       		.byte	2
 354 013b 00       		.space	1
 355 013c 01       		.byte	1
 356 013d 00       		.byte	0
 357 013e 82       		.byte	-126
 358 013f 02       		.byte	2
 359 0140 4000     		.short	64
 360 0142 0A       		.byte	10
 361 0143 00       		.space	1
 362 0144 01       		.byte	1
 363 0145 00       		.byte	0
 364 0146 03       		.byte	3
 365 0147 02       		.byte	2
 366 0148 4000     		.short	64
 367 014a 0A       		.byte	10
 368 014b 00       		.space	1
 369              		.global	USBUART_DEVICE0_CONFIGURATION0_INTERFACE_CLASS
 370              		.align	2
 371              		.type	USBUART_DEVICE0_CONFIGURATION0_INTERFACE_CLASS, %object
 372              		.size	USBUART_DEVICE0_CONFIGURATION0_INTERFACE_CLASS, 2
 373              	USBUART_DEVICE0_CONFIGURATION0_INTERFACE_CLASS:
 374 014c 02       		.byte	2
 375 014d 0A       		.byte	10
 376              		.global	USBUART_DEVICE0_CONFIGURATION0_TABLE
 377 014e 0000     		.align	2
 378              		.type	USBUART_DEVICE0_CONFIGURATION0_TABLE, %object
 379              		.size	USBUART_DEVICE0_CONFIGURATION0_TABLE, 40
 380              	USBUART_DEVICE0_CONFIGURATION0_TABLE:
 381 0150 01       		.byte	1
 382 0151 000000   		.space	3
 383 0154 00000000 		.word	USBUART_DEVICE0_CONFIGURATION0_DESCR
 384 0158 03       		.byte	3
 385 0159 000000   		.space	3
 386 015c 00000000 		.word	USBUART_DEVICE0_CONFIGURATION0_EP_SETTINGS_TABLE
 387 0160 00       		.byte	0
 388 0161 000000   		.space	3
 389 0164 00000000 		.word	0
 390 0168 00       		.byte	0
 391 0169 000000   		.space	3
 392 016c 00000000 		.word	0
 393 0170 00       		.byte	0
 394 0171 000000   		.space	3
 395 0174 00000000 		.word	USBUART_DEVICE0_CONFIGURATION0_INTERFACE_CLASS
 396              		.global	USBUART_DEVICE0_TABLE
 397              		.align	2
 398              		.type	USBUART_DEVICE0_TABLE, %object
 399              		.size	USBUART_DEVICE0_TABLE, 24
ARM GAS  C:\Users\arh\AppData\Local\Temp\cc1kDSEe.s 			page 8


 400              	USBUART_DEVICE0_TABLE:
 401 0178 01       		.byte	1
 402 0179 000000   		.space	3
 403 017c 00000000 		.word	USBUART_DEVICE0_DESCR
 404 0180 00       		.byte	0
 405 0181 000000   		.space	3
 406 0184 00000000 		.word	0
 407 0188 01       		.byte	1
 408 0189 000000   		.space	3
 409 018c 00000000 		.word	USBUART_DEVICE0_CONFIGURATION0_TABLE
 410              		.global	USBUART_TABLE
 411              		.align	2
 412              		.type	USBUART_TABLE, %object
 413              		.size	USBUART_TABLE, 8
 414              	USBUART_TABLE:
 415 0190 01       		.byte	1
 416 0191 000000   		.space	3
 417 0194 00000000 		.word	USBUART_DEVICE0_TABLE
 418              		.global	USBUART_MSOS_DESCRIPTOR
 419              		.align	2
 420              		.type	USBUART_MSOS_DESCRIPTOR, %object
 421              		.size	USBUART_MSOS_DESCRIPTOR, 18
 422              	USBUART_MSOS_DESCRIPTOR:
 423 0198 12       		.byte	18
 424 0199 03       		.byte	3
 425 019a 4D       		.byte	77
 426 019b 00       		.byte	0
 427 019c 53       		.byte	83
 428 019d 00       		.byte	0
 429 019e 46       		.byte	70
 430 019f 00       		.byte	0
 431 01a0 54       		.byte	84
 432 01a1 00       		.byte	0
 433 01a2 31       		.byte	49
 434 01a3 00       		.byte	0
 435 01a4 30       		.byte	48
 436 01a5 00       		.byte	0
 437 01a6 30       		.byte	48
 438 01a7 00       		.byte	0
 439 01a8 01       		.byte	1
 440 01a9 00       		.byte	0
 441              		.global	USBUART_MSOS_CONFIGURATION_DESCR
 442 01aa 0000     		.align	2
 443              		.type	USBUART_MSOS_CONFIGURATION_DESCR, %object
 444              		.size	USBUART_MSOS_CONFIGURATION_DESCR, 40
 445              	USBUART_MSOS_CONFIGURATION_DESCR:
 446 01ac 28       		.byte	40
 447 01ad 00       		.byte	0
 448 01ae 00       		.byte	0
 449 01af 00       		.byte	0
 450 01b0 00       		.byte	0
 451 01b1 01       		.byte	1
 452 01b2 04       		.byte	4
 453 01b3 00       		.byte	0
 454 01b4 01       		.byte	1
 455 01b5 00       		.byte	0
 456 01b6 00       		.byte	0
ARM GAS  C:\Users\arh\AppData\Local\Temp\cc1kDSEe.s 			page 9


 457 01b7 00       		.byte	0
 458 01b8 00       		.byte	0
 459 01b9 00       		.byte	0
 460 01ba 00       		.byte	0
 461 01bb 00       		.byte	0
 462 01bc 00       		.byte	0
 463 01bd 01       		.byte	1
 464 01be 43       		.byte	67
 465 01bf 59       		.byte	89
 466 01c0 55       		.byte	85
 467 01c1 53       		.byte	83
 468 01c2 42       		.byte	66
 469 01c3 00       		.byte	0
 470 01c4 00       		.byte	0
 471 01c5 00       		.byte	0
 472 01c6 30       		.byte	48
 473 01c7 30       		.byte	48
 474 01c8 30       		.byte	48
 475 01c9 30       		.byte	48
 476 01ca 31       		.byte	49
 477 01cb 00       		.byte	0
 478 01cc 00       		.byte	0
 479 01cd 00       		.byte	0
 480 01ce 00       		.byte	0
 481 01cf 00       		.byte	0
 482 01d0 00       		.byte	0
 483 01d1 00       		.byte	0
 484 01d2 00       		.byte	0
 485 01d3 00       		.byte	0
 486              		.comm	USBUART_idSerialNumberStringDescriptor,34,4
 487              		.text
 488              	.Letext0:
 489              		.file 1 "Generated_Source\\PSoC4\\cytypes.h"
 490              		.file 2 "Generated_Source\\PSoC4\\USBUART.h"
 491              		.file 3 "Generated_Source\\PSoC4\\USBUART_descr.c"
 492              		.section	.debug_info,"",%progbits
 493              	.Ldebug_info0:
 494 0000 F1020000 		.4byte	0x2f1
 495 0004 0400     		.2byte	0x4
 496 0006 00000000 		.4byte	.Ldebug_abbrev0
 497 000a 04       		.byte	0x4
 498 000b 01       		.uleb128 0x1
 499 000c 8E010000 		.4byte	.LASF37
 500 0010 01       		.byte	0x1
 501 0011 23020000 		.4byte	.LASF38
 502 0015 00030000 		.4byte	.LASF39
 503 0019 00000000 		.4byte	.Ldebug_line0
 504 001d 02       		.uleb128 0x2
 505 001e 01       		.byte	0x1
 506 001f 06       		.byte	0x6
 507 0020 54030000 		.4byte	.LASF0
 508 0024 02       		.uleb128 0x2
 509 0025 01       		.byte	0x1
 510 0026 08       		.byte	0x8
 511 0027 F5000000 		.4byte	.LASF1
 512 002b 02       		.uleb128 0x2
 513 002c 02       		.byte	0x2
ARM GAS  C:\Users\arh\AppData\Local\Temp\cc1kDSEe.s 			page 10


 514 002d 05       		.byte	0x5
 515 002e DD020000 		.4byte	.LASF2
 516 0032 02       		.uleb128 0x2
 517 0033 02       		.byte	0x2
 518 0034 07       		.byte	0x7
 519 0035 60030000 		.4byte	.LASF3
 520 0039 02       		.uleb128 0x2
 521 003a 04       		.byte	0x4
 522 003b 05       		.byte	0x5
 523 003c F7020000 		.4byte	.LASF4
 524 0040 02       		.uleb128 0x2
 525 0041 04       		.byte	0x4
 526 0042 07       		.byte	0x7
 527 0043 2A010000 		.4byte	.LASF5
 528 0047 02       		.uleb128 0x2
 529 0048 08       		.byte	0x8
 530 0049 05       		.byte	0x5
 531 004a B1020000 		.4byte	.LASF6
 532 004e 02       		.uleb128 0x2
 533 004f 08       		.byte	0x8
 534 0050 07       		.byte	0x7
 535 0051 65020000 		.4byte	.LASF7
 536 0055 03       		.uleb128 0x3
 537 0056 04       		.byte	0x4
 538 0057 05       		.byte	0x5
 539 0058 696E7400 		.ascii	"int\000"
 540 005c 02       		.uleb128 0x2
 541 005d 04       		.byte	0x4
 542 005e 07       		.byte	0x7
 543 005f 4A020000 		.4byte	.LASF8
 544 0063 04       		.uleb128 0x4
 545 0064 E7020000 		.4byte	.LASF9
 546 0068 01       		.byte	0x1
 547 0069 B901     		.2byte	0x1b9
 548 006b 24000000 		.4byte	0x24
 549 006f 04       		.uleb128 0x4
 550 0070 1C020000 		.4byte	.LASF10
 551 0074 01       		.byte	0x1
 552 0075 BA01     		.2byte	0x1ba
 553 0077 32000000 		.4byte	0x32
 554 007b 02       		.uleb128 0x2
 555 007c 04       		.byte	0x4
 556 007d 04       		.byte	0x4
 557 007e C7000000 		.4byte	.LASF11
 558 0082 02       		.uleb128 0x2
 559 0083 08       		.byte	0x8
 560 0084 04       		.byte	0x4
 561 0085 87010000 		.4byte	.LASF12
 562 0089 02       		.uleb128 0x2
 563 008a 01       		.byte	0x1
 564 008b 08       		.byte	0x8
 565 008c BF020000 		.4byte	.LASF13
 566 0090 02       		.uleb128 0x2
 567 0091 04       		.byte	0x4
 568 0092 07       		.byte	0x7
 569 0093 A8020000 		.4byte	.LASF14
 570 0097 05       		.uleb128 0x5
ARM GAS  C:\Users\arh\AppData\Local\Temp\cc1kDSEe.s 			page 11


 571 0098 08       		.byte	0x8
 572 0099 02       		.byte	0x2
 573 009a 9F       		.byte	0x9f
 574 009b E8000000 		.4byte	0xe8
 575 009f 06       		.uleb128 0x6
 576 00a0 ED020000 		.4byte	.LASF15
 577 00a4 02       		.byte	0x2
 578 00a5 A1       		.byte	0xa1
 579 00a6 63000000 		.4byte	0x63
 580 00aa 00       		.byte	0
 581 00ab 06       		.uleb128 0x6
 582 00ac EA000000 		.4byte	.LASF16
 583 00b0 02       		.byte	0x2
 584 00b1 A2       		.byte	0xa2
 585 00b2 63000000 		.4byte	0x63
 586 00b6 01       		.byte	0x1
 587 00b7 06       		.uleb128 0x6
 588 00b8 3C010000 		.4byte	.LASF17
 589 00bc 02       		.byte	0x2
 590 00bd A3       		.byte	0xa3
 591 00be 63000000 		.4byte	0x63
 592 00c2 02       		.byte	0x2
 593 00c3 06       		.uleb128 0x6
 594 00c4 03010000 		.4byte	.LASF18
 595 00c8 02       		.byte	0x2
 596 00c9 A4       		.byte	0xa4
 597 00ca 63000000 		.4byte	0x63
 598 00ce 03       		.byte	0x3
 599 00cf 06       		.uleb128 0x6
 600 00d0 C4020000 		.4byte	.LASF19
 601 00d4 02       		.byte	0x2
 602 00d5 A5       		.byte	0xa5
 603 00d6 6F000000 		.4byte	0x6f
 604 00da 04       		.byte	0x4
 605 00db 06       		.uleb128 0x6
 606 00dc 89030000 		.4byte	.LASF20
 607 00e0 02       		.byte	0x2
 608 00e1 A6       		.byte	0xa6
 609 00e2 63000000 		.4byte	0x63
 610 00e6 06       		.byte	0x6
 611 00e7 00       		.byte	0
 612 00e8 07       		.uleb128 0x7
 613 00e9 0E010000 		.4byte	.LASF21
 614 00ed 02       		.byte	0x2
 615 00ee A7       		.byte	0xa7
 616 00ef 97000000 		.4byte	0x97
 617 00f3 05       		.uleb128 0x5
 618 00f4 08       		.byte	0x8
 619 00f5 02       		.byte	0x2
 620 00f6 B6       		.byte	0xb6
 621 00f7 12010000 		.4byte	0x112
 622 00fb 08       		.uleb128 0x8
 623 00fc 6300     		.ascii	"c\000"
 624 00fe 02       		.byte	0x2
 625 00ff B8       		.byte	0xb8
 626 0100 63000000 		.4byte	0x63
 627 0104 00       		.byte	0
ARM GAS  C:\Users\arh\AppData\Local\Temp\cc1kDSEe.s 			page 12


 628 0105 06       		.uleb128 0x6
 629 0106 A1020000 		.4byte	.LASF22
 630 010a 02       		.byte	0x2
 631 010b B9       		.byte	0xb9
 632 010c 12010000 		.4byte	0x112
 633 0110 04       		.byte	0x4
 634 0111 00       		.byte	0
 635 0112 09       		.uleb128 0x9
 636 0113 04       		.byte	0x4
 637 0114 18010000 		.4byte	0x118
 638 0118 0A       		.uleb128 0xa
 639 0119 07       		.uleb128 0x7
 640 011a 57020000 		.4byte	.LASF23
 641 011e 02       		.byte	0x2
 642 011f BA       		.byte	0xba
 643 0120 F3000000 		.4byte	0xf3
 644 0124 0B       		.uleb128 0xb
 645 0125 63000000 		.4byte	0x63
 646 0129 34010000 		.4byte	0x134
 647 012d 0C       		.uleb128 0xc
 648 012e 90000000 		.4byte	0x90
 649 0132 11       		.byte	0x11
 650 0133 00       		.byte	0
 651 0134 0D       		.uleb128 0xd
 652 0135 93000000 		.4byte	.LASF24
 653 0139 03       		.byte	0x3
 654 013a 24       		.byte	0x24
 655 013b 45010000 		.4byte	0x145
 656 013f 05       		.uleb128 0x5
 657 0140 03       		.byte	0x3
 658 0141 00000000 		.4byte	USBUART_DEVICE0_DESCR
 659 0145 0E       		.uleb128 0xe
 660 0146 24010000 		.4byte	0x124
 661 014a 0B       		.uleb128 0xb
 662 014b 63000000 		.4byte	0x63
 663 014f 5A010000 		.4byte	0x15a
 664 0153 0C       		.uleb128 0xc
 665 0154 90000000 		.4byte	0x90
 666 0158 42       		.byte	0x42
 667 0159 00       		.byte	0
 668 015a 0D       		.uleb128 0xd
 669 015b 7C020000 		.4byte	.LASF25
 670 015f 03       		.byte	0x3
 671 0160 37       		.byte	0x37
 672 0161 6B010000 		.4byte	0x16b
 673 0165 05       		.uleb128 0x5
 674 0166 03       		.byte	0x3
 675 0167 00000000 		.4byte	USBUART_DEVICE0_CONFIGURATION0_DESCR
 676 016b 0E       		.uleb128 0xe
 677 016c 4A010000 		.4byte	0x14a
 678 0170 0B       		.uleb128 0xb
 679 0171 E8000000 		.4byte	0xe8
 680 0175 80010000 		.4byte	0x180
 681 0179 0C       		.uleb128 0xc
 682 017a 90000000 		.4byte	0x90
 683 017e 02       		.byte	0x2
 684 017f 00       		.byte	0
ARM GAS  C:\Users\arh\AppData\Local\Temp\cc1kDSEe.s 			page 13


 685 0180 0D       		.uleb128 0xd
 686 0181 4A000000 		.4byte	.LASF26
 687 0185 03       		.byte	0x3
 688 0186 FB       		.byte	0xfb
 689 0187 91010000 		.4byte	0x191
 690 018b 05       		.uleb128 0x5
 691 018c 03       		.byte	0x3
 692 018d 00000000 		.4byte	USBUART_DEVICE0_CONFIGURATION0_EP_SETTINGS_TABLE
 693 0191 0E       		.uleb128 0xe
 694 0192 70010000 		.4byte	0x170
 695 0196 0B       		.uleb128 0xb
 696 0197 63000000 		.4byte	0x63
 697 019b A6010000 		.4byte	0x1a6
 698 019f 0C       		.uleb128 0xc
 699 01a0 90000000 		.4byte	0x90
 700 01a4 01       		.byte	0x1
 701 01a5 00       		.byte	0
 702 01a6 0F       		.uleb128 0xf
 703 01a7 00000000 		.4byte	.LASF27
 704 01ab 03       		.byte	0x3
 705 01ac 0101     		.2byte	0x101
 706 01ae B8010000 		.4byte	0x1b8
 707 01b2 05       		.uleb128 0x5
 708 01b3 03       		.byte	0x3
 709 01b4 00000000 		.4byte	USBUART_DEVICE0_CONFIGURATION0_INTERFACE_CLASS
 710 01b8 0E       		.uleb128 0xe
 711 01b9 96010000 		.4byte	0x196
 712 01bd 0B       		.uleb128 0xb
 713 01be 19010000 		.4byte	0x119
 714 01c2 CD010000 		.4byte	0x1cd
 715 01c6 0C       		.uleb128 0xc
 716 01c7 90000000 		.4byte	0x90
 717 01cb 04       		.byte	0x4
 718 01cc 00       		.byte	0
 719 01cd 0F       		.uleb128 0xf
 720 01ce 41010000 		.4byte	.LASF28
 721 01d2 03       		.byte	0x3
 722 01d3 0901     		.2byte	0x109
 723 01d5 DF010000 		.4byte	0x1df
 724 01d9 05       		.uleb128 0x5
 725 01da 03       		.byte	0x3
 726 01db 00000000 		.4byte	USBUART_DEVICE0_CONFIGURATION0_TABLE
 727 01df 0E       		.uleb128 0xe
 728 01e0 BD010000 		.4byte	0x1bd
 729 01e4 0B       		.uleb128 0xb
 730 01e5 19010000 		.4byte	0x119
 731 01e9 F4010000 		.4byte	0x1f4
 732 01ed 0C       		.uleb128 0xc
 733 01ee 90000000 		.4byte	0x90
 734 01f2 02       		.byte	0x2
 735 01f3 00       		.byte	0
 736 01f4 0F       		.uleb128 0xf
 737 01f5 73030000 		.4byte	.LASF29
 738 01f9 03       		.byte	0x3
 739 01fa 1401     		.2byte	0x114
 740 01fc 06020000 		.4byte	0x206
 741 0200 05       		.uleb128 0x5
ARM GAS  C:\Users\arh\AppData\Local\Temp\cc1kDSEe.s 			page 14


 742 0201 03       		.byte	0x3
 743 0202 00000000 		.4byte	USBUART_DEVICE0_TABLE
 744 0206 0E       		.uleb128 0xe
 745 0207 E4010000 		.4byte	0x1e4
 746 020b 0B       		.uleb128 0xb
 747 020c 19010000 		.4byte	0x119
 748 0210 1B020000 		.4byte	0x21b
 749 0214 0C       		.uleb128 0xc
 750 0215 90000000 		.4byte	0x90
 751 0219 00       		.byte	0
 752 021a 00       		.byte	0
 753 021b 0F       		.uleb128 0xf
 754 021c CF020000 		.4byte	.LASF30
 755 0220 03       		.byte	0x3
 756 0221 1C01     		.2byte	0x11c
 757 0223 2D020000 		.4byte	0x22d
 758 0227 05       		.uleb128 0x5
 759 0228 03       		.byte	0x3
 760 0229 00000000 		.4byte	USBUART_TABLE
 761 022d 0E       		.uleb128 0xe
 762 022e 0B020000 		.4byte	0x20b
 763 0232 0D       		.uleb128 0xd
 764 0233 CD000000 		.4byte	.LASF31
 765 0237 03       		.byte	0x3
 766 0238 C9       		.byte	0xc9
 767 0239 43020000 		.4byte	0x243
 768 023d 05       		.uleb128 0x5
 769 023e 03       		.byte	0x3
 770 023f 00000000 		.4byte	USBUART_SN_STRING_DESCRIPTOR
 771 0243 0E       		.uleb128 0xe
 772 0244 96010000 		.4byte	0x196
 773 0248 0B       		.uleb128 0xb
 774 0249 63000000 		.4byte	0x63
 775 024d 58020000 		.4byte	0x258
 776 0251 0C       		.uleb128 0xc
 777 0252 90000000 		.4byte	0x90
 778 0256 9E       		.byte	0x9e
 779 0257 00       		.byte	0
 780 0258 0D       		.uleb128 0xd
 781 0259 2F000000 		.4byte	.LASF32
 782 025d 03       		.byte	0x3
 783 025e 96       		.byte	0x96
 784 025f 69020000 		.4byte	0x269
 785 0263 05       		.uleb128 0x5
 786 0264 03       		.byte	0x3
 787 0265 00000000 		.4byte	USBUART_STRING_DESCRIPTORS
 788 0269 0E       		.uleb128 0xe
 789 026a 48020000 		.4byte	0x248
 790 026e 0B       		.uleb128 0xb
 791 026f 63000000 		.4byte	0x63
 792 0273 7E020000 		.4byte	0x27e
 793 0277 0C       		.uleb128 0xc
 794 0278 90000000 		.4byte	0x90
 795 027c 35       		.byte	0x35
 796 027d 00       		.byte	0
 797 027e 0D       		.uleb128 0xd
 798 027f A9000000 		.4byte	.LASF33
ARM GAS  C:\Users\arh\AppData\Local\Temp\cc1kDSEe.s 			page 15


 799 0283 03       		.byte	0x3
 800 0284 D2       		.byte	0xd2
 801 0285 8F020000 		.4byte	0x28f
 802 0289 05       		.uleb128 0x5
 803 028a 03       		.byte	0x3
 804 028b 00000000 		.4byte	USBUART_HIDREPORT_DESCRIPTOR1
 805 028f 0E       		.uleb128 0xe
 806 0290 6E020000 		.4byte	0x26e
 807 0294 0F       		.uleb128 0xf
 808 0295 7B000000 		.4byte	.LASF34
 809 0299 03       		.byte	0x3
 810 029a 2C01     		.2byte	0x12c
 811 029c A6020000 		.4byte	0x2a6
 812 02a0 05       		.uleb128 0x5
 813 02a1 03       		.byte	0x3
 814 02a2 00000000 		.4byte	USBUART_MSOS_DESCRIPTOR
 815 02a6 0E       		.uleb128 0xe
 816 02a7 24010000 		.4byte	0x124
 817 02ab 0B       		.uleb128 0xb
 818 02ac 63000000 		.4byte	0x63
 819 02b0 BB020000 		.4byte	0x2bb
 820 02b4 0C       		.uleb128 0xc
 821 02b5 90000000 		.4byte	0x90
 822 02b9 27       		.byte	0x27
 823 02ba 00       		.byte	0
 824 02bb 0F       		.uleb128 0xf
 825 02bc 66010000 		.4byte	.LASF35
 826 02c0 03       		.byte	0x3
 827 02c1 3701     		.2byte	0x137
 828 02c3 CD020000 		.4byte	0x2cd
 829 02c7 05       		.uleb128 0x5
 830 02c8 03       		.byte	0x3
 831 02c9 00000000 		.4byte	USBUART_MSOS_CONFIGURATION_DESCR
 832 02cd 0E       		.uleb128 0xe
 833 02ce AB020000 		.4byte	0x2ab
 834 02d2 0B       		.uleb128 0xb
 835 02d3 63000000 		.4byte	0x63
 836 02d7 E2020000 		.4byte	0x2e2
 837 02db 0C       		.uleb128 0xc
 838 02dc 90000000 		.4byte	0x90
 839 02e0 21       		.byte	0x21
 840 02e1 00       		.byte	0
 841 02e2 0F       		.uleb128 0xf
 842 02e3 8F030000 		.4byte	.LASF36
 843 02e7 03       		.byte	0x3
 844 02e8 4A01     		.2byte	0x14a
 845 02ea D2020000 		.4byte	0x2d2
 846 02ee 05       		.uleb128 0x5
 847 02ef 03       		.byte	0x3
 848 02f0 00000000 		.4byte	USBUART_idSerialNumberStringDescriptor
 849 02f4 00       		.byte	0
 850              		.section	.debug_abbrev,"",%progbits
 851              	.Ldebug_abbrev0:
 852 0000 01       		.uleb128 0x1
 853 0001 11       		.uleb128 0x11
 854 0002 01       		.byte	0x1
 855 0003 25       		.uleb128 0x25
ARM GAS  C:\Users\arh\AppData\Local\Temp\cc1kDSEe.s 			page 16


 856 0004 0E       		.uleb128 0xe
 857 0005 13       		.uleb128 0x13
 858 0006 0B       		.uleb128 0xb
 859 0007 03       		.uleb128 0x3
 860 0008 0E       		.uleb128 0xe
 861 0009 1B       		.uleb128 0x1b
 862 000a 0E       		.uleb128 0xe
 863 000b 10       		.uleb128 0x10
 864 000c 17       		.uleb128 0x17
 865 000d 00       		.byte	0
 866 000e 00       		.byte	0
 867 000f 02       		.uleb128 0x2
 868 0010 24       		.uleb128 0x24
 869 0011 00       		.byte	0
 870 0012 0B       		.uleb128 0xb
 871 0013 0B       		.uleb128 0xb
 872 0014 3E       		.uleb128 0x3e
 873 0015 0B       		.uleb128 0xb
 874 0016 03       		.uleb128 0x3
 875 0017 0E       		.uleb128 0xe
 876 0018 00       		.byte	0
 877 0019 00       		.byte	0
 878 001a 03       		.uleb128 0x3
 879 001b 24       		.uleb128 0x24
 880 001c 00       		.byte	0
 881 001d 0B       		.uleb128 0xb
 882 001e 0B       		.uleb128 0xb
 883 001f 3E       		.uleb128 0x3e
 884 0020 0B       		.uleb128 0xb
 885 0021 03       		.uleb128 0x3
 886 0022 08       		.uleb128 0x8
 887 0023 00       		.byte	0
 888 0024 00       		.byte	0
 889 0025 04       		.uleb128 0x4
 890 0026 16       		.uleb128 0x16
 891 0027 00       		.byte	0
 892 0028 03       		.uleb128 0x3
 893 0029 0E       		.uleb128 0xe
 894 002a 3A       		.uleb128 0x3a
 895 002b 0B       		.uleb128 0xb
 896 002c 3B       		.uleb128 0x3b
 897 002d 05       		.uleb128 0x5
 898 002e 49       		.uleb128 0x49
 899 002f 13       		.uleb128 0x13
 900 0030 00       		.byte	0
 901 0031 00       		.byte	0
 902 0032 05       		.uleb128 0x5
 903 0033 13       		.uleb128 0x13
 904 0034 01       		.byte	0x1
 905 0035 0B       		.uleb128 0xb
 906 0036 0B       		.uleb128 0xb
 907 0037 3A       		.uleb128 0x3a
 908 0038 0B       		.uleb128 0xb
 909 0039 3B       		.uleb128 0x3b
 910 003a 0B       		.uleb128 0xb
 911 003b 01       		.uleb128 0x1
 912 003c 13       		.uleb128 0x13
ARM GAS  C:\Users\arh\AppData\Local\Temp\cc1kDSEe.s 			page 17


 913 003d 00       		.byte	0
 914 003e 00       		.byte	0
 915 003f 06       		.uleb128 0x6
 916 0040 0D       		.uleb128 0xd
 917 0041 00       		.byte	0
 918 0042 03       		.uleb128 0x3
 919 0043 0E       		.uleb128 0xe
 920 0044 3A       		.uleb128 0x3a
 921 0045 0B       		.uleb128 0xb
 922 0046 3B       		.uleb128 0x3b
 923 0047 0B       		.uleb128 0xb
 924 0048 49       		.uleb128 0x49
 925 0049 13       		.uleb128 0x13
 926 004a 38       		.uleb128 0x38
 927 004b 0B       		.uleb128 0xb
 928 004c 00       		.byte	0
 929 004d 00       		.byte	0
 930 004e 07       		.uleb128 0x7
 931 004f 16       		.uleb128 0x16
 932 0050 00       		.byte	0
 933 0051 03       		.uleb128 0x3
 934 0052 0E       		.uleb128 0xe
 935 0053 3A       		.uleb128 0x3a
 936 0054 0B       		.uleb128 0xb
 937 0055 3B       		.uleb128 0x3b
 938 0056 0B       		.uleb128 0xb
 939 0057 49       		.uleb128 0x49
 940 0058 13       		.uleb128 0x13
 941 0059 00       		.byte	0
 942 005a 00       		.byte	0
 943 005b 08       		.uleb128 0x8
 944 005c 0D       		.uleb128 0xd
 945 005d 00       		.byte	0
 946 005e 03       		.uleb128 0x3
 947 005f 08       		.uleb128 0x8
 948 0060 3A       		.uleb128 0x3a
 949 0061 0B       		.uleb128 0xb
 950 0062 3B       		.uleb128 0x3b
 951 0063 0B       		.uleb128 0xb
 952 0064 49       		.uleb128 0x49
 953 0065 13       		.uleb128 0x13
 954 0066 38       		.uleb128 0x38
 955 0067 0B       		.uleb128 0xb
 956 0068 00       		.byte	0
 957 0069 00       		.byte	0
 958 006a 09       		.uleb128 0x9
 959 006b 0F       		.uleb128 0xf
 960 006c 00       		.byte	0
 961 006d 0B       		.uleb128 0xb
 962 006e 0B       		.uleb128 0xb
 963 006f 49       		.uleb128 0x49
 964 0070 13       		.uleb128 0x13
 965 0071 00       		.byte	0
 966 0072 00       		.byte	0
 967 0073 0A       		.uleb128 0xa
 968 0074 26       		.uleb128 0x26
 969 0075 00       		.byte	0
ARM GAS  C:\Users\arh\AppData\Local\Temp\cc1kDSEe.s 			page 18


 970 0076 00       		.byte	0
 971 0077 00       		.byte	0
 972 0078 0B       		.uleb128 0xb
 973 0079 01       		.uleb128 0x1
 974 007a 01       		.byte	0x1
 975 007b 49       		.uleb128 0x49
 976 007c 13       		.uleb128 0x13
 977 007d 01       		.uleb128 0x1
 978 007e 13       		.uleb128 0x13
 979 007f 00       		.byte	0
 980 0080 00       		.byte	0
 981 0081 0C       		.uleb128 0xc
 982 0082 21       		.uleb128 0x21
 983 0083 00       		.byte	0
 984 0084 49       		.uleb128 0x49
 985 0085 13       		.uleb128 0x13
 986 0086 2F       		.uleb128 0x2f
 987 0087 0B       		.uleb128 0xb
 988 0088 00       		.byte	0
 989 0089 00       		.byte	0
 990 008a 0D       		.uleb128 0xd
 991 008b 34       		.uleb128 0x34
 992 008c 00       		.byte	0
 993 008d 03       		.uleb128 0x3
 994 008e 0E       		.uleb128 0xe
 995 008f 3A       		.uleb128 0x3a
 996 0090 0B       		.uleb128 0xb
 997 0091 3B       		.uleb128 0x3b
 998 0092 0B       		.uleb128 0xb
 999 0093 49       		.uleb128 0x49
 1000 0094 13       		.uleb128 0x13
 1001 0095 3F       		.uleb128 0x3f
 1002 0096 19       		.uleb128 0x19
 1003 0097 02       		.uleb128 0x2
 1004 0098 18       		.uleb128 0x18
 1005 0099 00       		.byte	0
 1006 009a 00       		.byte	0
 1007 009b 0E       		.uleb128 0xe
 1008 009c 26       		.uleb128 0x26
 1009 009d 00       		.byte	0
 1010 009e 49       		.uleb128 0x49
 1011 009f 13       		.uleb128 0x13
 1012 00a0 00       		.byte	0
 1013 00a1 00       		.byte	0
 1014 00a2 0F       		.uleb128 0xf
 1015 00a3 34       		.uleb128 0x34
 1016 00a4 00       		.byte	0
 1017 00a5 03       		.uleb128 0x3
 1018 00a6 0E       		.uleb128 0xe
 1019 00a7 3A       		.uleb128 0x3a
 1020 00a8 0B       		.uleb128 0xb
 1021 00a9 3B       		.uleb128 0x3b
 1022 00aa 05       		.uleb128 0x5
 1023 00ab 49       		.uleb128 0x49
 1024 00ac 13       		.uleb128 0x13
 1025 00ad 3F       		.uleb128 0x3f
 1026 00ae 19       		.uleb128 0x19
ARM GAS  C:\Users\arh\AppData\Local\Temp\cc1kDSEe.s 			page 19


 1027 00af 02       		.uleb128 0x2
 1028 00b0 18       		.uleb128 0x18
 1029 00b1 00       		.byte	0
 1030 00b2 00       		.byte	0
 1031 00b3 00       		.byte	0
 1032              		.section	.debug_aranges,"",%progbits
 1033 0000 14000000 		.4byte	0x14
 1034 0004 0200     		.2byte	0x2
 1035 0006 00000000 		.4byte	.Ldebug_info0
 1036 000a 04       		.byte	0x4
 1037 000b 00       		.byte	0
 1038 000c 0000     		.2byte	0
 1039 000e 0000     		.2byte	0
 1040 0010 00000000 		.4byte	0
 1041 0014 00000000 		.4byte	0
 1042              		.section	.debug_line,"",%progbits
 1043              	.Ldebug_line0:
 1044 0000 5D000000 		.section	.debug_str,"MS",%progbits,1
 1044      02005700 
 1044      00000201 
 1044      FB0E0D00 
 1044      01010101 
 1045              	.LASF27:
 1046 0000 55534255 		.ascii	"USBUART_DEVICE0_CONFIGURATION0_INTERFACE_CLASS\000"
 1046      4152545F 
 1046      44455649 
 1046      4345305F 
 1046      434F4E46 
 1047              	.LASF32:
 1048 002f 55534255 		.ascii	"USBUART_STRING_DESCRIPTORS\000"
 1048      4152545F 
 1048      53545249 
 1048      4E475F44 
 1048      45534352 
 1049              	.LASF26:
 1050 004a 55534255 		.ascii	"USBUART_DEVICE0_CONFIGURATION0_EP_SETTINGS_TABLE\000"
 1050      4152545F 
 1050      44455649 
 1050      4345305F 
 1050      434F4E46 
 1051              	.LASF34:
 1052 007b 55534255 		.ascii	"USBUART_MSOS_DESCRIPTOR\000"
 1052      4152545F 
 1052      4D534F53 
 1052      5F444553 
 1052      43524950 
 1053              	.LASF24:
 1054 0093 55534255 		.ascii	"USBUART_DEVICE0_DESCR\000"
 1054      4152545F 
 1054      44455649 
 1054      4345305F 
 1054      44455343 
 1055              	.LASF33:
 1056 00a9 55534255 		.ascii	"USBUART_HIDREPORT_DESCRIPTOR1\000"
 1056      4152545F 
 1056      48494452 
 1056      45504F52 
ARM GAS  C:\Users\arh\AppData\Local\Temp\cc1kDSEe.s 			page 20


 1056      545F4445 
 1057              	.LASF11:
 1058 00c7 666C6F61 		.ascii	"float\000"
 1058      7400
 1059              	.LASF31:
 1060 00cd 55534255 		.ascii	"USBUART_SN_STRING_DESCRIPTOR\000"
 1060      4152545F 
 1060      534E5F53 
 1060      5452494E 
 1060      475F4445 
 1061              	.LASF16:
 1062 00ea 616C7453 		.ascii	"altSetting\000"
 1062      65747469 
 1062      6E6700
 1063              	.LASF1:
 1064 00f5 756E7369 		.ascii	"unsigned char\000"
 1064      676E6564 
 1064      20636861 
 1064      7200
 1065              	.LASF18:
 1066 0103 61747472 		.ascii	"attributes\000"
 1066      69627574 
 1066      657300
 1067              	.LASF21:
 1068 010e 545F5553 		.ascii	"T_USBUART_EP_SETTINGS_BLOCK\000"
 1068      42554152 
 1068      545F4550 
 1068      5F534554 
 1068      54494E47 
 1069              	.LASF5:
 1070 012a 6C6F6E67 		.ascii	"long unsigned int\000"
 1070      20756E73 
 1070      69676E65 
 1070      6420696E 
 1070      7400
 1071              	.LASF17:
 1072 013c 61646472 		.ascii	"addr\000"
 1072      00
 1073              	.LASF28:
 1074 0141 55534255 		.ascii	"USBUART_DEVICE0_CONFIGURATION0_TABLE\000"
 1074      4152545F 
 1074      44455649 
 1074      4345305F 
 1074      434F4E46 
 1075              	.LASF35:
 1076 0166 55534255 		.ascii	"USBUART_MSOS_CONFIGURATION_DESCR\000"
 1076      4152545F 
 1076      4D534F53 
 1076      5F434F4E 
 1076      46494755 
 1077              	.LASF12:
 1078 0187 646F7562 		.ascii	"double\000"
 1078      6C6500
 1079              	.LASF37:
 1080 018e 474E5520 		.ascii	"GNU C 4.9.3 20150303 (release) [ARM/embedded-4_9-br"
 1080      4320342E 
 1080      392E3320 
ARM GAS  C:\Users\arh\AppData\Local\Temp\cc1kDSEe.s 			page 21


 1080      32303135 
 1080      30333033 
 1081 01c1 616E6368 		.ascii	"anch revision 221220] -mcpu=cortex-m0 -mthumb -g -O"
 1081      20726576 
 1081      6973696F 
 1081      6E203232 
 1081      31323230 
 1082 01f4 30202D66 		.ascii	"0 -ffunction-sections -ffat-lto-objects\000"
 1082      66756E63 
 1082      74696F6E 
 1082      2D736563 
 1082      74696F6E 
 1083              	.LASF10:
 1084 021c 75696E74 		.ascii	"uint16\000"
 1084      313600
 1085              	.LASF38:
 1086 0223 47656E65 		.ascii	"Generated_Source\\PSoC4\\USBUART_descr.c\000"
 1086      72617465 
 1086      645F536F 
 1086      75726365 
 1086      5C50536F 
 1087              	.LASF8:
 1088 024a 756E7369 		.ascii	"unsigned int\000"
 1088      676E6564 
 1088      20696E74 
 1088      00
 1089              	.LASF23:
 1090 0257 545F5553 		.ascii	"T_USBUART_LUT\000"
 1090      42554152 
 1090      545F4C55 
 1090      5400
 1091              	.LASF7:
 1092 0265 6C6F6E67 		.ascii	"long long unsigned int\000"
 1092      206C6F6E 
 1092      6720756E 
 1092      7369676E 
 1092      65642069 
 1093              	.LASF25:
 1094 027c 55534255 		.ascii	"USBUART_DEVICE0_CONFIGURATION0_DESCR\000"
 1094      4152545F 
 1094      44455649 
 1094      4345305F 
 1094      434F4E46 
 1095              	.LASF22:
 1096 02a1 705F6C69 		.ascii	"p_list\000"
 1096      737400
 1097              	.LASF14:
 1098 02a8 73697A65 		.ascii	"sizetype\000"
 1098      74797065 
 1098      00
 1099              	.LASF6:
 1100 02b1 6C6F6E67 		.ascii	"long long int\000"
 1100      206C6F6E 
 1100      6720696E 
 1100      7400
 1101              	.LASF13:
 1102 02bf 63686172 		.ascii	"char\000"
ARM GAS  C:\Users\arh\AppData\Local\Temp\cc1kDSEe.s 			page 22


 1102      00
 1103              	.LASF19:
 1104 02c4 62756666 		.ascii	"bufferSize\000"
 1104      65725369 
 1104      7A6500
 1105              	.LASF30:
 1106 02cf 55534255 		.ascii	"USBUART_TABLE\000"
 1106      4152545F 
 1106      5441424C 
 1106      4500
 1107              	.LASF2:
 1108 02dd 73686F72 		.ascii	"short int\000"
 1108      7420696E 
 1108      7400
 1109              	.LASF9:
 1110 02e7 75696E74 		.ascii	"uint8\000"
 1110      3800
 1111              	.LASF15:
 1112 02ed 696E7465 		.ascii	"interface\000"
 1112      72666163 
 1112      6500
 1113              	.LASF4:
 1114 02f7 6C6F6E67 		.ascii	"long int\000"
 1114      20696E74 
 1114      00
 1115              	.LASF39:
 1116 0300 5C5C766D 		.ascii	"\\\\vmware-host\\Shared Folders\\Documents\\PSoC Cr"
 1116      77617265 
 1116      2D686F73 
 1116      745C5368 
 1116      61726564 
 1117 032e 6561746F 		.ascii	"eator\\TestThingSoc\\USBFS_UART01.cydsn\000"
 1117      725C5465 
 1117      73745468 
 1117      696E6753 
 1117      6F635C55 
 1118              	.LASF0:
 1119 0354 7369676E 		.ascii	"signed char\000"
 1119      65642063 
 1119      68617200 
 1120              	.LASF3:
 1121 0360 73686F72 		.ascii	"short unsigned int\000"
 1121      7420756E 
 1121      7369676E 
 1121      65642069 
 1121      6E7400
 1122              	.LASF29:
 1123 0373 55534255 		.ascii	"USBUART_DEVICE0_TABLE\000"
 1123      4152545F 
 1123      44455649 
 1123      4345305F 
 1123      5441424C 
 1124              	.LASF20:
 1125 0389 624D6973 		.ascii	"bMisc\000"
 1125      6300
 1126              	.LASF36:
 1127 038f 55534255 		.ascii	"USBUART_idSerialNumberStringDescriptor\000"
ARM GAS  C:\Users\arh\AppData\Local\Temp\cc1kDSEe.s 			page 23


 1127      4152545F 
 1127      69645365 
 1127      7269616C 
 1127      4E756D62 
 1128              		.ident	"GCC: (GNU Tools for ARM Embedded Processors) 4.9.3 20150303 (release) [ARM/embedded-4_9-br
